API ACTIVITY LOG
==================================================

[API] 2025-12-28 16:11:38.947942 | GET | HISTORICAL_OPTIONS
      Symbol: AAPL
      Status: 200
      Response size: 180 bytes
      Cache: MISS
      Time: 0.19s

[API] 2025-12-28 16:11:44.725480 | GET | HISTORICAL_OPTIONS
      Symbol: AAPL
      Status: 200
      Response size: 1048374 bytes
      Cache: MISS
      Time: 5.69s

[API] 2025-12-28 16:11:45.609984 | GET | HISTORICAL_OPTIONS
      Symbol: AAPL
      Status: 200
      Response size: 987511 bytes
      Cache: MISS
      Time: 0.76s

[API] 2025-12-28 16:11:46.510644 | GET | HISTORICAL_OPTIONS
      Symbol: AAPL
      Status: 200
      Response size: 989118 bytes
      Cache: MISS
      Time: 0.80s

[API] 2025-12-28 16:11:47.764101 | GET | HISTORICAL_OPTIONS
      Symbol: AAPL
      Status: 200
      Response size: 991908 bytes
      Cache: MISS
      Time: 1.16s

[API] 2025-12-28 16:11:48.803445 | GET | HISTORICAL_OPTIONS
      Symbol: AAPL
      Status: 200
      Response size: 1036466 bytes
      Cache: MISS
      Time: 0.94s

[API] 2025-12-28 16:11:49.661903 | GET | HISTORICAL_OPTIONS
      Symbol: AAPL
      Status: 200
      Response size: 1042828 bytes
      Cache: MISS
      Time: 0.75s

[API] 2025-12-28 16:11:50.573553 | GET | HISTORICAL_OPTIONS
      Symbol: AAPL
      Status: 200
      Response size: 967927 bytes
      Cache: MISS
      Time: 0.81s

[API] 2025-12-28 16:11:51.462411 | GET | HISTORICAL_OPTIONS
      Symbol: AAPL
      Status: 200
      Response size: 968875 bytes
      Cache: MISS
      Time: 0.79s

[API] 2025-12-28 16:11:52.359206 | GET | HISTORICAL_OPTIONS
      Symbol: AAPL
      Status: 200
      Response size: 968875 bytes
      Cache: MISS
      Time: 0.80s

[API] 2025-12-28 16:11:53.212753 | GET | HISTORICAL_OPTIONS
      Symbol: AAPL
      Status: 200
      Response size: 979752 bytes
      Cache: MISS
      Time: 0.75s

[API] 2025-12-28 16:11:54.365579 | GET | HISTORICAL_OPTIONS
      Symbol: AAPL
      Status: 200
      Response size: 990089 bytes
      Cache: MISS
      Time: 1.05s

[API] 2025-12-28 16:11:54.587209 | GET | HISTORICAL_OPTIONS
      Symbol: AAPL
      Status: 200
      Response size: 180 bytes
      Cache: MISS
      Time: 0.19s

[API] 2025-12-28 16:11:55.633997 | GET | HISTORICAL_OPTIONS
      Symbol: AAPL
      Status: 200
      Response size: 783318 bytes
      Cache: MISS
      Time: 0.98s

[API] 2025-12-28 16:11:58.898374 | GET | HISTORICAL_OPTIONS
      Symbol: AAPL
      Status: 200
      Response size: 783366 bytes
      Cache: MISS
      Time: 3.18s

[API] 2025-12-28 16:11:59.644267 | GET | HISTORICAL_OPTIONS
      Symbol: AAPL
      Status: 200
      Response size: 832331 bytes
      Cache: MISS
      Time: 0.66s

[API] 2025-12-28 16:12:00.449033 | GET | HISTORICAL_OPTIONS
      Symbol: AAPL
      Status: 200
      Response size: 832766 bytes
      Cache: MISS
      Time: 0.72s

[API] 2025-12-28 16:12:01.188413 | GET | HISTORICAL_OPTIONS
      Symbol: AAPL
      Status: 200
      Response size: 789774 bytes
      Cache: MISS
      Time: 0.66s

[API] 2025-12-28 16:12:02.496642 | GET | HISTORICAL_OPTIONS
      Symbol: AAPL
      Status: 200
      Response size: 789254 bytes
      Cache: MISS
      Time: 1.23s

[API] 2025-12-28 16:12:03.335760 | GET | HISTORICAL_OPTIONS
      Symbol: AAPL
      Status: 200
      Response size: 790030 bytes
      Cache: MISS
      Time: 0.76s

[API] 2025-12-28 16:12:04.182537 | GET | HISTORICAL_OPTIONS
      Symbol: AAPL
      Status: 200
      Response size: 850530 bytes
      Cache: MISS
      Time: 0.76s

[API] 2025-12-28 16:12:05.269311 | GET | HISTORICAL_OPTIONS
      Symbol: AAPL
      Status: 200
      Response size: 850165 bytes
      Cache: MISS
      Time: 1.00s

[API] 2025-12-28 16:12:06.139726 | GET | HISTORICAL_OPTIONS
      Symbol: AAPL
      Status: 200
      Response size: 799176 bytes
      Cache: MISS
      Time: 0.78s

[API] 2025-12-28 16:12:08.020535 | GET | HISTORICAL_OPTIONS
      Symbol: AAPL
      Status: 200
      Response size: 800188 bytes
      Cache: MISS
      Time: 1.80s

[API] 2025-12-28 16:12:08.852188 | GET | HISTORICAL_OPTIONS
      Symbol: AAPL
      Status: 200
      Response size: 801498 bytes
      Cache: MISS
      Time: 0.75s

[API] 2025-12-28 16:12:09.688911 | GET | HISTORICAL_OPTIONS
      Symbol: AAPL
      Status: 200
      Response size: 917062 bytes
      Cache: MISS
      Time: 0.74s

[API] 2025-12-28 16:12:10.623429 | GET | HISTORICAL_OPTIONS
      Symbol: AAPL
      Status: 200
      Response size: 917266 bytes
      Cache: MISS
      Time: 0.84s

[API] 2025-12-28 16:12:11.379307 | GET | HISTORICAL_OPTIONS
      Symbol: AAPL
      Status: 200
      Response size: 842076 bytes
      Cache: MISS
      Time: 0.67s

[API] 2025-12-28 16:12:12.232531 | GET | HISTORICAL_OPTIONS
      Symbol: AAPL
      Status: 200
      Response size: 847432 bytes
      Cache: MISS
      Time: 0.76s

[API] 2025-12-28 16:12:13.051454 | GET | HISTORICAL_OPTIONS
      Symbol: AAPL
      Status: 200
      Response size: 847539 bytes
      Cache: MISS
      Time: 0.73s

[API] 2025-12-28 16:12:13.844201 | GET | HISTORICAL_OPTIONS
      Symbol: AAPL
      Status: 200
      Response size: 900423 bytes
      Cache: MISS
      Time: 0.70s

[API] 2025-12-28 16:12:14.693123 | GET | HISTORICAL_OPTIONS
      Symbol: AAPL
      Status: 200
      Response size: 900139 bytes
      Cache: MISS
      Time: 0.75s

[API] 2025-12-28 16:12:14.899192 | GET | HISTORICAL_OPTIONS
      Symbol: AAPL
      Status: 200
      Response size: 180 bytes
      Cache: MISS
      Time: 0.18s

[API] 2025-12-28 16:12:15.472163 | GET | HISTORICAL_OPTIONS
      Symbol: AAPL
      Status: 200
      Response size: 828709 bytes
      Cache: MISS
      Time: 0.51s

[API] 2025-12-28 16:12:16.666516 | GET | HISTORICAL_OPTIONS
      Symbol: AAPL
      Status: 200
      Response size: 856416 bytes
      Cache: MISS
      Time: 1.11s

[API] 2025-12-28 16:12:17.520725 | GET | HISTORICAL_OPTIONS
      Symbol: AAPL
      Status: 200
      Response size: 865026 bytes
      Cache: MISS
      Time: 0.76s

[API] 2025-12-28 16:12:18.333499 | GET | HISTORICAL_OPTIONS
      Symbol: AAPL
      Status: 200
      Response size: 864871 bytes
      Cache: MISS
      Time: 0.72s

[API] 2025-12-28 16:12:19.158329 | GET | HISTORICAL_OPTIONS
      Symbol: AAPL
      Status: 200
      Response size: 853232 bytes
      Cache: MISS
      Time: 0.74s

[API] 2025-12-28 16:12:19.994936 | GET | HISTORICAL_OPTIONS
      Symbol: AAPL
      Status: 200
      Response size: 859973 bytes
      Cache: MISS
      Time: 0.75s

[API] 2025-12-28 16:12:20.467343 | GET | HISTORICAL_OPTIONS
      Symbol: AAPL
      Status: 200
      Response size: 881312 bytes
      Cache: MISS
      Time: 0.38s

[API] 2025-12-28 16:12:21.309747 | GET | HISTORICAL_OPTIONS
      Symbol: AAPL
      Status: 200
      Response size: 933897 bytes
      Cache: MISS
      Time: 0.75s

[API] 2025-12-28 16:12:22.202080 | GET | HISTORICAL_OPTIONS
      Symbol: AAPL
      Status: 200
      Response size: 945885 bytes
      Cache: MISS
      Time: 0.80s

[API] 2025-12-28 16:12:23.038808 | GET | HISTORICAL_OPTIONS
      Symbol: AAPL
      Status: 200
      Response size: 854540 bytes
      Cache: MISS
      Time: 0.74s

[API] 2025-12-28 16:12:25.290998 | GET | HISTORICAL_OPTIONS
      Symbol: AAPL
      Status: 200
      Response size: 854532 bytes
      Cache: MISS
      Time: 2.16s

