API ACTIVITY LOG
==================================================

[API] 2025-12-28 16:07:39.298441 | GET | HISTORICAL_OPTIONS
      Symbol: A
      Status: 200
      Response size: 138 bytes
      Cache: MISS
      Time: 0.23s

[API] 2025-12-28 16:07:39.486017 | GET | HISTORICAL_OPTIONS
      Symbol: A
      Status: 200
      Response size: 138 bytes
      Cache: MISS
      Time: 0.18s

[API] 2025-12-28 16:07:39.657803 | GET | HISTORICAL_OPTIONS
      Symbol: A
      Status: 200
      Response size: 138 bytes
      Cache: MISS
      Time: 0.17s

[API] 2025-12-28 16:07:39.820444 | GET | HISTORICAL_OPTIONS
      Symbol: A
      Status: 200
      Response size: 138 bytes
      Cache: MISS
      Time: 0.16s

[API] 2025-12-28 16:07:39.994987 | GET | HISTORICAL_OPTIONS
      Symbol: A
      Status: 200
      Response size: 138 bytes
      Cache: MISS
      Time: 0.17s

[API] 2025-12-28 16:07:40.145677 | GET | HISTORICAL_OPTIONS
      Symbol: A
      Status: 200
      Response size: 268 bytes
      Cache: MISS
      Time: 0.14s

[API] 2025-12-28 16:07:40.301404 | GET | HISTORICAL_OPTIONS
      Symbol: A
      Status: 200
      Response size: 138 bytes
      Cache: MISS
      Time: 0.15s

[API] 2025-12-28 16:07:40.482070 | GET | HISTORICAL_OPTIONS
      Symbol: A
      Status: 200
      Response size: 138 bytes
      Cache: MISS
      Time: 0.18s

[API] 2025-12-28 16:07:40.665144 | GET | HISTORICAL_OPTIONS
      Symbol: A
      Status: 200
      Response size: 138 bytes
      Cache: MISS
      Time: 0.18s

[API] 2025-12-28 16:07:40.817444 | GET | HISTORICAL_OPTIONS
      Symbol: A
      Status: 200
      Response size: 138 bytes
      Cache: MISS
      Time: 0.15s

[API] 2025-12-28 16:07:40.994328 | GET | HISTORICAL_OPTIONS
      Symbol: A
      Status: 200
      Response size: 138 bytes
      Cache: MISS
      Time: 0.17s

[API] 2025-12-28 16:07:41.136170 | GET | HISTORICAL_OPTIONS
      Symbol: A
      Status: 200
      Response size: 268 bytes
      Cache: MISS
      Time: 0.14s

[API] 2025-12-28 16:07:41.286680 | GET | HISTORICAL_OPTIONS
      Symbol: A
      Status: 200
      Response size: 268 bytes
      Cache: MISS
      Time: 0.14s

[API] 2025-12-28 16:07:41.451076 | GET | HISTORICAL_OPTIONS
      Symbol: A
      Status: 200
      Response size: 138 bytes
      Cache: MISS
      Time: 0.16s

[API] 2025-12-28 16:07:41.613272 | GET | HISTORICAL_OPTIONS
      Symbol: A
      Status: 200
      Response size: 138 bytes
      Cache: MISS
      Time: 0.16s

[API] 2025-12-28 16:07:41.779992 | GET | HISTORICAL_OPTIONS
      Symbol: A
      Status: 200
      Response size: 138 bytes
      Cache: MISS
      Time: 0.16s

[API] 2025-12-28 16:07:41.941954 | GET | HISTORICAL_OPTIONS
      Symbol: A
      Status: 200
      Response size: 138 bytes
      Cache: MISS
      Time: 0.16s

[API] 2025-12-28 16:07:42.114067 | GET | HISTORICAL_OPTIONS
      Symbol: A
      Status: 200
      Response size: 138 bytes
      Cache: MISS
      Time: 0.17s

[API] 2025-12-28 16:07:42.266337 | GET | HISTORICAL_OPTIONS
      Symbol: A
      Status: 200
      Response size: 268 bytes
      Cache: MISS
      Time: 0.15s

[API] 2025-12-28 16:07:42.437173 | GET | HISTORICAL_OPTIONS
      Symbol: A
      Status: 200
      Response size: 268 bytes
      Cache: MISS
      Time: 0.17s

[API] 2025-12-28 16:07:42.619623 | GET | HISTORICAL_OPTIONS
      Symbol: A
      Status: 200
      Response size: 138 bytes
      Cache: MISS
      Time: 0.18s

[API] 2025-12-28 16:07:42.799852 | GET | HISTORICAL_OPTIONS
      Symbol: A
      Status: 200
      Response size: 138 bytes
      Cache: MISS
      Time: 0.17s

[API] 2025-12-28 16:07:43.049240 | GET | HISTORICAL_OPTIONS
      Symbol: A
      Status: 200
      Response size: 138 bytes
      Cache: MISS
      Time: 0.24s

[API] 2025-12-28 16:07:43.232350 | GET | HISTORICAL_OPTIONS
      Symbol: A
      Status: 200
      Response size: 138 bytes
      Cache: MISS
      Time: 0.18s

[API] 2025-12-28 16:07:44.958542 | GET | HISTORICAL_OPTIONS
      Symbol: A
      Status: 200
      Response size: 138 bytes
      Cache: MISS
      Time: 1.72s

[API] 2025-12-28 16:07:45.124360 | GET | HISTORICAL_OPTIONS
      Symbol: A
      Status: 200
      Response size: 138 bytes
      Cache: MISS
      Time: 0.16s

[API] 2025-12-28 16:07:45.550215 | GET | HISTORICAL_OPTIONS
      Symbol: A
      Status: 200
      Response size: 138 bytes
      Cache: MISS
      Time: 0.42s

[API] 2025-12-28 16:07:45.725292 | GET | HISTORICAL_OPTIONS
      Symbol: A
      Status: 200
      Response size: 138 bytes
      Cache: MISS
      Time: 0.17s

[API] 2025-12-28 16:07:45.890184 | GET | HISTORICAL_OPTIONS
      Symbol: A
      Status: 200
      Response size: 138 bytes
      Cache: MISS
      Time: 0.16s

[API] 2025-12-28 16:07:46.041297 | GET | HISTORICAL_OPTIONS
      Symbol: A
      Status: 200
      Response size: 138 bytes
      Cache: MISS
      Time: 0.15s

[API] 2025-12-28 16:07:46.210169 | GET | HISTORICAL_OPTIONS
      Symbol: A
      Status: 200
      Response size: 138 bytes
      Cache: MISS
      Time: 0.16s

[API] 2025-12-28 16:07:46.358568 | GET | HISTORICAL_OPTIONS
      Symbol: A
      Status: 200
      Response size: 138 bytes
      Cache: MISS
      Time: 0.14s

[API] 2025-12-28 16:07:46.837109 | GET | HISTORICAL_OPTIONS
      Symbol: A
      Status: 200
      Response size: 138 bytes
      Cache: MISS
      Time: 0.47s

[API] 2025-12-28 16:07:47.041843 | GET | HISTORICAL_OPTIONS
      Symbol: A
      Status: 200
      Response size: 138 bytes
      Cache: MISS
      Time: 0.20s

[API] 2025-12-28 16:07:47.198907 | GET | HISTORICAL_OPTIONS
      Symbol: A
      Status: 200
      Response size: 138 bytes
      Cache: MISS
      Time: 0.15s

[API] 2025-12-28 16:07:47.354718 | GET | HISTORICAL_OPTIONS
      Symbol: A
      Status: 200
      Response size: 138 bytes
      Cache: MISS
      Time: 0.15s

[API] 2025-12-28 16:07:47.555290 | GET | HISTORICAL_OPTIONS
      Symbol: A
      Status: 200
      Response size: 138 bytes
      Cache: MISS
      Time: 0.19s

[API] 2025-12-28 16:07:47.727515 | GET | HISTORICAL_OPTIONS
      Symbol: A
      Status: 200
      Response size: 138 bytes
      Cache: MISS
      Time: 0.17s

[API] 2025-12-28 16:07:47.880126 | GET | HISTORICAL_OPTIONS
      Symbol: A
      Status: 200
      Response size: 138 bytes
      Cache: MISS
      Time: 0.15s

[API] 2025-12-28 16:07:48.043277 | GET | HISTORICAL_OPTIONS
      Symbol: A
      Status: 200
      Response size: 138 bytes
      Cache: MISS
      Time: 0.16s

[API] 2025-12-28 16:07:48.525435 | GET | HISTORICAL_OPTIONS
      Symbol: A
      Status: 200
      Response size: 138 bytes
      Cache: MISS
      Time: 0.48s

[API] 2025-12-28 16:07:48.674867 | GET | HISTORICAL_OPTIONS
      Symbol: A
      Status: 200
      Response size: 138 bytes
      Cache: MISS
      Time: 0.14s

[API] 2025-12-28 16:07:48.835378 | GET | HISTORICAL_OPTIONS
      Symbol: A
      Status: 200
      Response size: 138 bytes
      Cache: MISS
      Time: 0.15s

[API] 2025-12-28 16:07:49.790760 | GET | HISTORICAL_OPTIONS
      Symbol: A
      Status: 200
      Response size: 138 bytes
      Cache: MISS
      Time: 0.95s

[API] 2025-12-28 16:07:49.999288 | GET | HISTORICAL_OPTIONS
      Symbol: A
      Status: 200
      Response size: 138 bytes
      Cache: MISS
      Time: 0.20s

[API] 2025-12-28 16:07:50.186905 | GET | HISTORICAL_OPTIONS
      Symbol: A
      Status: 200
      Response size: 138 bytes
      Cache: MISS
      Time: 0.18s

[API] 2025-12-28 16:07:50.676673 | GET | HISTORICAL_OPTIONS
      Symbol: A
      Status: 200
      Response size: 138 bytes
      Cache: MISS
      Time: 0.48s

[API] 2025-12-28 16:07:51.111890 | GET | HISTORICAL_OPTIONS
      Symbol: A
      Status: 200
      Response size: 138 bytes
      Cache: MISS
      Time: 0.43s

[API] 2025-12-28 16:07:51.267704 | GET | HISTORICAL_OPTIONS
      Symbol: A
      Status: 200
      Response size: 138 bytes
      Cache: MISS
      Time: 0.15s

[API] 2025-12-28 16:07:51.425559 | GET | HISTORICAL_OPTIONS
      Symbol: A
      Status: 200
      Response size: 138 bytes
      Cache: MISS
      Time: 0.15s

[API] 2025-12-28 16:07:51.586813 | GET | HISTORICAL_OPTIONS
      Symbol: A
      Status: 200
      Response size: 138 bytes
      Cache: MISS
      Time: 0.15s

[API] 2025-12-28 16:07:51.736227 | GET | HISTORICAL_OPTIONS
      Symbol: A
      Status: 200
      Response size: 138 bytes
      Cache: MISS
      Time: 0.14s

[API] 2025-12-28 16:07:51.885125 | GET | HISTORICAL_OPTIONS
      Symbol: A
      Status: 200
      Response size: 268 bytes
      Cache: MISS
      Time: 0.14s

[API] 2025-12-28 16:07:52.035379 | GET | HISTORICAL_OPTIONS
      Symbol: A
      Status: 200
      Response size: 268 bytes
      Cache: MISS
      Time: 0.14s

[API] 2025-12-28 16:07:52.508455 | GET | HISTORICAL_OPTIONS
      Symbol: A
      Status: 200
      Response size: 138 bytes
      Cache: MISS
      Time: 0.47s

[API] 2025-12-28 16:07:52.669843 | GET | HISTORICAL_OPTIONS
      Symbol: A
      Status: 200
      Response size: 138 bytes
      Cache: MISS
      Time: 0.16s

[API] 2025-12-28 16:07:52.813945 | GET | HISTORICAL_OPTIONS
      Symbol: A
      Status: 200
      Response size: 138 bytes
      Cache: MISS
      Time: 0.14s

[API] 2025-12-28 16:07:52.982745 | GET | HISTORICAL_OPTIONS
      Symbol: A
      Status: 200
      Response size: 138 bytes
      Cache: MISS
      Time: 0.16s

[API] 2025-12-28 16:07:53.158320 | GET | HISTORICAL_OPTIONS
      Symbol: A
      Status: 200
      Response size: 138 bytes
      Cache: MISS
      Time: 0.17s

[API] 2025-12-28 16:07:53.300564 | GET | HISTORICAL_OPTIONS
      Symbol: A
      Status: 200
      Response size: 268 bytes
      Cache: MISS
      Time: 0.14s

[API] 2025-12-28 16:07:53.745856 | GET | HISTORICAL_OPTIONS
      Symbol: A
      Status: 200
      Response size: 138 bytes
      Cache: MISS
      Time: 0.44s

[API] 2025-12-28 16:07:53.932412 | GET | HISTORICAL_OPTIONS
      Symbol: A
      Status: 200
      Response size: 138 bytes
      Cache: MISS
      Time: 0.18s

[API] 2025-12-28 16:07:54.102682 | GET | HISTORICAL_OPTIONS
      Symbol: A
      Status: 200
      Response size: 138 bytes
      Cache: MISS
      Time: 0.16s

[API] 2025-12-28 16:07:54.688973 | GET | HISTORICAL_OPTIONS
      Symbol: A
      Status: 200
      Response size: 138 bytes
      Cache: MISS
      Time: 0.58s

[API] 2025-12-28 16:07:54.846991 | GET | HISTORICAL_OPTIONS
      Symbol: A
      Status: 200
      Response size: 138 bytes
      Cache: MISS
      Time: 0.15s

[API] 2025-12-28 16:07:55.005298 | GET | HISTORICAL_OPTIONS
      Symbol: A
      Status: 200
      Response size: 138 bytes
      Cache: MISS
      Time: 0.15s

[API] 2025-12-28 16:07:55.546594 | GET | HISTORICAL_OPTIONS
      Symbol: A
      Status: 200
      Response size: 138 bytes
      Cache: MISS
      Time: 0.53s

[API] 2025-12-28 16:07:55.704481 | GET | HISTORICAL_OPTIONS
      Symbol: A
      Status: 200
      Response size: 138 bytes
      Cache: MISS
      Time: 0.15s

[API] 2025-12-28 16:07:55.857083 | GET | HISTORICAL_OPTIONS
      Symbol: A
      Status: 200
      Response size: 138 bytes
      Cache: MISS
      Time: 0.15s

[API] 2025-12-28 16:07:56.016606 | GET | HISTORICAL_OPTIONS
      Symbol: A
      Status: 200
      Response size: 138 bytes
      Cache: MISS
      Time: 0.15s

[API] 2025-12-28 16:07:56.173336 | GET | HISTORICAL_OPTIONS
      Symbol: A
      Status: 200
      Response size: 138 bytes
      Cache: MISS
      Time: 0.15s

[API] 2025-12-28 16:07:56.320809 | GET | HISTORICAL_OPTIONS
      Symbol: A
      Status: 200
      Response size: 138 bytes
      Cache: MISS
      Time: 0.14s

[API] 2025-12-28 16:07:56.745879 | GET | HISTORICAL_OPTIONS
      Symbol: A
      Status: 200
      Response size: 138 bytes
      Cache: MISS
      Time: 0.42s

[API] 2025-12-28 16:07:56.913813 | GET | HISTORICAL_OPTIONS
      Symbol: A
      Status: 200
      Response size: 138 bytes
      Cache: MISS
      Time: 0.16s

[API] 2025-12-28 16:07:57.080661 | GET | HISTORICAL_OPTIONS
      Symbol: A
      Status: 200
      Response size: 138 bytes
      Cache: MISS
      Time: 0.16s

[API] 2025-12-28 16:08:39.341030 | GET | HISTORICAL_OPTIONS
      Symbol: A
      Status: 200
      Response size: 138 bytes
      Cache: MISS
      Time: 42.25s

[API] 2025-12-28 16:08:39.587426 | GET | HISTORICAL_OPTIONS
      Symbol: A
      Status: 200
      Response size: 138 bytes
      Cache: MISS
      Time: 0.24s

[API] 2025-12-28 16:08:39.746281 | GET | HISTORICAL_OPTIONS
      Symbol: A
      Status: 200
      Response size: 138 bytes
      Cache: MISS
      Time: 0.15s

[API] 2025-12-28 16:08:39.901601 | GET | HISTORICAL_OPTIONS
      Symbol: A
      Status: 200
      Response size: 138 bytes
      Cache: MISS
      Time: 0.15s

[API] 2025-12-28 16:08:40.704484 | GET | HISTORICAL_OPTIONS
      Symbol: A
      Status: 200
      Response size: 138 bytes
      Cache: MISS
      Time: 0.80s

[API] 2025-12-28 16:08:40.861176 | GET | HISTORICAL_OPTIONS
      Symbol: A
      Status: 200
      Response size: 138 bytes
      Cache: MISS
      Time: 0.15s

[API] 2025-12-28 16:08:41.033178 | GET | HISTORICAL_OPTIONS
      Symbol: A
      Status: 200
      Response size: 138 bytes
      Cache: MISS
      Time: 0.17s

[API] 2025-12-28 16:08:41.621359 | GET | HISTORICAL_OPTIONS
      Symbol: A
      Status: 200
      Response size: 138 bytes
      Cache: MISS
      Time: 0.58s

[API] 2025-12-28 16:08:41.781673 | GET | HISTORICAL_OPTIONS
      Symbol: A
      Status: 200
      Response size: 138 bytes
      Cache: MISS
      Time: 0.15s

[API] 2025-12-28 16:08:41.948058 | GET | HISTORICAL_OPTIONS
      Symbol: A
      Status: 200
      Response size: 138 bytes
      Cache: MISS
      Time: 0.16s

[API] 2025-12-28 16:08:42.088806 | GET | HISTORICAL_OPTIONS
      Symbol: A
      Status: 200
      Response size: 138 bytes
      Cache: MISS
      Time: 0.13s

[API] 2025-12-28 16:08:42.512107 | GET | HISTORICAL_OPTIONS
      Symbol: A
      Status: 200
      Response size: 138 bytes
      Cache: MISS
      Time: 0.42s

[API] 2025-12-28 16:08:42.680598 | GET | HISTORICAL_OPTIONS
      Symbol: A
      Status: 200
      Response size: 138 bytes
      Cache: MISS
      Time: 0.16s

[API] 2025-12-28 16:08:43.249679 | GET | HISTORICAL_OPTIONS
      Symbol: A
      Status: 200
      Response size: 138 bytes
      Cache: MISS
      Time: 0.56s

[API] 2025-12-28 16:08:43.413820 | GET | HISTORICAL_OPTIONS
      Symbol: A
      Status: 200
      Response size: 138 bytes
      Cache: MISS
      Time: 0.16s

[API] 2025-12-28 16:08:43.643434 | GET | HISTORICAL_OPTIONS
      Symbol: A
      Status: 200
      Response size: 138 bytes
      Cache: MISS
      Time: 0.22s

[API] 2025-12-28 16:08:43.797172 | GET | HISTORICAL_OPTIONS
      Symbol: A
      Status: 200
      Response size: 138 bytes
      Cache: MISS
      Time: 0.15s

[API] 2025-12-28 16:08:43.969542 | GET | HISTORICAL_OPTIONS
      Symbol: A
      Status: 200
      Response size: 138 bytes
      Cache: MISS
      Time: 0.17s

[API] 2025-12-28 16:08:44.123700 | GET | HISTORICAL_OPTIONS
      Symbol: A
      Status: 200
      Response size: 138 bytes
      Cache: MISS
      Time: 0.15s

[API] 2025-12-28 16:08:44.274492 | GET | HISTORICAL_OPTIONS
      Symbol: A
      Status: 200
      Response size: 138 bytes
      Cache: MISS
      Time: 0.14s

[API] 2025-12-28 16:08:44.497231 | GET | HISTORICAL_OPTIONS
      Symbol: A
      Status: 200
      Response size: 138 bytes
      Cache: MISS
      Time: 0.22s

[API] 2025-12-28 16:08:44.648261 | GET | HISTORICAL_OPTIONS
      Symbol: A
      Status: 200
      Response size: 138 bytes
      Cache: MISS
      Time: 0.15s

[API] 2025-12-28 16:08:44.822588 | GET | HISTORICAL_OPTIONS
      Symbol: A
      Status: 200
      Response size: 138 bytes
      Cache: MISS
      Time: 0.17s

[API] 2025-12-28 16:08:44.968950 | GET | HISTORICAL_OPTIONS
      Symbol: A
      Status: 200
      Response size: 268 bytes
      Cache: MISS
      Time: 0.14s

[API] 2025-12-28 16:08:45.200685 | GET | HISTORICAL_OPTIONS
      Symbol: A
      Status: 200
      Response size: 138 bytes
      Cache: MISS
      Time: 0.23s

[API] 2025-12-28 16:08:45.354876 | GET | HISTORICAL_OPTIONS
      Symbol: A
      Status: 200
      Response size: 138 bytes
      Cache: MISS
      Time: 0.15s

[API] 2025-12-28 16:08:45.529985 | GET | HISTORICAL_OPTIONS
      Symbol: A
      Status: 200
      Response size: 138 bytes
      Cache: MISS
      Time: 0.17s

[API] 2025-12-28 16:08:45.808867 | GET | HISTORICAL_OPTIONS
      Symbol: A
      Status: 200
      Response size: 138 bytes
      Cache: MISS
      Time: 0.27s

[API] 2025-12-28 16:08:45.979523 | GET | HISTORICAL_OPTIONS
      Symbol: A
      Status: 200
      Response size: 138 bytes
      Cache: MISS
      Time: 0.16s

[API] 2025-12-28 16:08:46.219986 | GET | HISTORICAL_OPTIONS
      Symbol: A
      Status: 200
      Response size: 138 bytes
      Cache: MISS
      Time: 0.23s

[API] 2025-12-28 16:08:48.040678 | GET | HISTORICAL_OPTIONS
      Symbol: A
      Status: 200
      Response size: 138 bytes
      Cache: MISS
      Time: 1.81s

[API] 2025-12-28 16:08:48.570323 | GET | HISTORICAL_OPTIONS
      Symbol: A
      Status: 200
      Response size: 138 bytes
      Cache: MISS
      Time: 0.52s

[API] 2025-12-28 16:08:48.719102 | GET | HISTORICAL_OPTIONS
      Symbol: A
      Status: 200
      Response size: 138 bytes
      Cache: MISS
      Time: 0.14s

[API] 2025-12-28 16:08:48.893904 | GET | HISTORICAL_OPTIONS
      Symbol: A
      Status: 200
      Response size: 138 bytes
      Cache: MISS
      Time: 0.17s

[API] 2025-12-28 16:08:49.057552 | GET | HISTORICAL_OPTIONS
      Symbol: A
      Status: 200
      Response size: 138 bytes
      Cache: MISS
      Time: 0.16s

[API] 2025-12-28 16:08:49.199005 | GET | HISTORICAL_OPTIONS
      Symbol: A
      Status: 200
      Response size: 138 bytes
      Cache: MISS
      Time: 0.14s

[API] 2025-12-28 16:08:49.382931 | GET | HISTORICAL_OPTIONS
      Symbol: A
      Status: 200
      Response size: 138 bytes
      Cache: MISS
      Time: 0.18s

[API] 2025-12-28 16:08:49.963819 | GET | HISTORICAL_OPTIONS
      Symbol: A
      Status: 200
      Response size: 138 bytes
      Cache: MISS
      Time: 0.57s

[API] 2025-12-28 16:08:50.200623 | GET | HISTORICAL_OPTIONS
      Symbol: A
      Status: 200
      Response size: 138 bytes
      Cache: MISS
      Time: 0.23s

[API] 2025-12-28 16:08:50.370380 | GET | HISTORICAL_OPTIONS
      Symbol: A
      Status: 200
      Response size: 138 bytes
      Cache: MISS
      Time: 0.16s

[API] 2025-12-28 16:08:50.522251 | GET | HISTORICAL_OPTIONS
      Symbol: A
      Status: 200
      Response size: 138 bytes
      Cache: MISS
      Time: 0.14s

[API] 2025-12-28 16:08:50.703820 | GET | HISTORICAL_OPTIONS
      Symbol: A
      Status: 200
      Response size: 138 bytes
      Cache: MISS
      Time: 0.18s

[API] 2025-12-28 16:08:50.868058 | GET | HISTORICAL_OPTIONS
      Symbol: A
      Status: 200
      Response size: 138 bytes
      Cache: MISS
      Time: 0.16s

[API] 2025-12-28 16:08:51.016887 | GET | HISTORICAL_OPTIONS
      Symbol: A
      Status: 200
      Response size: 268 bytes
      Cache: MISS
      Time: 0.14s

[API] 2025-12-28 16:08:51.169457 | GET | HISTORICAL_OPTIONS
      Symbol: A
      Status: 200
      Response size: 268 bytes
      Cache: MISS
      Time: 0.15s

[API] 2025-12-28 16:08:51.323994 | GET | HISTORICAL_OPTIONS
      Symbol: A
      Status: 200
      Response size: 138 bytes
      Cache: MISS
      Time: 0.15s

[API] 2025-12-28 16:08:51.728351 | GET | HISTORICAL_OPTIONS
      Symbol: A
      Status: 200
      Response size: 138 bytes
      Cache: MISS
      Time: 0.40s

[API] 2025-12-28 16:08:51.884268 | GET | HISTORICAL_OPTIONS
      Symbol: A
      Status: 200
      Response size: 138 bytes
      Cache: MISS
      Time: 0.15s

[API] 2025-12-28 16:08:52.049029 | GET | HISTORICAL_OPTIONS
      Symbol: A
      Status: 200
      Response size: 138 bytes
      Cache: MISS
      Time: 0.16s

[API] 2025-12-28 16:08:52.215410 | GET | HISTORICAL_OPTIONS
      Symbol: A
      Status: 200
      Response size: 138 bytes
      Cache: MISS
      Time: 0.16s

[API] 2025-12-28 16:08:52.385470 | GET | HISTORICAL_OPTIONS
      Symbol: A
      Status: 200
      Response size: 138 bytes
      Cache: MISS
      Time: 0.16s

[API] 2025-12-28 16:08:52.534747 | GET | HISTORICAL_OPTIONS
      Symbol: A
      Status: 200
      Response size: 138 bytes
      Cache: MISS
      Time: 0.14s

[API] 2025-12-28 16:08:53.508165 | GET | HISTORICAL_OPTIONS
      Symbol: A
      Status: 200
      Response size: 138 bytes
      Cache: MISS
      Time: 0.97s

[API] 2025-12-28 16:08:53.668715 | GET | HISTORICAL_OPTIONS
      Symbol: A
      Status: 200
      Response size: 138 bytes
      Cache: MISS
      Time: 0.15s

[API] 2025-12-28 16:08:53.822724 | GET | HISTORICAL_OPTIONS
      Symbol: A
      Status: 200
      Response size: 138 bytes
      Cache: MISS
      Time: 0.15s

[API] 2025-12-28 16:08:53.969180 | GET | HISTORICAL_OPTIONS
      Symbol: A
      Status: 200
      Response size: 138 bytes
      Cache: MISS
      Time: 0.14s

[API] 2025-12-28 16:08:54.131504 | GET | HISTORICAL_OPTIONS
      Symbol: A
      Status: 200
      Response size: 138 bytes
      Cache: MISS
      Time: 0.16s

[API] 2025-12-28 16:08:59.997400 | GET | HISTORICAL_OPTIONS
      Symbol: A
      Status: 200
      Response size: 138 bytes
      Cache: MISS
      Time: 5.86s

[API] 2025-12-28 16:09:00.149616 | GET | HISTORICAL_OPTIONS
      Symbol: A
      Status: 200
      Response size: 138 bytes
      Cache: MISS
      Time: 0.15s

[API] 2025-12-28 16:09:00.324547 | GET | HISTORICAL_OPTIONS
      Symbol: A
      Status: 200
      Response size: 138 bytes
      Cache: MISS
      Time: 0.17s

[API] 2025-12-28 16:09:00.499591 | GET | HISTORICAL_OPTIONS
      Symbol: A
      Status: 200
      Response size: 138 bytes
      Cache: MISS
      Time: 0.17s

[API] 2025-12-28 16:09:00.653570 | GET | HISTORICAL_OPTIONS
      Symbol: A
      Status: 200
      Response size: 138 bytes
      Cache: MISS
      Time: 0.15s

[API] 2025-12-28 16:09:00.812906 | GET | HISTORICAL_OPTIONS
      Symbol: A
      Status: 200
      Response size: 268 bytes
      Cache: MISS
      Time: 0.15s

[API] 2025-12-28 16:09:01.256876 | GET | HISTORICAL_OPTIONS
      Symbol: A
      Status: 200
      Response size: 138 bytes
      Cache: MISS
      Time: 0.44s

[API] 2025-12-28 16:09:01.795317 | GET | HISTORICAL_OPTIONS
      Symbol: A
      Status: 200
      Response size: 138 bytes
      Cache: MISS
      Time: 0.53s

[API] 2025-12-28 16:09:02.128246 | GET | HISTORICAL_OPTIONS
      Symbol: A
      Status: 200
      Response size: 138 bytes
      Cache: MISS
      Time: 0.33s

[API] 2025-12-28 16:09:02.287565 | GET | HISTORICAL_OPTIONS
      Symbol: A
      Status: 200
      Response size: 138 bytes
      Cache: MISS
      Time: 0.15s

[API] 2025-12-28 16:09:02.429184 | GET | HISTORICAL_OPTIONS
      Symbol: A
      Status: 200
      Response size: 138 bytes
      Cache: MISS
      Time: 0.13s

[API] 2025-12-28 16:09:02.618128 | GET | HISTORICAL_OPTIONS
      Symbol: A
      Status: 200
      Response size: 138 bytes
      Cache: MISS
      Time: 0.18s

[API] 2025-12-28 16:09:02.785974 | GET | HISTORICAL_OPTIONS
      Symbol: A
      Status: 200
      Response size: 138 bytes
      Cache: MISS
      Time: 0.16s

[API] 2025-12-28 16:09:02.937642 | GET | HISTORICAL_OPTIONS
      Symbol: A
      Status: 200
      Response size: 138 bytes
      Cache: MISS
      Time: 0.15s

[API] 2025-12-28 16:09:03.118125 | GET | HISTORICAL_OPTIONS
      Symbol: A
      Status: 200
      Response size: 268 bytes
      Cache: MISS
      Time: 0.17s

[API] 2025-12-28 16:09:03.263090 | GET | HISTORICAL_OPTIONS
      Symbol: A
      Status: 200
      Response size: 268 bytes
      Cache: MISS
      Time: 0.14s

[API] 2025-12-28 16:09:03.443550 | GET | HISTORICAL_OPTIONS
      Symbol: A
      Status: 200
      Response size: 138 bytes
      Cache: MISS
      Time: 0.17s

[API] 2025-12-28 16:09:03.616215 | GET | HISTORICAL_OPTIONS
      Symbol: A
      Status: 200
      Response size: 138 bytes
      Cache: MISS
      Time: 0.17s

