API ACTIVITY LOG
==================================================

[API] 2025-12-27 13:05:03.349916 | GET | OVERVIEW
      Symbol: AMZN
      Status: 200
      Response size: 2409 bytes
      Cache: MISS
      Time: 0.18s

[API] 2025-12-27 13:05:03.582038 | GET | EARNINGS
      Symbol: AMZN
      Status: 200
      Response size: 36396 bytes
      Cache: MISS
      Time: 0.22s

[API] 2025-12-27 13:05:03.996805 | GET | INCOME_STATEMENT
      Symbol: AMZN
      Status: 200
      Response size: 121643 bytes
      Cache: MISS
      Time: 0.40s

[API] 2025-12-27 13:05:04.409948 | GET | BALANCE_SHEET
      Symbol: AMZN
      Status: 200
      Response size: 186861 bytes
      Cache: MISS
      Time: 0.39s

[API] 2025-12-27 13:05:05.627039 | GET | CASH_FLOW
      Symbol: AMZN
      Status: 200
      Response size: 154270 bytes
      Cache: MISS
      Time: 1.20s

