[2025-12-27 19:46:08.162569] SESSION STARTED
  Session ID: 20251227_194608_a57c

[2025-12-27 19:46:08.198011] Data Type: Weekly
[2025-12-27 19:46:08.200150] CONFIGURATION:
[2025-12-27 19:46:08.202592]   tickers: ['A', 'AAL', 'AAPL', 'ABBV', 'ABNB', 'ABT', 'ABTC', 'ACN', 'ACU', 'ACWI', 'ADBE', 'ADI', 'ADM', 'ADP', 'ADSK', 'AEE', 'AEP', 'AES', 'AFL', 'AGH', 'AHT', 'AI', 'AIG', 'AIRE', 'AIT', 'AL', 'ALAB', 'ALL', 'ALNY', 'ALOT', 'ALTG', 'AMAT', 'AMD', 'AME', 'AMG', 'AMGN', 'AMKR', 'AMP', 'AMPG', 'AMT', 'AMZN', 'ANET', 'ANL', 'AOA', 'AOM', 'AON', 'AOR', 'APD', 'APH', 'APO', 'APP', 'ARES', 'ARM', 'ARMK', 'ASTS', 'ATEX', 'ATO', 'ATRC', 'AU', 'AVDV', 'AVGO', 'AXGN', 'AXON', 'AXP', 'AXS', 'AZN', 'AZO', 'AZUL', 'BA', 'BABA', 'BAC', 'BAM', 'BARC', 'BATS', 'BDX', 'BHE', 'BIIB', 'BK', 'BKNG', 'BKR', 'BLBD', 'BLK', 'BN', 'BND', 'BOXX', 'BP', 'BR', 'BRK.A', 'BRKR', 'BSX', 'BSY', 'BT.A', 'BTCUSD', 'BUFR', 'BX', 'BZU', 'C', 'CAH', 'CARR', 'CAT', 'CATO', 'CB', 'CBOE', 'CCEP', 'CCI', 'CCL', 'CCT', 'CCZ', 'CDNS', 'CEG', 'CGBL', 'CGCP', 'CGNX', 'CGUS', 'CHEV', 'CHTR', 'CI', 'CIEN', 'CINF', 'CL', 'CMC', 'CMCSA', 'CMDT', 'CME', 'CMG', 'CNH', 'COBR', 'COF', 'COGT', 'COHR', 'COIN', 'CONY', 'COP', 'COPX', 'COR', 'COST', 'CPAY', 'CPG', 'CPNG', 'CPRT', 'CRBG', 'CRH', 'CRK', 'CRM', 'CRSP', 'CRWD', 'CSCO', 'CSGP', 'CSTEL', 'CSX', 'CTSH', 'CTVA', 'CURY', 'CVNA', 'CVS', 'CVX', 'CWEN', 'D', 'DAL', 'DASH', 'DDOG', 'DE', 'DELL', 'DG', 'DGE', 'DHI', 'DHR', 'DIS', 'DLR', 'DLTR', 'DOGZ', 'DOV', 'DRSK', 'DUK', 'EA', 'EBAY', 'ECL', 'ED', 'EFX', 'EL', 'ELFO', 'ELTEK', 'ELV', 'EME', 'EMR', 'EOG', 'EPD', 'EQIX', 'EQT', 'EQX', 'ESAB', 'ET', 'ETHUSD', 'ETN', 'ETR', 'ETS', 'EW', 'EXC', 'EXPE', 'EXPN', 'F', 'FANG', 'FCF', 'FCX', 'FDX', 'FE', 'FERG', 'FICO', 'FIS', 'FISV', 'FITB', 'FIX', 'FLS', 'FLUT', 'FNTN', 'FOX', 'FRD', 'FSLR', 'FSS', 'FTGC', 'FTLS', 'FTNT', 'FYBR', 'GD', 'GE', 'GEV', 'GH', 'GILD', 'GKOR', 'GLD', 'GLEN', 'GLW', 'GM', 'GOGO', 'GOOG', 'GPOR', 'GRMN', 'GRNT', 'GS', 'GSK', 'GTLS', 'GWW', 'HCA', 'HCC', 'HD', 'HEI', 'HGER', 'HIG', 'HIMS', 'HIMX', 'HLON', 'HLT', 'HON', 'HOOD', 'HPQ', 'HQI', 'HSBA', 'HSY', 'HTO', 'HUBB', 'HUM', 'HVO', 'IBKR', 'IBM', 'ICE', 'ICSH', 'IDXX', 'IEMG', 'III', 'IMB', 'IMTX', 'INCM', 'INSM', 'INTC', 'INTG', 'INTU', 'IQV', 'IR', 'IRDM', 'ISRG', 'IT', 'ITOT', 'ITW', 'IWP', 'IWR', 'JCI', 'JD', 'JEPI', 'JNJ', 'JPM', 'JPST', 'KEY', 'KEYS', 'KHC', 'KKR', 'KLAC', 'KMB', 'KMI', 'KNG', 'KO', 'KR', 'KR1', 'KVUE', 'KVYO', 'LASER', 'LEAT', 'LECO', 'LEG', 'LEN', 'LGIH', 'LHX', 'LII', 'LIN', 'LINK', 'LITE', 'LKFN', 'LLOY', 'LLY', 'LMT', 'LNG', 'LOW', 'LRCX', 'LSEG', 'LUD', 'LVSL', 'LYV', 'M', 'MA', 'MAGS', 'MAR', 'MBIN', 'MCD', 'MCK', 'MCO', 'MCPH', 'MDB', 'MDLZ', 'MDT', 'MELI', 'MET', 'META', 'METC', 'MGEE', 'MLM', 'MMM', 'MNST', 'MO', 'MONEYH', 'MORN', 'MPC', 'MPLX', 'MPWR', 'MRK', 'MRVL', 'MS', 'MSCI', 'MSEX', 'MSFT', 'MSI', 'MTD', 'MU', 'MUB', 'NDAQ', 'NEBX', 'NEE', 'NEM', 'NET', 'NFLX', 'NG.', 'NKE', 'NOW', 'NRG', 'NSC', 'NTES', 'NTRAC', 'NU', 'NUE', 'NVDA', 'NVMI', 'NVTK', 'NWE', 'NWG', 'NWN', 'O', 'ODFL', 'OKE', 'OLVI', 'OM', 'OMC', 'OPGNX', 'OPL', 'ORCL', 'ORLY', 'OTIS', 'OXY', 'PAAA', 'PANW', 'PARR', 'PAYX', 'PCAR', 'PCTY', 'PDBC', 'PDD', 'PDFS', 'PEG', 'PEP', 'PFE', 'PG', 'PGR', 'PH', 'PHVS', 'PL', 'PLAB', 'PLD', 'PLTR', 'PM', 'PNC', 'PODCAST', 'PODD', 'POOL', 'POR', 'PROC', 'PRU', 'PSA', 'PSX', 'PULS', 'PWR', 'PYPL', 'QBTS', 'QCOM', 'QCRH', 'QGEN', 'QSR', 'QTZM', 'RASP', 'RBLIX', 'RBRK', 'RBW', 'RCI', 'RCL', 'RDDT', 'RDW', 'REGN', 'REL', 'RELL', 'RIO', 'RKLB', 'RKT', 'RMD', 'ROK', 'ROL', 'ROP', 'ROSN', 'ROST', 'ROSTR', 'RR.', 'RRC', 'RSG', 'RTX', 'RUS', 'SAT', 'SBUX', 'SCAG', 'SCCO', 'SCHW', 'SCHX', 'SCMN', 'SE', 'SFORE', 'SHEL', 'SHOP', 'SHW', 'SHY', 'SIVR', 'SLB', 'SNDK', 'SNDX', 'SNOW', 'SNPS', 'SNX', 'SO', 'SOC', 'SOFI', 'SOG', 'SPDW', 'SPG', 'SPGI', 'SPHQ', 'SPOT', 'SPTL', 'SRAD', 'SRE', 'SSB', 'SSE', 'STAN', 'STOK', 'STT', 'SYBT', 'SYK', 'SYM', 'SYY', 'T', 'TCAF', 'TDG', 'TEAM', 'TEL', 'TEL1L', 'TER', 'TFC', 'TGT', 'THC', 'THO', 'TIG', 'TIN', 'TISI', 'TJX', 'TKA', 'TKO', 'TKR', 'TMO', 'TMRC', 'TMUS', 'TRD', 'TRGP', 'TRV', 'TSC', 'TSCO', 'TSLA', 'TT', 'TTWO', 'TUYA', 'TXN', 'UAL', 'UBER', 'UBXG', 'UHS', 'UI', 'ULVR', 'UMBF', 'UNH', 'UNP', 'UPLAND', 'UPS', 'URI', 'USB', 'UTL', 'UVV', 'UVXY', 'V', 'VECO', 'VEEV', 'VENCE', 'VFH', 'VFS', 'VICI', 'VIK', 'VLO', 'VMBS', 'VMC', 'VOD', 'VOO', 'VRSK', 'VRT', 'VRTX', 'VST', 'VTR', 'VXX', 'VZ', 'WAB', 'WBD', 'WCP', 'WCRS', 'WDAY', 'WDC', 'WEC', 'WELL', 'WFC', 'WGO', 'WM', 'WMB', 'WMK', 'WMT', 'WSO', 'WSTL', 'WTW', 'XEL', 'XIFR', 'XOM', 'XPL', 'XYL', 'YELP', 'YUM', 'ZS', 'ZTS']
[2025-12-27 19:46:08.205287]   date_range: {'type': <DateRangeType.CUSTOM_RANGE: 'custom_range'>, 'from_date': '2000-01-01', 'to_date': '2025-12-27'}
[2025-12-27 19:46:08.207811]   indicators: {'SMA': [20, 50, 200], 'EMA': [12, 14, 26], 'WMA': [14], 'DEMA': [14], 'TEMA': [14], 'TRIMA': [14], 'KAMA': [14], 'T3': [14], 'RSI': [14], 'STOCH': [14], 'STOCHF': [14], 'STOCHRSI': [14], 'WILLR': [14], 'MOM': [10], 'ROC': [10], 'ROCR': [14], 'CCI': [20], 'CMO': [14], 'ADX': [14], 'ADXR': [14], 'AROON': [14], 'AROONOSC': [14], 'DX': [14], 'MINUS_DI': [14], 'PLUS_DI': [14], 'MACD': [14], 'MACDEXT': [14], 'ATR': [14], 'NATR': [14], 'TRANGE': [14], 'BBANDS': [20], 'AD': [14], 'ADOSC': [14], 'OBV': [14], 'MFI': [14], 'APO': [14], 'PPO': [14], 'BOP': [14], 'TRIX': [14], 'ULTOSC': [14], 'SAR': [14], 'MIDPOINT': [14], 'MIDPRICE': [14], 'HT_TRENDLINE': [14], 'HT_SINE': [14], 'HT_TRENDMODE': [14], 'HT_DCPERIOD': [14], 'HT_DCPHASE': [14], 'HT_PHASOR': [14], 'VWAP': [14], 'MAMA': [14]}
[2025-12-27 19:46:08.210413]   adjust_for_splits: True
[2025-12-27 19:46:08.212784]   missing_handling: MissingDataHandling.FORWARD_FILL
[2025-12-27 19:46:08.241875] FETCHING A WEEKLY
[2025-12-27 19:46:37.722742] FETCHING AAL WEEKLY
[2025-12-27 19:47:32.906364] FETCHING AAPL WEEKLY
[2025-12-27 19:48:23.190123] FETCHING ABBV WEEKLY
[2025-12-27 19:48:53.009379] FETCHING ABNB WEEKLY
[2025-12-27 19:49:42.708106] FETCHING ABT WEEKLY
[2025-12-27 19:50:33.116176] FETCHING ABTC WEEKLY
[2025-12-27 19:51:22.681429] FETCHING ACN WEEKLY
[2025-12-27 19:51:52.906937] FETCHING ACU WEEKLY
[2025-12-27 19:52:43.375189] FETCHING ACWI WEEKLY
[2025-12-27 19:53:33.270693] FETCHING ADBE WEEKLY
[2025-12-27 19:54:22.881942] FETCHING ADI WEEKLY
[2025-12-27 19:54:54.079093] FETCHING ADM WEEKLY
[2025-12-27 19:55:43.853883] FETCHING ADP WEEKLY
[2025-12-27 19:56:33.487612] FETCHING ADSK WEEKLY
[2025-12-27 19:57:20.966230] FETCHING AEE WEEKLY
[2025-12-27 19:57:54.949567] FETCHING AEP WEEKLY
[2025-12-27 19:58:44.038426] FETCHING AES WEEKLY
[2025-12-27 19:59:33.628900] FETCHING AFL WEEKLY
[2025-12-27 20:00:20.990080] FETCHING AGH WEEKLY
[2025-12-27 20:01:00.485247] FETCHING AHT WEEKLY
[2025-12-27 20:01:43.867878] FETCHING AI WEEKLY
[2025-12-27 20:02:32.964912] FETCHING AIG WEEKLY
[2025-12-27 20:03:19.886454] FETCHING AIRE WEEKLY
[2025-12-27 20:04:00.609151] FETCHING AIT WEEKLY
[2025-12-27 20:04:43.977293] FETCHING AL WEEKLY
[2025-12-27 20:05:33.918608] FETCHING ALAB WEEKLY
[2025-12-27 20:06:19.103832] FETCHING ALL WEEKLY
[2025-12-27 20:06:54.505488] FETCHING ALNY WEEKLY
[2025-12-27 20:07:44.418967] FETCHING ALOT WEEKLY
[2025-12-27 20:08:33.887954] FETCHING ALTG WEEKLY
[2025-12-27 20:08:34.042272] FETCHING AMAT WEEKLY
[2025-12-27 20:09:20.178455] FETCHING AMD WEEKLY
[2025-12-27 20:09:56.163084] FETCHING AME WEEKLY
[2025-12-27 20:10:45.680500] FETCHING AMG WEEKLY
[2025-12-27 20:11:36.461557] FETCHING AMGN WEEKLY
[2025-12-27 20:12:19.891158] FETCHING AMKR WEEKLY
[2025-12-27 20:12:58.236161] FETCHING AMP WEEKLY
[2025-12-27 20:13:47.590694] FETCHING AMPG WEEKLY
[2025-12-27 20:14:37.187751] FETCHING AMT WEEKLY
[2025-12-27 20:15:19.342271] FETCHING AMZN WEEKLY
[2025-12-27 20:15:21.246649] FETCHING ANET WEEKLY
[2025-12-27 20:15:59.785754] FETCHING ANL WEEKLY
[2025-12-27 20:16:48.341608] FETCHING AOA WEEKLY
[2025-12-27 20:17:38.318981] FETCHING AOM WEEKLY
[2025-12-27 20:18:20.573997] FETCHING AON WEEKLY
[2025-12-27 20:18:59.676690] FETCHING AOR WEEKLY
[2025-12-27 20:19:48.973134] FETCHING APD WEEKLY
[2025-12-27 20:20:36.710808] FETCHING APH WEEKLY
[2025-12-27 20:21:19.919688] FETCHING APO WEEKLY
[2025-12-27 20:22:01.235491] FETCHING APP WEEKLY
[2025-12-27 20:22:48.728023] FETCHING ARES WEEKLY
[2025-12-27 20:23:33.962573] FETCHING ARM WEEKLY
[2025-12-27 20:24:19.096508] FETCHING ARMK WEEKLY
[2025-12-27 20:25:01.146391] FETCHING ASTS WEEKLY
[2025-12-27 20:25:48.418858] FETCHING ATEX WEEKLY
[2025-12-27 20:26:32.986656] FETCHING ATO WEEKLY
[2025-12-27 20:27:18.913843] FETCHING ATRC WEEKLY
[2025-12-27 20:28:01.476211] FETCHING AU WEEKLY
[2025-12-27 20:28:48.310387] FETCHING AVDV WEEKLY
[2025-12-27 20:29:32.853364] FETCHING AVGO WEEKLY
[2025-12-27 20:30:18.708150] FETCHING AXGN WEEKLY
[2025-12-27 20:31:01.160107] FETCHING AXON WEEKLY
[2025-12-27 20:31:48.021644] FETCHING AXP WEEKLY
[2025-12-27 20:32:32.935661] FETCHING AXS WEEKLY
[2025-12-27 20:33:18.340729] FETCHING AZN WEEKLY
[2025-12-27 20:34:00.919534] FETCHING AZO WEEKLY
[2025-12-27 20:34:47.730714] FETCHING AZUL WEEKLY
[2025-12-27 20:35:32.330379] FETCHING BA WEEKLY
[2025-12-27 20:35:34.229243] FETCHING BABA WEEKLY
[2025-12-27 20:36:19.594777] FETCHING BAC WEEKLY
[2025-12-27 20:37:02.214064] FETCHING BAM WEEKLY
[2025-12-27 20:37:48.541147] FETCHING BARC WEEKLY
[2025-12-27 20:37:48.777529] FETCHING BATS WEEKLY
[2025-12-27 20:38:34.482962] FETCHING BDX WEEKLY
[2025-12-27 20:39:20.138109] FETCHING BHE WEEKLY
[2025-12-27 20:40:06.860006] FETCHING BIIB WEEKLY
[2025-12-27 20:40:49.313554] FETCHING BK WEEKLY
[2025-12-27 20:41:35.571429] FETCHING BKNG WEEKLY
[2025-12-27 20:42:19.985994] FETCHING BKR WEEKLY
[2025-12-27 20:43:07.436170] FETCHING BLBD WEEKLY
[2025-12-27 20:43:48.761331] FETCHING BLK WEEKLY
[2025-12-27 20:44:34.823256] FETCHING BN WEEKLY
[2025-12-27 20:45:19.583686] FETCHING BND WEEKLY
[2025-12-27 20:46:08.471138] FETCHING BOXX WEEKLY
[2025-12-27 20:46:48.229692] FETCHING BP WEEKLY
[2025-12-27 20:47:34.868458] FETCHING BR WEEKLY
[2025-12-27 20:48:18.986782] FETCHING BRK.A WEEKLY
[2025-12-27 20:49:08.210557] FETCHING BRKR WEEKLY
[2025-12-27 20:49:48.363774] FETCHING BSX WEEKLY
[2025-12-27 20:50:34.871437] FETCHING BSY WEEKLY
[2025-12-27 20:51:21.273286] FETCHING BT.A WEEKLY
[2025-12-27 20:51:21.430904] FETCHING BTCUSD WEEKLY
[2025-12-27 20:52:08.398221] FETCHING BUFR WEEKLY
[2025-12-27 20:52:48.370034] FETCHING BX WEEKLY
[2025-12-27 20:53:35.059815] FETCHING BZU WEEKLY
[2025-12-27 20:53:35.426777] FETCHING C WEEKLY
[2025-12-27 20:54:22.546666] FETCHING CAH WEEKLY
[2025-12-27 20:55:08.948708] FETCHING CARR WEEKLY
[2025-12-27 20:55:48.851037] FETCHING CAT WEEKLY
[2025-12-27 20:56:35.425303] FETCHING CATO WEEKLY
[2025-12-27 20:57:22.521400] FETCHING CB WEEKLY
[2025-12-27 20:58:08.647334] FETCHING CBOE WEEKLY
[2025-12-27 20:58:49.650206] FETCHING CCEP WEEKLY
[2025-12-27 20:59:35.080429] FETCHING CCI WEEKLY
[2025-12-27 21:00:22.324330] FETCHING CCL WEEKLY
[2025-12-27 21:01:08.264030] FETCHING CCT WEEKLY
[2025-12-27 21:01:49.257026] FETCHING CCZ WEEKLY
[2025-12-27 21:02:34.466685] FETCHING CDNS WEEKLY
[2025-12-27 21:03:22.091527] FETCHING CEG WEEKLY
[2025-12-27 21:04:07.028901] FETCHING CGBL WEEKLY
[2025-12-27 21:04:48.723870] FETCHING CGCP WEEKLY
[2025-12-27 21:05:32.279444] FETCHING CGNX WEEKLY
[2025-12-27 21:06:21.743059] FETCHING CGUS WEEKLY
[2025-12-27 21:07:06.572960] FETCHING CHEV WEEKLY
[2025-12-27 21:07:48.707839] FETCHING CHTR WEEKLY
[2025-12-27 21:08:32.110400] FETCHING CI WEEKLY
[2025-12-27 21:09:21.357974] FETCHING CIEN WEEKLY
[2025-12-27 21:10:06.808321] FETCHING CINF WEEKLY
[2025-12-27 21:10:48.665355] FETCHING CL WEEKLY
[2025-12-27 21:11:34.052651] FETCHING CMC WEEKLY
[2025-12-27 21:12:21.133960] FETCHING CMCSA WEEKLY
[2025-12-27 21:13:06.555060] FETCHING CMDT WEEKLY
[2025-12-27 21:13:47.803356] FETCHING CME WEEKLY
[2025-12-27 21:14:33.679499] FETCHING CMG WEEKLY
[2025-12-27 21:15:21.130102] FETCHING CNH WEEKLY
[2025-12-27 21:16:05.973034] FETCHING COBR WEEKLY
[2025-12-27 21:16:47.755194] FETCHING COF WEEKLY
[2025-12-27 21:17:31.625190] FETCHING COGT WEEKLY
[2025-12-27 21:18:21.315874] FETCHING COHR WEEKLY
[2025-12-27 21:19:05.535055] FETCHING COIN WEEKLY
[2025-12-27 21:19:46.725079] FETCHING CONY WEEKLY
[2025-12-27 21:20:31.336292] FETCHING COP WEEKLY
[2025-12-27 21:21:21.255938] FETCHING COPX WEEKLY
[2025-12-27 21:21:59.139454] FETCHING COR WEEKLY
[2025-12-27 21:22:46.679556] FETCHING COST WEEKLY
[2025-12-27 21:23:33.220495] FETCHING CPAY WEEKLY
[2025-12-27 21:24:20.911939] FETCHING CPG WEEKLY
[2025-12-27 21:24:21.119568] FETCHING CPNG WEEKLY
[2025-12-27 21:24:59.149799] FETCHING CPRT WEEKLY
[2025-12-27 21:25:46.956827] FETCHING CRBG WEEKLY
[2025-12-27 21:26:33.924320] FETCHING CRH WEEKLY
[2025-12-27 21:27:21.803735] FETCHING CRK WEEKLY
[2025-12-27 21:27:59.462398] FETCHING CRM WEEKLY
[2025-12-27 21:28:46.261226] FETCHING CRSP WEEKLY
[2025-12-27 21:29:33.275943] FETCHING CRWD WEEKLY
[2025-12-27 21:30:21.405184] FETCHING CSCO WEEKLY
[2025-12-27 21:30:59.118327] FETCHING CSGP WEEKLY
[2025-12-27 21:31:45.893005] FETCHING CSTEL WEEKLY
[2025-12-27 21:31:46.159183] FETCHING CSX WEEKLY
[2025-12-27 21:32:34.005878] FETCHING CTSH WEEKLY
[2025-12-27 21:33:22.334008] FETCHING CTVA WEEKLY
[2025-12-27 21:33:59.099168] FETCHING CURY WEEKLY
[2025-12-27 21:33:59.670332] FETCHING CVNA WEEKLY
[2025-12-27 21:34:46.940385] FETCHING CVS WEEKLY
[2025-12-27 21:35:34.416239] FETCHING CVX WEEKLY
[2025-12-27 21:36:22.680430] FETCHING CWEN WEEKLY
[2025-12-27 21:36:59.725876] FETCHING D WEEKLY
[2025-12-27 21:37:46.558329] FETCHING DAL WEEKLY
[2025-12-27 21:38:34.476086] FETCHING DASH WEEKLY
[2025-12-27 21:39:21.849277] FETCHING DDOG WEEKLY
[2025-12-27 21:40:00.005176] FETCHING DE WEEKLY
[2025-12-27 21:40:46.952903] FETCHING DELL WEEKLY
[2025-12-27 21:41:34.655757] FETCHING DG WEEKLY
[2025-12-27 21:42:22.398611] FETCHING DGE WEEKLY
[2025-12-27 21:42:22.632460] FETCHING DHI WEEKLY
[2025-12-27 21:43:00.558698] FETCHING DHR WEEKLY
[2025-12-27 21:43:49.187698] FETCHING DIS WEEKLY
[2025-12-27 21:44:35.200763] FETCHING DLR WEEKLY
[2025-12-27 21:45:22.871688] FETCHING DLTR WEEKLY
[2025-12-27 21:46:00.149861] FETCHING DOGZ WEEKLY
[2025-12-27 21:46:47.403320] FETCHING DOV WEEKLY
[2025-12-27 21:47:37.227739] FETCHING DRSK WEEKLY
[2025-12-27 21:48:22.030294] FETCHING DUK WEEKLY
[2025-12-27 21:48:59.805208] FETCHING EA WEEKLY
[2025-12-27 21:49:50.310495] FETCHING EBAY WEEKLY
[2025-12-27 21:50:40.267986] FETCHING ECL WEEKLY
[2025-12-27 21:51:22.197320] FETCHING ED WEEKLY
[2025-12-27 21:52:02.911281] FETCHING EFX WEEKLY
[2025-12-27 21:52:52.359669] FETCHING EL WEEKLY
[2025-12-27 21:53:40.329835] FETCHING ELFO WEEKLY
[2025-12-27 21:53:40.556778] FETCHING ELTEK WEEKLY
[2025-12-27 21:53:40.782014] FETCHING ELV WEEKLY
[2025-12-27 21:54:23.434430] FETCHING EME WEEKLY
[2025-12-27 21:55:04.157158] FETCHING EMR WEEKLY
[2025-12-27 21:55:53.638987] FETCHING EOG WEEKLY
[2025-12-27 21:56:41.609651] FETCHING EPD WEEKLY
[2025-12-27 21:57:22.804376] FETCHING EQIX WEEKLY
[2025-12-27 21:58:04.337966] FETCHING EQT WEEKLY
[2025-12-27 21:58:54.180488] FETCHING EQX WEEKLY
[2025-12-27 21:59:42.073556] FETCHING ESAB WEEKLY
[2025-12-27 22:00:22.009273] FETCHING ET WEEKLY
[2025-12-27 22:01:04.236910] FETCHING ETHUSD WEEKLY
[2025-12-27 22:01:54.110972] FETCHING ETN WEEKLY
[2025-12-27 22:02:42.004241] FETCHING ETR WEEKLY
[2025-12-27 22:03:21.619163] FETCHING ETS WEEKLY
[2025-12-27 22:04:03.967904] FETCHING EW WEEKLY
[2025-12-27 22:04:54.142915] FETCHING EXC WEEKLY
[2025-12-27 22:05:41.752274] FETCHING EXPE WEEKLY
[2025-12-27 22:06:21.339752] FETCHING EXPN WEEKLY
[2025-12-27 22:06:21.568991] FETCHING F WEEKLY
[2025-12-27 22:07:07.560706] FETCHING FANG WEEKLY
[2025-12-27 22:07:54.184423] FETCHING FCF WEEKLY
[2025-12-27 22:08:42.085533] FETCHING FCX WEEKLY
[2025-12-27 22:09:21.615480] FETCHING FDX WEEKLY
[2025-12-27 22:10:07.822901] FETCHING FE WEEKLY
[2025-12-27 22:10:54.419037] FETCHING FERG WEEKLY
[2025-12-27 22:11:41.823864] FETCHING FICO WEEKLY
[2025-12-27 22:12:23.864458] FETCHING FIS WEEKLY
[2025-12-27 22:13:07.581913] FETCHING FISV WEEKLY
[2025-12-27 22:13:54.194938] FETCHING FITB WEEKLY
[2025-12-27 22:14:41.611633] FETCHING FIX WEEKLY
[2025-12-27 22:15:24.093310] FETCHING FLS WEEKLY
[2025-12-27 22:16:11.674341] FETCHING FLUT WEEKLY
[2025-12-27 22:16:53.509437] FETCHING FNTN WEEKLY
[2025-12-27 22:16:53.762773] FETCHING FOX WEEKLY
[2025-12-27 22:17:41.575723] FETCHING FRD WEEKLY
[2025-12-27 22:18:24.399207] FETCHING FSLR WEEKLY
[2025-12-27 22:19:12.160459] FETCHING FSS WEEKLY
[2025-12-27 22:19:54.165333] FETCHING FTGC WEEKLY
[2025-12-27 22:20:41.354796] FETCHING FTLS WEEKLY
[2025-12-27 22:21:23.782086] FETCHING FTNT WEEKLY
[2025-12-27 22:22:11.743792] FETCHING FYBR WEEKLY
[2025-12-27 22:22:53.121959] FETCHING GD WEEKLY
[2025-12-27 22:23:40.718510] FETCHING GE WEEKLY
[2025-12-27 22:24:23.713196] FETCHING GEV WEEKLY
[2025-12-27 22:25:12.365854] FETCHING GH WEEKLY
[2025-12-27 22:25:53.021989] FETCHING GILD WEEKLY
[2025-12-27 22:26:40.611889] FETCHING GKOR WEEKLY
[2025-12-27 22:27:23.310514] FETCHING GLD WEEKLY
[2025-12-27 22:28:12.664136] FETCHING GLEN WEEKLY
[2025-12-27 22:28:12.923393] FETCHING GLW WEEKLY
[2025-12-27 22:28:53.635605] FETCHING GM WEEKLY
[2025-12-27 22:29:41.100445] FETCHING GOGO WEEKLY
[2025-12-27 22:30:23.473478] FETCHING GOOG WEEKLY
[2025-12-27 22:31:12.773563] FETCHING GPOR WEEKLY
[2025-12-27 22:31:53.198727] FETCHING GRMN WEEKLY
[2025-12-27 22:32:40.953738] FETCHING GRNT WEEKLY
[2025-12-27 22:33:23.397130] FETCHING GS WEEKLY
[2025-12-27 22:34:12.857395] FETCHING GSK WEEKLY
[2025-12-27 22:34:53.582361] FETCHING GTLS WEEKLY
[2025-12-27 22:35:43.178437] FETCHING GWW WEEKLY
[2025-12-27 22:36:28.743002] FETCHING HCA WEEKLY
[2025-12-27 22:37:18.053609] FETCHING HCC WEEKLY
[2025-12-27 22:37:53.420332] FETCHING HD WEEKLY
[2025-12-27 22:38:43.406056] FETCHING HEI WEEKLY
[2025-12-27 22:39:28.968871] FETCHING HGER WEEKLY
[2025-12-27 22:40:17.673061] FETCHING HIG WEEKLY
[2025-12-27 22:40:54.132037] FETCHING HIMS WEEKLY
[2025-12-27 22:41:43.326532] FETCHING HIMX WEEKLY
[2025-12-27 22:42:29.009253] FETCHING HLON WEEKLY
[2025-12-27 22:42:29.238558] FETCHING HLT WEEKLY
[2025-12-27 22:43:18.124596] FETCHING HON WEEKLY
[2025-12-27 22:43:55.104334] FETCHING HOOD WEEKLY
[2025-12-27 22:44:43.650782] FETCHING HPQ WEEKLY
[2025-12-27 22:45:29.469584] FETCHING HQI WEEKLY
[2025-12-27 22:46:17.991242] FETCHING HSBA WEEKLY
[2025-12-27 22:46:18.256231] FETCHING HSY WEEKLY
[2025-12-27 22:46:55.536951] FETCHING HTO WEEKLY
[2025-12-27 22:47:44.412319] FETCHING HUBB WEEKLY
[2025-12-27 22:48:29.973152] FETCHING HUM WEEKLY
[2025-12-27 22:49:18.344208] FETCHING HVO WEEKLY
[2025-12-27 22:49:18.649781] FETCHING IBKR WEEKLY
[2025-12-27 22:49:55.705640] FETCHING IBM WEEKLY
[2025-12-27 22:50:44.904052] FETCHING ICE WEEKLY
[2025-12-27 22:51:30.402346] FETCHING ICSH WEEKLY
[2025-12-27 22:52:18.383990] FETCHING IDXX WEEKLY
[2025-12-27 22:52:55.542332] FETCHING IEMG WEEKLY
[2025-12-27 22:53:44.426526] FETCHING III WEEKLY
[2025-12-27 22:54:30.245544] FETCHING IMB WEEKLY
[2025-12-27 22:54:30.468945] FETCHING IMTX WEEKLY
[2025-12-27 22:55:18.487366] FETCHING INCM WEEKLY
[2025-12-27 22:55:55.623437] FETCHING INSM WEEKLY
[2025-12-27 22:56:44.921385] FETCHING INTC WEEKLY
[2025-12-27 22:57:32.844354] FETCHING INTG WEEKLY
[2025-12-27 22:58:14.386110] FETCHING INTU WEEKLY
[2025-12-27 22:58:57.372996] FETCHING IQV WEEKLY
[2025-12-27 22:59:44.199422] FETCHING IR WEEKLY
[2025-12-27 23:00:32.894085] FETCHING IRDM WEEKLY
[2025-12-27 23:01:13.617307] FETCHING ISRG WEEKLY
[2025-12-27 23:01:57.596889] FETCHING IT WEEKLY
[2025-12-27 23:02:44.100629] FETCHING ITOT WEEKLY
[2025-12-27 23:03:33.077622] FETCHING ITW WEEKLY
[2025-12-27 23:04:13.465901] FETCHING IWP WEEKLY
[2025-12-27 23:04:57.349141] FETCHING IWR WEEKLY
[2025-12-27 23:05:44.013679] FETCHING JCI WEEKLY
[2025-12-27 23:06:32.989841] FETCHING JD WEEKLY
[2025-12-27 23:07:12.924852] FETCHING JEPI WEEKLY
[2025-12-27 23:07:56.659272] FETCHING JNJ WEEKLY
[2025-12-27 23:08:43.588079] FETCHING JPM WEEKLY
[2025-12-27 23:09:32.807088] FETCHING JPST WEEKLY
[2025-12-27 23:10:09.245473] FETCHING KEY WEEKLY
[2025-12-27 23:10:55.667744] FETCHING KEYS WEEKLY
[2025-12-27 23:11:43.505265] FETCHING KHC WEEKLY
[2025-12-27 23:12:32.253236] FETCHING KKR WEEKLY
[2025-12-27 23:13:08.697424] FETCHING KLAC WEEKLY
[2025-12-27 23:13:56.811534] FETCHING KMB WEEKLY
[2025-12-27 23:14:43.646753] FETCHING KMI WEEKLY
[2025-12-27 23:15:32.673214] FETCHING KNG WEEKLY
[2025-12-27 23:16:08.784205] FETCHING KO WEEKLY
[2025-12-27 23:16:56.972022] FETCHING KR WEEKLY
[2025-12-27 23:17:43.281089] FETCHING KR1 WEEKLY
[2025-12-27 23:17:43.560090] FETCHING KVUE WEEKLY
[2025-12-27 23:18:32.634186] FETCHING KVYO WEEKLY
[2025-12-27 23:19:09.128614] FETCHING LASER WEEKLY
[2025-12-27 23:19:09.373561] FETCHING LEAT WEEKLY
[2025-12-27 23:19:58.091879] FETCHING LECO WEEKLY
[2025-12-27 23:20:44.574357] FETCHING LEG WEEKLY
[2025-12-27 23:20:44.739315] FETCHING LEN WEEKLY
[2025-12-27 23:21:34.184396] FETCHING LGIH WEEKLY
[2025-12-27 23:22:10.328338] FETCHING LHX WEEKLY
[2025-12-27 23:22:58.540394] FETCHING LII WEEKLY
[2025-12-27 23:23:45.279384] FETCHING LIN WEEKLY
[2025-12-27 23:24:33.512346] FETCHING LINK WEEKLY
[2025-12-27 23:25:10.968169] FETCHING LITE WEEKLY
[2025-12-27 23:25:57.466631] FETCHING LKFN WEEKLY
[2025-12-27 23:26:44.626789] FETCHING LLOY WEEKLY
[2025-12-27 23:26:44.859744] FETCHING LLY WEEKLY
[2025-12-27 23:27:34.187363] FETCHING LMT WEEKLY
[2025-12-27 23:28:12.267075] FETCHING LNG WEEKLY
[2025-12-27 23:28:58.581101] FETCHING LOW WEEKLY
[2025-12-27 23:29:45.182255] FETCHING LRCX WEEKLY
[2025-12-27 23:30:35.364474] FETCHING LSEG WEEKLY
[2025-12-27 23:30:35.623854] FETCHING LUD WEEKLY
[2025-12-27 23:31:12.233553] FETCHING LVSL WEEKLY
[2025-12-27 23:31:12.796605] FETCHING LYV WEEKLY
[2025-12-27 23:31:59.792141] FETCHING M WEEKLY
[2025-12-27 23:32:46.380125] FETCHING MA WEEKLY
[2025-12-27 23:33:36.589196] FETCHING MAGS WEEKLY
[2025-12-27 23:34:12.643366] FETCHING MAR WEEKLY
[2025-12-27 23:34:59.226098] FETCHING MBIN WEEKLY
[2025-12-27 23:35:46.938986] FETCHING MCD WEEKLY
[2025-12-27 23:36:35.344533] FETCHING MCK WEEKLY
[2025-12-27 23:37:12.799805] FETCHING MCO WEEKLY
[2025-12-27 23:37:59.188968] FETCHING MCPH WEEKLY
[2025-12-27 23:38:47.107248] FETCHING MDB WEEKLY
[2025-12-27 23:39:34.740906] FETCHING MDLZ WEEKLY
[2025-12-27 23:40:12.322225] FETCHING MDT WEEKLY
[2025-12-27 23:40:58.823421] FETCHING MELI WEEKLY
[2025-12-27 23:41:48.043107] FETCHING MET WEEKLY
[2025-12-27 23:42:34.746322] FETCHING META WEEKLY
[2025-12-27 23:43:11.958088] FETCHING METC WEEKLY
[2025-12-27 23:43:58.396288] FETCHING MGEE WEEKLY
[2025-12-27 23:44:47.083600] FETCHING MLM WEEKLY
[2025-12-27 23:45:34.652566] FETCHING MMM WEEKLY
[2025-12-27 23:46:11.820427] FETCHING MNST WEEKLY
[2025-12-27 23:47:01.152637] FETCHING MO WEEKLY
[2025-12-27 23:47:47.413417] FETCHING MONEYH WEEKLY
[2025-12-27 23:47:47.668113] FETCHING MORN WEEKLY
[2025-12-27 23:48:34.973859] FETCHING MPC WEEKLY
[2025-12-27 23:49:13.698801] FETCHING MPLX WEEKLY
[2025-12-27 23:50:01.313058] FETCHING MPWR WEEKLY
[2025-12-27 23:50:48.187602] FETCHING MRK WEEKLY
[2025-12-27 23:51:34.714126] FETCHING MRVL WEEKLY
[2025-12-27 23:52:12.740874] FETCHING MS WEEKLY
[2025-12-27 23:53:00.907752] FETCHING MSCI WEEKLY
[2025-12-27 23:53:47.808990] FETCHING MSEX WEEKLY
[2025-12-27 23:54:34.262809] FETCHING MSFT WEEKLY
[2025-12-27 23:55:12.528625] FETCHING MSI WEEKLY
[2025-12-27 23:56:00.720678] FETCHING MTD WEEKLY
[2025-12-27 23:56:47.927140] FETCHING MU WEEKLY
[2025-12-27 23:57:33.208926] FETCHING MUB WEEKLY
[2025-12-27 23:58:12.127878] FETCHING NDAQ WEEKLY
[2025-12-27 23:59:00.598009] FETCHING NEBX WEEKLY
[2025-12-27 23:59:47.347275] FETCHING NEE WEEKLY
[2025-12-28 00:00:32.118503] FETCHING NEM WEEKLY
[2025-12-28 00:01:13.520954] FETCHING NET WEEKLY
[2025-12-28 00:02:02.699255] FETCHING NFLX WEEKLY
[2025-12-28 00:02:47.190894] FETCHING NG. WEEKLY
[2025-12-28 00:02:47.351177] FETCHING NKE WEEKLY
[2025-12-28 00:03:33.355789] FETCHING NOW WEEKLY
[2025-12-28 00:04:13.806377] FETCHING NRG WEEKLY
[2025-12-28 00:05:03.266347] FETCHING NSC WEEKLY
[2025-12-28 00:05:47.498688] FETCHING NTES WEEKLY
[2025-12-28 00:06:31.873138] FETCHING NTRAC WEEKLY
[2025-12-28 00:06:32.915286] FETCHING NU WEEKLY
[2025-12-28 00:07:14.347119] FETCHING NUE WEEKLY
[2025-12-28 00:08:04.363661] FETCHING NVDA WEEKLY
[2025-12-28 00:08:47.864634] FETCHING NVMI WEEKLY
[2025-12-28 00:09:32.090278] FETCHING NVTK WEEKLY
[2025-12-28 00:09:33.216761] FETCHING NWE WEEKLY
[2025-12-28 00:10:15.019227] FETCHING NWG WEEKLY
[2025-12-28 00:11:04.539807] FETCHING NWN WEEKLY
[2025-12-28 00:11:48.111519] FETCHING O WEEKLY
[2025-12-28 00:12:32.414617] FETCHING ODFL WEEKLY
[2025-12-28 00:13:15.443704] FETCHING OKE WEEKLY
[2025-12-28 00:14:04.401652] FETCHING OLVI WEEKLY
[2025-12-28 00:14:47.445481] FETCHING OM WEEKLY
[2025-12-28 00:15:28.220170] FETCHING OMC WEEKLY
[2025-12-28 00:16:15.099286] FETCHING OPGNX WEEKLY
[2025-12-28 00:16:15.358494] FETCHING OPL WEEKLY
[2025-12-28 00:16:15.947703] FETCHING ORCL WEEKLY
[2025-12-28 00:17:08.947219] FETCHING ORLY WEEKLY
[2025-12-28 00:17:48.774901] FETCHING OTIS WEEKLY
[2025-12-28 00:18:32.731995] FETCHING OXY WEEKLY
[2025-12-28 00:19:19.489498] FETCHING PAAA WEEKLY
[2025-12-28 00:20:08.492918] FETCHING PANW WEEKLY
[2025-12-28 00:20:48.326904] FETCHING PARR WEEKLY
[2025-12-28 00:21:29.192428] FETCHING PAYX WEEKLY
[2025-12-28 00:22:19.085341] FETCHING PCAR WEEKLY
[2025-12-28 00:23:08.670137] FETCHING PCTY WEEKLY
[2025-12-28 00:23:48.070538] FETCHING PDBC WEEKLY
[2025-12-28 00:24:33.544554] FETCHING PDD WEEKLY
[2025-12-28 00:25:18.691445] FETCHING PDFS WEEKLY
[2025-12-28 00:26:08.592261] FETCHING PEG WEEKLY
[2025-12-28 00:26:47.597102] FETCHING PEP WEEKLY
[2025-12-28 00:27:34.083861] FETCHING PFE WEEKLY
[2025-12-28 00:28:19.203579] FETCHING PG WEEKLY
[2025-12-28 00:29:08.411433] FETCHING PGR WEEKLY
[2025-12-28 00:29:46.560671] FETCHING PH WEEKLY
[2025-12-28 00:30:33.879814] FETCHING PHVS WEEKLY
[2025-12-28 00:31:18.751332] FETCHING PL WEEKLY
[2025-12-28 00:32:07.727637] FETCHING PLAB WEEKLY
[2025-12-28 00:32:46.213170] FETCHING PLD WEEKLY
[2025-12-28 00:33:33.447850] FETCHING PLTR WEEKLY
[2025-12-28 00:33:33.612714] FETCHING PM WEEKLY
[2025-12-28 00:34:19.847318] FETCHING PNC WEEKLY
[2025-12-28 00:35:08.379596] FETCHING PODCAST WEEKLY
[2025-12-28 00:35:08.632732] FETCHING PODD WEEKLY
[2025-12-28 00:35:47.396674] FETCHING POOL WEEKLY
[2025-12-28 00:36:34.746165] FETCHING POR WEEKLY
[2025-12-28 00:37:20.289801] FETCHING PROC WEEKLY
[2025-12-28 00:38:08.312266] FETCHING PRU WEEKLY
[2025-12-28 00:38:47.012876] FETCHING PSA WEEKLY
[2025-12-28 00:39:34.031872] FETCHING PSX WEEKLY
[2025-12-28 00:40:19.980058] FETCHING PULS WEEKLY
[2025-12-28 00:41:04.729780] FETCHING PWR WEEKLY
[2025-12-28 00:41:46.535960] FETCHING PYPL WEEKLY
[2025-12-28 00:42:31.389878] FETCHING QBTS WEEKLY
[2025-12-28 00:43:19.401734] FETCHING QCOM WEEKLY
[2025-12-28 00:44:03.649966] FETCHING QCRH WEEKLY
[2025-12-28 00:44:46.225432] FETCHING QGEN WEEKLY
[2025-12-28 00:45:31.257573] FETCHING QSR WEEKLY
[2025-12-28 00:46:19.333349] FETCHING QTZM WEEKLY
[2025-12-28 00:47:02.932721] FETCHING RASP WEEKLY
[2025-12-28 00:47:45.611330] FETCHING RBLIX WEEKLY
[2025-12-28 00:47:45.852740] FETCHING RBRK WEEKLY
[2025-12-28 00:48:31.039016] FETCHING RBW WEEKLY
[2025-12-28 00:48:31.787446] FETCHING RCI WEEKLY
[2025-12-28 00:49:20.607064] FETCHING RCL WEEKLY
[2025-12-28 00:50:04.411212] FETCHING RDDT WEEKLY
[2025-12-28 00:50:46.447989] FETCHING RDW WEEKLY
[2025-12-28 00:51:31.386540] FETCHING REGN WEEKLY
[2025-12-28 00:52:20.177945] FETCHING REL WEEKLY
[2025-12-28 00:52:20.404051] FETCHING RELL WEEKLY
[2025-12-28 00:53:05.352806] FETCHING RIO WEEKLY
[2025-12-28 00:53:47.237505] FETCHING RKLB WEEKLY
[2025-12-28 00:54:31.803188] FETCHING RKT WEEKLY
[2025-12-28 00:55:20.041881] FETCHING RMD WEEKLY
[2025-12-28 00:56:05.093407] FETCHING ROK WEEKLY
[2025-12-28 00:56:46.832849] FETCHING ROL WEEKLY
[2025-12-28 00:57:31.836269] FETCHING ROP WEEKLY
[2025-12-28 00:58:20.146648] FETCHING ROSN WEEKLY
[2025-12-28 00:59:04.668045] FETCHING ROST WEEKLY
[2025-12-28 00:59:46.523853] FETCHING ROSTR WEEKLY
[2025-12-28 00:59:46.765504] FETCHING RR. WEEKLY
[2025-12-28 00:59:47.283046] FETCHING RRC WEEKLY
[2025-12-28 01:00:33.116797] FETCHING RSG WEEKLY
[2025-12-28 01:01:21.440542] FETCHING RTX WEEKLY
[2025-12-28 01:02:05.964257] FETCHING RUS WEEKLY
[2025-12-28 01:02:06.212668] FETCHING SAT WEEKLY
[2025-12-28 01:02:48.220046] FETCHING SBUX WEEKLY
[2025-12-28 01:03:33.418174] FETCHING SCAG WEEKLY
[2025-12-28 01:04:21.182783] FETCHING SCCO WEEKLY
[2025-12-28 01:05:06.300835] FETCHING SCHW WEEKLY
[2025-12-28 01:05:48.148666] FETCHING SCHX WEEKLY
[2025-12-28 01:06:32.959534] FETCHING SCMN WEEKLY
[2025-12-28 01:06:33.204826] FETCHING SE WEEKLY
[2025-12-28 01:07:21.797347] FETCHING SFORE WEEKLY
[2025-12-28 01:07:22.273096] FETCHING SHEL WEEKLY
[2025-12-28 01:08:07.584856] FETCHING SHOP WEEKLY
[2025-12-28 01:08:49.194781] FETCHING SHW WEEKLY
[2025-12-28 01:09:34.251809] FETCHING SHY WEEKLY
[2025-12-28 01:10:22.289610] FETCHING SIVR WEEKLY
[2025-12-28 01:11:06.699356] FETCHING SLB WEEKLY
[2025-12-28 01:11:48.718010] FETCHING SNDK WEEKLY
[2025-12-28 01:12:33.116088] FETCHING SNDX WEEKLY
[2025-12-28 01:13:21.724646] FETCHING SNOW WEEKLY
[2025-12-28 01:14:06.032166] FETCHING SNPS WEEKLY
[2025-12-28 01:14:47.944594] FETCHING SNX WEEKLY
[2025-12-28 01:15:33.371602] FETCHING SO WEEKLY
[2025-12-28 01:16:21.706790] FETCHING SOC WEEKLY
[2025-12-28 01:17:05.764177] FETCHING SOFI WEEKLY
[2025-12-28 01:17:47.413280] FETCHING SOG WEEKLY
[2025-12-28 01:17:47.648633] FETCHING SPDW WEEKLY
[2025-12-28 01:18:33.563776] FETCHING SPG WEEKLY
[2025-12-28 01:19:25.585858] FETCHING SPGI WEEKLY
[2025-12-28 01:20:06.570826] FETCHING SPHQ WEEKLY
[2025-12-28 01:20:48.067989] FETCHING SPOT WEEKLY
[2025-12-28 01:21:34.558541] FETCHING SPTL WEEKLY
[2025-12-28 01:22:25.493206] FETCHING SRAD WEEKLY
[2025-12-28 01:23:04.815745] FETCHING SRE WEEKLY
[2025-12-28 01:23:47.777455] FETCHING SSB WEEKLY
[2025-12-28 01:24:35.364311] FETCHING SSE WEEKLY
[2025-12-28 01:24:35.603831] FETCHING STAN WEEKLY
[2025-12-28 01:24:35.829404] FETCHING STOK WEEKLY
[2025-12-28 01:25:26.488776] FETCHING STT WEEKLY
[2025-12-28 01:26:07.150490] FETCHING SYBT WEEKLY
[2025-12-28 01:26:49.060608] FETCHING SYK WEEKLY
[2025-12-28 01:27:37.157367] FETCHING SYM WEEKLY
[2025-12-28 01:28:26.364877] FETCHING SYY WEEKLY
[2025-12-28 01:29:05.784767] FETCHING T WEEKLY
[2025-12-28 01:29:48.445351] FETCHING TCAF WEEKLY
[2025-12-28 01:30:36.929216] FETCHING TDG WEEKLY
[2025-12-28 01:31:26.374577] FETCHING TEAM WEEKLY
[2025-12-28 01:32:05.332332] FETCHING TEL WEEKLY
[2025-12-28 01:32:47.494077] FETCHING TEL1L WEEKLY
[2025-12-28 01:32:47.947958] FETCHING TER WEEKLY
[2025-12-28 01:33:37.689675] FETCHING TFC WEEKLY
[2025-12-28 01:34:26.698239] FETCHING TGT WEEKLY
[2025-12-28 01:35:05.895918] FETCHING THC WEEKLY
[2025-12-28 01:35:48.347070] FETCHING THO WEEKLY
[2025-12-28 01:36:37.724596] FETCHING TIG WEEKLY
[2025-12-28 01:37:25.849673] FETCHING TIN WEEKLY
[2025-12-28 01:38:01.418825] FETCHING TISI WEEKLY
[2025-12-28 01:38:48.168053] FETCHING TJX WEEKLY
[2025-12-28 01:39:37.437101] FETCHING TKA WEEKLY
[2025-12-28 01:39:37.680870] FETCHING TKO WEEKLY
[2025-12-28 01:40:26.052436] FETCHING TKR WEEKLY
[2025-12-28 01:41:02.457119] FETCHING TMO WEEKLY
[2025-12-28 01:41:48.657466] FETCHING TMRC WEEKLY
[2025-12-28 01:42:37.818047] FETCHING TMUS WEEKLY
[2025-12-28 01:43:26.155223] FETCHING TRD WEEKLY
[2025-12-28 01:43:26.389503] FETCHING TRGP WEEKLY
[2025-12-28 01:44:02.597605] FETCHING TRV WEEKLY
[2025-12-28 01:44:49.074295] FETCHING TSC WEEKLY
[2025-12-28 01:45:38.041668] FETCHING TSCO WEEKLY
[2025-12-28 01:46:26.510717] FETCHING TSLA WEEKLY
[2025-12-28 01:47:02.336628] FETCHING TT WEEKLY
[2025-12-28 01:47:48.906724] FETCHING TTWO WEEKLY
[2025-12-28 01:48:37.935230] FETCHING TUYA WEEKLY
[2025-12-28 01:49:25.855316] FETCHING TXN WEEKLY
[2025-12-28 01:50:01.421630] FETCHING UAL WEEKLY
[2025-12-28 01:50:48.499830] FETCHING UBER WEEKLY
[2025-12-28 01:51:37.321972] FETCHING UBXG WEEKLY
[2025-12-28 01:52:22.010425] FETCHING UHS WEEKLY
[2025-12-28 01:53:01.112780] FETCHING UI WEEKLY
[2025-12-28 01:53:48.457097] FETCHING ULVR WEEKLY
[2025-12-28 01:53:48.716588] FETCHING UMBF WEEKLY
[2025-12-28 01:54:37.768636] FETCHING UNH WEEKLY
[2025-12-28 01:55:22.832581] FETCHING UNP WEEKLY
[2025-12-28 01:56:01.528276] FETCHING UPLAND WEEKLY
[2025-12-28 01:56:01.770695] FETCHING UPS WEEKLY
[2025-12-28 01:56:49.750682] FETCHING URI WEEKLY
[2025-12-28 01:57:38.424963] FETCHING USB WEEKLY
[2025-12-28 01:58:23.021085] FETCHING UTL WEEKLY
[2025-12-28 01:59:01.747206] FETCHING UVV WEEKLY
[2025-12-28 01:59:49.659440] FETCHING UVXY WEEKLY
[2025-12-28 02:00:38.033463] FETCHING V WEEKLY
[2025-12-28 02:01:22.599250] FETCHING VECO WEEKLY
[2025-12-28 02:02:01.400055] FETCHING VEEV WEEKLY
[2025-12-28 02:02:49.075764] FETCHING VENCE WEEKLY
[2025-12-28 02:02:49.318767] FETCHING VFH WEEKLY
[2025-12-28 02:03:38.459282] FETCHING VFS WEEKLY
[2025-12-28 02:04:22.698735] FETCHING VICI WEEKLY
[2025-12-28 02:05:01.301064] FETCHING VIK WEEKLY
[2025-12-28 02:05:49.112476] FETCHING VLO WEEKLY
[2025-12-28 02:06:38.210430] FETCHING VMBS WEEKLY
[2025-12-28 02:07:22.028090] FETCHING VMC WEEKLY
[2025-12-28 02:08:01.232587] FETCHING VOD WEEKLY
[2025-12-28 02:08:49.268769] FETCHING VOO WEEKLY
[2025-12-28 02:09:37.645084] FETCHING VRSK WEEKLY
[2025-12-28 02:10:21.451311] FETCHING VRT WEEKLY
[2025-12-28 02:10:59.861652] FETCHING VRTX WEEKLY
[2025-12-28 02:11:48.766030] FETCHING VST WEEKLY
[2025-12-28 02:12:37.310014] FETCHING VTR WEEKLY
[2025-12-28 02:13:21.515186] FETCHING VXX WEEKLY
[2025-12-28 02:13:59.841712] FETCHING VZ WEEKLY
[2025-12-28 02:14:48.600996] FETCHING WAB WEEKLY
[2025-12-28 02:15:37.181743] FETCHING WBD WEEKLY
[2025-12-28 02:16:20.818236] FETCHING WCP WEEKLY
[2025-12-28 02:16:21.040509] FETCHING WCRS WEEKLY
[2025-12-28 02:17:00.122573] FETCHING WDAY WEEKLY
[2025-12-28 02:17:48.686803] FETCHING WDC WEEKLY
[2025-12-28 02:18:42.225058] FETCHING WEC WEEKLY
[2025-12-28 02:19:21.320626] FETCHING WELL WEEKLY
[2025-12-28 02:20:01.314891] FETCHING WFC WEEKLY
[2025-12-28 02:20:52.048340] FETCHING WGO WEEKLY
[2025-12-28 02:21:42.606717] FETCHING WM WEEKLY
[2025-12-28 02:22:20.930896] FETCHING WMB WEEKLY
[2025-12-28 02:23:04.239180] FETCHING WMK WEEKLY
[2025-12-28 02:23:52.921608] FETCHING WMT WEEKLY
[2025-12-28 02:24:42.598415] FETCHING WSO WEEKLY
[2025-12-28 02:25:20.325475] FETCHING WSTL WEEKLY
[2025-12-28 02:26:03.951632] FETCHING WTW WEEKLY
[2025-12-28 02:26:52.678584] FETCHING XEL WEEKLY
[2025-12-28 02:27:41.981668] FETCHING XIFR WEEKLY
[2025-12-28 02:28:19.362012] FETCHING XOM WEEKLY
[2025-12-28 02:29:03.081128] FETCHING XPL WEEKLY
[2025-12-28 02:29:53.317258] FETCHING XYL WEEKLY
[2025-12-28 02:30:41.853711] FETCHING YELP WEEKLY
[2025-12-28 02:31:16.720494] FETCHING YUM WEEKLY
[2025-12-28 02:32:03.255451] FETCHING ZS WEEKLY
[2025-12-28 02:32:52.980349] FETCHING ZTS WEEKLY
[2025-12-28 02:33:41.703528] SESSION COMPLETED
[2025-12-28 02:33:41.706689]   Exit code: 1
[2025-12-28 02:33:41.709373]   End time: 2025-12-28 02:33:41.703526
[2025-12-28 02:33:41.712054]   Duration: 6:47:33.540957
[2025-12-28 02:33:41.882876] METADATA: Saved to raw_data\metadata.json
