[2025-12-27 13:55:27.063164] SESSION STARTED
  Session ID: 20251227_135527_06ca

[2025-12-27 13:55:27.083255] Data Type: Daily
[2025-12-27 13:55:27.085208] CONFIGURATION:
[2025-12-27 13:55:27.087617]   tickers: ['A', 'AAPL', 'ABBV', 'ABNB', 'ABT', 'ABTC', 'ACN', 'ADBE', 'ADI', 'ADM', 'ADP', 'ADSK', 'AEE', 'AEP', 'AES', 'AFL', 'AI', 'AIG', 'AIT', 'AL', 'ALAB', 'ALL', 'ALNY', 'ALOT', 'AMAT', 'AMD', 'AME', 'AMG', 'AMGN', 'AMKR', 'AMP', 'AMPG', 'AMT', 'AMZN', 'ANET', 'AON', 'APD', 'APH', 'APO', 'APP', 'ARES', 'ARM', 'ARMK', 'ASTS', 'ATEX', 'ATO', 'ATRC', 'AU', 'AVGO', 'AXGN', 'AXON', 'AXP', 'AXS', 'AZN', 'AZO', 'AZUL', 'BA', 'BABA', 'BAC', 'BAM', 'BARC', 'BATS', 'BDX', 'BHE', 'BIIB', 'BK', 'BKNG', 'BKR', 'BLBD', 'BLK', 'BN', 'BP', 'BR', 'BRK.A', 'BRKR', 'BSX', 'BSY', 'BT.A', 'BX', 'C', 'CAH', 'CARR', 'CAT', 'CATO', 'CB', 'CBOE', 'CCEP', 'CCI', 'CCL', 'CCZ', 'CDNS', 'CEG', 'CGNX', 'CHTR', 'CI', 'CIEN', 'CINF', 'CL', 'CMC', 'CMCSA', 'CME', 'CMG', 'CNH', 'COF', 'COGT', 'COHR', 'COIN', 'COP', 'COR', 'COST', 'CPAY', 'CPG', 'CPNG', 'CPRT', 'CRBG', 'CRK', 'CRM', 'CRSP', 'CRWD', 'CSCO', 'CSGP', 'CSX', 'CTSH', 'CTVA', 'CURY', 'CVNA', 'CVS', 'CVX', 'CWEN', 'D', 'DAL', 'DASH', 'DDOG', 'DE', 'DELL', 'DG', 'DGE', 'DHI', 'DHR', 'DIS', 'DLR', 'DLTR', 'DOV', 'DUK', 'EA', 'EBAY', 'ECL', 'ED', 'EFX', 'EL', 'ELTEK', 'ELV', 'EME', 'EMR', 'EOG', 'EPD', 'EQIX', 'EQT', 'EQX', 'ESAB', 'ET', 'ETN', 'ETR', 'ETS', 'EW', 'EXC', 'EXPE', 'EXPN', 'F', 'FANG', 'FCF', 'FCX', 'FDX', 'FE', 'FERG', 'FICO', 'FIS', 'FISV', 'FITB', 'FIX', 'FLS', 'FLUT', 'FNTN', 'FOX', 'FSLR', 'FSS', 'FTNT', 'FYBR', 'GD', 'GE', 'GEV', 'GH', 'GILD', 'GLEN', 'GLW', 'GM', 'GOGO', 'GOOG', 'GPOR', 'GRMN', 'GRNT', 'GS', 'GSK', 'GTLS', 'GWW', 'HCA', 'HCC', 'HD', 'HEI', 'HIG', 'HIMS', 'HIMX', 'HON', 'HOOD', 'HPQ', 'HSBA', 'HSY', 'HTO', 'HUBB', 'HUM', 'IBKR', 'IBM', 'ICE', 'IDXX', 'IMB', 'IMTX', 'INSM', 'INTC', 'INTU', 'IQV', 'IR', 'IRDM', 'ISRG', 'IT', 'ITW', 'JCI', 'JD', 'JNJ', 'JPM', 'KEY', 'KEYS', 'KHC', 'KKR', 'KLAC', 'KMB', 'KMI', 'KO', 'KR', 'KVUE', 'KVYO', 'LASER', 'LECO', 'LEG', 'LEN', 'LGIH', 'LHX', 'LII', 'LIN', 'LINK', 'LITE', 'LKFN', 'LLOY', 'LLY', 'LMT', 'LNG', 'LOW', 'LRCX', 'LSEG', 'LVSL', 'LYV', 'M', 'MA', 'MAR', 'MBIN', 'MCD', 'MCK', 'MCPH', 'MDB', 'MDLZ', 'MDT', 'MELI', 'MET', 'META', 'METC', 'MGEE', 'MMM', 'MNST', 'MO', 'MORN', 'MPC', 'MPLX', 'MPWR', 'MRK', 'MRVL', 'MS', 'MSCI', 'MSEX', 'MSFT', 'MSI', 'MTD', 'MU', 'NDAQ', 'NEE', 'NEM', 'NET', 'NFLX', 'NKE', 'NOW', 'NRG', 'NSC', 'NTES', 'NTRAC', 'NU', 'NUE', 'NVDA', 'NVMI', 'NVTK', 'NWE', 'NWN', 'O', 'ODFL', 'OKE', 'OLVI', 'OMC', 'OPL', 'ORCL', 'ORLY', 'OTIS', 'OXY', 'PANW', 'PARR', 'PAYX', 'PCAR', 'PCTY', 'PDD', 'PDFS', 'PEG', 'PEP', 'PFE', 'PG', 'PGR', 'PH', 'PHVS', 'PL', 'PLAB', 'PLD', 'PLTR', 'PM', 'PNC', 'PODD', 'POOL', 'POR', 'PRU', 'PSA', 'PSX', 'PWR', 'PYPL', 'QBTS', 'QCOM', 'QCRH', 'QGEN', 'QSR', 'RASP', 'RBLIX', 'RBRK', 'RCI', 'RCL', 'RDDT', 'RDW', 'REGN', 'REL', 'RELL', 'RIO', 'RKLB', 'RKT', 'RMD', 'ROK', 'ROL', 'ROP', 'ROSN', 'ROST', 'RR.', 'RRC', 'RSG', 'RTX', 'RUS', 'SAT', 'SBUX', 'SCCO', 'SCHW', 'SCMN', 'SE', 'SHEL', 'SHOP', 'SHW', 'SLB', 'SNDK', 'SNDX', 'SNOW', 'SNPS', 'SNX', 'SO', 'SOC', 'SOFI', 'SPG', 'SPGI', 'SPOT', 'SRAD', 'SRE', 'SSB', 'SSE', 'STAN', 'STOK', 'STT', 'SYBT', 'SYK', 'SYM', 'SYY', 'T', 'TDG', 'TEAM', 'TEL', 'TEL1L', 'TER', 'TFC', 'TGT', 'THC', 'THO', 'TJX', 'TKA', 'TKO', 'TKR', 'TMO', 'TMUS', 'TRGP', 'TRV', 'TSC', 'TSCO', 'TSLA', 'TT', 'TTWO', 'TUYA', 'TXN', 'UAL', 'UBER', 'UHS', 'UI', 'ULVR', 'UMBF', 'UNH', 'UNP', 'UPS', 'URI', 'USB', 'UTL', 'UVV', 'V', 'VECO', 'VEEV', 'VFS', 'VICI', 'VIK', 'VLO', 'VMC', 'VOD', 'VRSK', 'VRT', 'VRTX', 'VST', 'VTR', 'VZ', 'WAB', 'WBD', 'WCP', 'WDAY', 'WDC', 'WEC', 'WELL', 'WFC', 'WGO', 'WM', 'WMB', 'WMK', 'WMT', 'WSO', 'WSTL', 'WTW', 'XEL', 'XIFR', 'XOM', 'XYL', 'YELP', 'YUM', 'ZS', 'ZTS']
[2025-12-27 13:55:27.090326]   date_range: {'type': <DateRangeType.CUSTOM_RANGE: 'custom_range'>, 'from_date': '2000-01-01', 'to_date': '2025-12-27'}
[2025-12-27 13:55:27.092680]   indicators: {'SMA': [20, 50, 200], 'EMA': [12, 14, 26], 'WMA': [14], 'DEMA': [14], 'TEMA': [14], 'TRIMA': [14], 'KAMA': [14], 'T3': [14], 'RSI': [14], 'STOCH': [14], 'STOCHF': [14], 'STOCHRSI': [14], 'WILLR': [14], 'MOM': [10], 'ROC': [10], 'ROCR': [14], 'CCI': [20], 'CMO': [14], 'ADX': [14], 'ADXR': [14], 'AROON': [14], 'AROONOSC': [14], 'DX': [14], 'MINUS_DI': [14], 'PLUS_DI': [14], 'MACD': [14], 'MACDEXT': [14], 'ATR': [14], 'NATR': [14], 'TRANGE': [14], 'BBANDS': [20], 'AD': [14], 'ADOSC': [14], 'OBV': [14], 'MFI': [14], 'APO': [14], 'PPO': [14], 'BOP': [14], 'TRIX': [14], 'ULTOSC': [14], 'SAR': [14], 'MIDPOINT': [14], 'MIDPRICE': [14], 'HT_TRENDLINE': [14], 'HT_SINE': [14], 'HT_TRENDMODE': [14], 'HT_DCPERIOD': [14], 'HT_DCPHASE': [14], 'HT_PHASOR': [14], 'VWAP': [14], 'MAMA': [14]}
[2025-12-27 13:55:27.095098]   adjust_for_splits: True
[2025-12-27 13:55:27.097781]   missing_handling: MissingDataHandling.FORWARD_FILL
[2025-12-27 13:55:27.115997] FETCHING A
[2025-12-27 13:56:09.039153] SAVED: A_daily.csv (6536 rows, 73 columns)
[2025-12-27 13:56:09.049346] FETCHING AAPL
[2025-12-27 13:57:01.323831] SAVED: AAPL_daily.csv (6536 rows, 73 columns)
[2025-12-27 13:57:01.333388] FETCHING ABBV
[2025-12-27 13:57:44.071276] SAVED: ABBV_daily.csv (3267 rows, 73 columns)
[2025-12-27 13:57:44.080878] FETCHING ABNB
[2025-12-27 13:58:26.187009] SAVED: ABNB_daily.csv (1267 rows, 73 columns)
[2025-12-27 13:58:26.196385] FETCHING ABT
[2025-12-27 13:59:14.556577] SAVED: ABT_daily.csv (6536 rows, 73 columns)
[2025-12-27 13:59:14.565810] FETCHING ABTC
[2025-12-27 14:00:01.210938] SAVED: ABTC_daily.csv (82 rows, 72 columns)
[2025-12-27 14:00:01.220451] FETCHING ACN
[2025-12-27 14:00:55.666658] SAVED: ACN_daily.csv (6147 rows, 73 columns)
[2025-12-27 14:00:55.675811] FETCHING ADBE
[2025-12-27 14:01:41.892954] SAVED: ADBE_daily.csv (6536 rows, 73 columns)
[2025-12-27 14:01:41.897376] FETCHING ADI
[2025-12-27 14:02:27.084460] SAVED: ADI_daily.csv (6536 rows, 73 columns)
[2025-12-27 14:02:27.088542] FETCHING ADM
[2025-12-27 14:03:10.529192] SAVED: ADM_daily.csv (6536 rows, 72 columns)
[2025-12-27 14:03:10.538095] FETCHING ADP
[2025-12-27 14:03:56.535931] SAVED: ADP_daily.csv (6536 rows, 73 columns)
[2025-12-27 14:03:56.539975] FETCHING ADSK
[2025-12-27 14:04:45.784507] SAVED: ADSK_daily.csv (6536 rows, 73 columns)
[2025-12-27 14:04:45.789615] FETCHING AEE
[2025-12-27 14:05:29.635817] SAVED: AEE_daily.csv (6536 rows, 73 columns)
[2025-12-27 14:05:29.640010] FETCHING AEP
[2025-12-27 14:06:17.137716] SAVED: AEP_daily.csv (6536 rows, 73 columns)
[2025-12-27 14:06:17.147131] FETCHING AES
[2025-12-27 14:07:03.908715] SAVED: AES_daily.csv (6536 rows, 73 columns)
[2025-12-27 14:07:03.917963] FETCHING AFL
[2025-12-27 14:07:46.155657] SAVED: AFL_daily.csv (6536 rows, 73 columns)
[2025-12-27 14:07:46.158333] FETCHING AI
[2025-12-27 14:08:30.917441] SAVED: AI_daily.csv (1268 rows, 73 columns)
[2025-12-27 14:08:30.921749] FETCHING AIG
[2025-12-27 14:09:17.481073] SAVED: AIG_daily.csv (6536 rows, 73 columns)
[2025-12-27 14:09:17.490716] FETCHING AIT
[2025-12-27 14:09:20.209056] SAVED: AIT_daily.csv (6536 rows, 73 columns)
[2025-12-27 14:09:20.213541] FETCHING AL
[2025-12-27 14:10:05.382298] SAVED: AL_daily.csv (3695 rows, 73 columns)
[2025-12-27 14:10:05.391346] FETCHING ALAB
[2025-12-27 14:10:47.149933] SAVED: ALAB_daily.csv (445 rows, 73 columns)
[2025-12-27 14:10:47.154360] FETCHING ALL
[2025-12-27 14:11:33.370379] SAVED: ALL_daily.csv (6536 rows, 73 columns)
[2025-12-27 14:11:33.375037] FETCHING ALNY
[2025-12-27 14:12:20.238929] SAVED: ALNY_daily.csv (5429 rows, 73 columns)
[2025-12-27 14:12:20.242960] FETCHING ALOT
[2025-12-27 14:13:04.856853] SAVED: ALOT_daily.csv (6536 rows, 73 columns)
[2025-12-27 14:13:04.865902] FETCHING AMAT
[2025-12-27 14:13:46.945377] SAVED: AMAT_daily.csv (6536 rows, 73 columns)
[2025-12-27 14:13:46.949524] FETCHING AMD
[2025-12-27 14:14:34.248164] SAVED: AMD_daily.csv (6536 rows, 73 columns)
[2025-12-27 14:14:34.257160] FETCHING AME
[2025-12-27 14:15:19.782120] SAVED: AME_daily.csv (6536 rows, 73 columns)
[2025-12-27 14:15:19.791138] FETCHING AMG
[2025-12-27 14:15:22.635401] SAVED: AMG_daily.csv (6536 rows, 73 columns)
[2025-12-27 14:15:22.644559] FETCHING AMGN
[2025-12-27 14:16:06.495322] SAVED: AMGN_daily.csv (6536 rows, 73 columns)
[2025-12-27 14:16:06.499607] FETCHING AMKR
[2025-12-27 14:16:50.151693] SAVED: AMKR_daily.csv (6536 rows, 73 columns)
[2025-12-27 14:16:50.161360] FETCHING AMP
[2025-12-27 14:17:36.437741] SAVED: AMP_daily.csv (5103 rows, 73 columns)
[2025-12-27 14:17:36.442243] FETCHING AMPG
[2025-12-27 14:18:21.531398] SAVED: AMPG_daily.csv (6453 rows, 73 columns)
[2025-12-27 14:18:21.540640] FETCHING AMT
[2025-12-27 14:19:06.021059] SAVED: AMT_daily.csv (6536 rows, 73 columns)
[2025-12-27 14:19:06.030263] FETCHING AMZN
[2025-12-27 14:19:08.809284] SAVED: AMZN_daily.csv (6536 rows, 73 columns)
[2025-12-27 14:19:08.813467] FETCHING ANET
[2025-12-27 14:19:52.983219] SAVED: ANET_daily.csv (2908 rows, 73 columns)
[2025-12-27 14:19:52.987905] FETCHING AON
[2025-12-27 14:20:47.222348] SAVED: AON_daily.csv (6536 rows, 73 columns)
[2025-12-27 14:20:47.231456] FETCHING APD
[2025-12-27 14:21:33.961222] SAVED: APD_daily.csv (6536 rows, 73 columns)
[2025-12-27 14:21:33.965554] FETCHING APH
[2025-12-27 14:22:13.861043] SAVED: APH_daily.csv (6536 rows, 73 columns)
[2025-12-27 14:22:13.870431] FETCHING APO
[2025-12-27 14:23:02.849823] SAVED: APO_daily.csv (3709 rows, 73 columns)
[2025-12-27 14:23:02.858980] FETCHING APP
[2025-12-27 14:23:47.171350] SAVED: APP_daily.csv (1182 rows, 73 columns)
[2025-12-27 14:23:47.180607] FETCHING ARES
[2025-12-27 14:24:34.861067] SAVED: ARES_daily.csv (2932 rows, 73 columns)
[2025-12-27 14:24:34.870442] FETCHING ARM
[2025-12-27 14:25:12.611236] SAVED: ARM_daily.csv (574 rows, 73 columns)
[2025-12-27 14:25:12.621390] FETCHING ARMK
[2025-12-27 14:26:01.988481] SAVED: ARMK_daily.csv (3028 rows, 73 columns)
[2025-12-27 14:26:01.997712] FETCHING ASTS
[2025-12-27 14:26:46.896619] SAVED: ASTS_daily.csv (1546 rows, 73 columns)
[2025-12-27 14:26:46.906008] FETCHING ATEX
[2025-12-27 14:27:33.394495] SAVED: ATEX_daily.csv (2742 rows, 73 columns)
[2025-12-27 14:27:33.403581] FETCHING ATO
[2025-12-27 14:28:17.201819] SAVED: ATO_daily.csv (6536 rows, 73 columns)
[2025-12-27 14:28:17.212105] FETCHING ATRC
[2025-12-27 14:29:02.897092] SAVED: ATRC_daily.csv (5131 rows, 73 columns)
[2025-12-27 14:29:02.901927] FETCHING AU
[2025-12-27 14:29:50.132788] SAVED: AU_daily.csv (6536 rows, 73 columns)
[2025-12-27 14:29:50.137287] FETCHING AVGO
[2025-12-27 14:30:33.040973] SAVED: AVGO_daily.csv (4124 rows, 73 columns)
[2025-12-27 14:30:33.050901] FETCHING AXGN
[2025-12-27 14:31:19.475604] SAVED: AXGN_daily.csv (6536 rows, 73 columns)
[2025-12-27 14:31:19.484783] FETCHING AXON
[2025-12-27 14:32:05.580332] SAVED: AXON_daily.csv (6176 rows, 73 columns)
[2025-12-27 14:32:05.584739] FETCHING AXP
[2025-12-27 14:32:51.440750] SAVED: AXP_daily.csv (6536 rows, 73 columns)
[2025-12-27 14:32:51.449858] FETCHING AXS
[2025-12-27 14:33:33.480724] SAVED: AXS_daily.csv (5660 rows, 73 columns)
[2025-12-27 14:33:33.489864] FETCHING AZN
[2025-12-27 14:34:19.024433] SAVED: AZN_daily.csv (6536 rows, 73 columns)
[2025-12-27 14:34:19.033984] FETCHING AZO
[2025-12-27 14:35:05.713576] SAVED: AZO_daily.csv (6536 rows, 73 columns)
[2025-12-27 14:35:05.718245] FETCHING AZUL
[2025-12-27 14:35:50.153380] SAVED: AZUL_daily.csv (2046 rows, 73 columns)
[2025-12-27 14:35:50.162819] FETCHING BA
[2025-12-27 14:36:33.228645] SAVED: BA_daily.csv (6536 rows, 73 columns)
[2025-12-27 14:36:33.237834] FETCHING BABA
[2025-12-27 14:37:19.191392] SAVED: BABA_daily.csv (2835 rows, 73 columns)
[2025-12-27 14:37:19.195422] FETCHING BAC
[2025-12-27 14:38:05.295577] SAVED: BAC_daily.csv (6536 rows, 73 columns)
[2025-12-27 14:38:05.300246] FETCHING BAM
[2025-12-27 14:38:49.466099] SAVED: BAM_daily.csv (770 rows, 73 columns)
[2025-12-27 14:38:49.475523] FETCHING BARC
[2025-12-27 14:38:49.713991] FETCHING BATS
[2025-12-27 14:39:33.414553] SAVED: BATS_daily.csv (226 rows, 73 columns)
[2025-12-27 14:39:33.424701] FETCHING BDX
[2025-12-27 14:40:23.274602] SAVED: BDX_daily.csv (6536 rows, 73 columns)
[2025-12-27 14:40:23.278867] FETCHING BHE
[2025-12-27 14:41:10.783699] SAVED: BHE_daily.csv (6536 rows, 73 columns)
[2025-12-27 14:41:10.789040] FETCHING BIIB
[2025-12-27 14:41:50.288008] SAVED: BIIB_daily.csv (6536 rows, 73 columns)
[2025-12-27 14:41:50.297265] FETCHING BK
[2025-12-27 14:42:40.016251] SAVED: BK_daily.csv (6536 rows, 73 columns)
[2025-12-27 14:42:40.021126] FETCHING BKNG
[2025-12-27 14:43:25.736411] SAVED: BKNG_daily.csv (6536 rows, 72 columns)
[2025-12-27 14:43:25.741067] FETCHING BKR
[2025-12-27 14:44:10.690918] SAVED: BKR_daily.csv (2133 rows, 73 columns)
[2025-12-27 14:44:10.695191] FETCHING BLBD
[2025-12-27 14:44:57.079328] SAVED: BLBD_daily.csv (2957 rows, 73 columns)
[2025-12-27 14:44:57.088557] FETCHING BLK
[2025-12-27 14:45:42.643151] SAVED: BLK_daily.csv (6536 rows, 73 columns)
[2025-12-27 14:45:42.652778] FETCHING BN
[2025-12-27 14:46:35.386673] SAVED: BN_daily.csv (6536 rows, 73 columns)
[2025-12-27 14:46:35.396491] FETCHING BP
[2025-12-27 14:47:22.959510] SAVED: BP_daily.csv (6536 rows, 73 columns)
[2025-12-27 14:47:22.963899] FETCHING BR
[2025-12-27 14:48:07.196031] SAVED: BR_daily.csv (4716 rows, 73 columns)
[2025-12-27 14:48:07.205887] FETCHING BRK.A
[2025-12-27 14:48:52.799459] SAVED: BRK.A_daily.csv (6536 rows, 73 columns)
[2025-12-27 14:48:52.804309] FETCHING BRKR
[2025-12-27 14:49:38.084579] SAVED: BRKR_daily.csv (6387 rows, 73 columns)
[2025-12-27 14:49:38.094032] FETCHING BSX
[2025-12-27 14:50:23.428687] SAVED: BSX_daily.csv (6536 rows, 73 columns)
[2025-12-27 14:50:23.433023] FETCHING BSY
[2025-12-27 14:51:08.356240] SAVED: BSY_daily.csv (1322 rows, 73 columns)
[2025-12-27 14:51:08.360905] FETCHING BT.A
[2025-12-27 14:51:08.516716] FETCHING BX
[2025-12-27 14:51:53.330511] SAVED: BX_daily.csv (4659 rows, 73 columns)
[2025-12-27 14:51:53.335106] FETCHING C
[2025-12-27 14:52:38.315705] SAVED: C_daily.csv (6536 rows, 73 columns)
[2025-12-27 14:52:38.325126] FETCHING CAH
[2025-12-27 14:53:24.597537] SAVED: CAH_daily.csv (6536 rows, 73 columns)
[2025-12-27 14:53:24.601706] FETCHING CARR
[2025-12-27 14:54:09.471719] SAVED: CARR_daily.csv (1452 rows, 73 columns)
[2025-12-27 14:54:09.480947] FETCHING CAT
[2025-12-27 14:54:53.962307] SAVED: CAT_daily.csv (6536 rows, 73 columns)
[2025-12-27 14:54:53.966559] FETCHING CATO
[2025-12-27 14:55:41.977545] SAVED: CATO_daily.csv (6536 rows, 73 columns)
[2025-12-27 14:55:41.981789] FETCHING CB
[2025-12-27 14:56:29.264510] SAVED: CB_daily.csv (6536 rows, 73 columns)
[2025-12-27 14:56:29.269322] FETCHING CBOE
[2025-12-27 14:57:11.757163] SAVED: CBOE_daily.csv (3909 rows, 73 columns)
[2025-12-27 14:57:11.766815] FETCHING CCEP
[2025-12-27 14:57:58.102795] SAVED: CCEP_daily.csv (6536 rows, 73 columns)
[2025-12-27 14:57:58.107599] FETCHING CCI
[2025-12-27 14:58:45.539221] SAVED: CCI_daily.csv (6536 rows, 73 columns)
[2025-12-27 14:58:45.543904] FETCHING CCL
[2025-12-27 14:59:30.630913] SAVED: CCL_daily.csv (6536 rows, 73 columns)
[2025-12-27 14:59:30.635259] FETCHING CCZ
[2025-12-27 15:00:19.410155] SAVED: CCZ_daily.csv (6487 rows, 73 columns)
[2025-12-27 15:00:19.414432] FETCHING CDNS
[2025-12-27 15:01:06.918632] SAVED: CDNS_daily.csv (6536 rows, 73 columns)
[2025-12-27 15:01:06.928975] FETCHING CEG
[2025-12-27 15:01:53.530175] SAVED: CEG_daily.csv (979 rows, 73 columns)
[2025-12-27 15:01:53.534465] FETCHING CGNX
[2025-12-27 15:02:42.848177] SAVED: CGNX_daily.csv (6536 rows, 73 columns)
[2025-12-27 15:02:42.857539] FETCHING CHTR
[2025-12-27 15:03:28.003541] SAVED: CHTR_daily.csv (4020 rows, 73 columns)
[2025-12-27 15:03:28.013088] FETCHING CI
[2025-12-27 15:04:15.159766] SAVED: CI_daily.csv (6536 rows, 73 columns)
[2025-12-27 15:04:15.169442] FETCHING CIEN
[2025-12-27 15:04:59.745618] SAVED: CIEN_daily.csv (6536 rows, 73 columns)
[2025-12-27 15:04:59.755003] FETCHING CINF
[2025-12-27 15:05:43.683262] SAVED: CINF_daily.csv (6536 rows, 73 columns)
[2025-12-27 15:05:43.693106] FETCHING CL
[2025-12-27 15:06:29.941653] SAVED: CL_daily.csv (6536 rows, 73 columns)
[2025-12-27 15:06:29.951407] FETCHING CMC
[2025-12-27 15:07:15.442526] SAVED: CMC_daily.csv (6536 rows, 73 columns)
[2025-12-27 15:07:15.447031] FETCHING CMCSA
[2025-12-27 15:07:59.856521] SAVED: CMCSA_daily.csv (6536 rows, 73 columns)
[2025-12-27 15:07:59.866135] FETCHING CME
[2025-12-27 15:08:44.741386] SAVED: CME_daily.csv (5801 rows, 73 columns)
[2025-12-27 15:08:44.745829] FETCHING CMG
[2025-12-27 15:09:30.469342] SAVED: CMG_daily.csv (5012 rows, 73 columns)
[2025-12-27 15:09:30.478805] FETCHING CNH
[2025-12-27 15:10:14.607512] SAVED: CNH_daily.csv (3080 rows, 73 columns)
[2025-12-27 15:10:14.611894] FETCHING COF
[2025-12-27 15:11:01.156886] SAVED: COF_daily.csv (6536 rows, 73 columns)
[2025-12-27 15:11:01.166314] FETCHING COGT
[2025-12-27 15:11:45.813756] SAVED: COGT_daily.csv (1948 rows, 73 columns)
[2025-12-27 15:11:45.823350] FETCHING COHR
[2025-12-27 15:12:34.242233] SAVED: COHR_daily.csv (6536 rows, 73 columns)
[2025-12-27 15:12:34.252117] FETCHING COIN
[2025-12-27 15:13:18.698636] SAVED: COIN_daily.csv (1183 rows, 73 columns)
[2025-12-27 15:13:18.709049] FETCHING COP
[2025-12-27 15:14:03.198569] SAVED: COP_daily.csv (6536 rows, 73 columns)
[2025-12-27 15:14:03.203469] FETCHING COR
[2025-12-27 15:14:50.516095] SAVED: COR_daily.csv (6536 rows, 73 columns)
[2025-12-27 15:14:50.520821] FETCHING COST
[2025-12-27 15:15:36.841901] SAVED: COST_daily.csv (6536 rows, 73 columns)
[2025-12-27 15:15:36.846138] FETCHING CPAY
[2025-12-27 15:16:20.178401] SAVED: CPAY_daily.csv (3781 rows, 73 columns)
[2025-12-27 15:16:20.188310] FETCHING CPG
[2025-12-27 15:16:20.410856] FETCHING CPNG
[2025-12-27 15:17:06.983873] SAVED: CPNG_daily.csv (1206 rows, 73 columns)
[2025-12-27 15:17:06.988556] FETCHING CPRT
[2025-12-27 15:17:52.887531] SAVED: CPRT_daily.csv (6536 rows, 73 columns)
[2025-12-27 15:17:52.897172] FETCHING CRBG
[2025-12-27 15:18:35.564854] SAVED: CRBG_daily.csv (824 rows, 73 columns)
[2025-12-27 15:18:35.569400] FETCHING CRK
[2025-12-27 15:19:21.305895] SAVED: CRK_daily.csv (6536 rows, 73 columns)
[2025-12-27 15:19:21.315827] FETCHING CRM
[2025-12-27 15:20:08.968183] SAVED: CRM_daily.csv (5414 rows, 73 columns)
[2025-12-27 15:20:08.977860] FETCHING CRSP
[2025-12-27 15:20:56.430857] SAVED: CRSP_daily.csv (2310 rows, 73 columns)
[2025-12-27 15:20:56.440895] FETCHING CRWD
[2025-12-27 15:21:35.555386] SAVED: CRWD_daily.csv (1646 rows, 73 columns)
[2025-12-27 15:21:35.565040] FETCHING CSCO
[2025-12-27 15:22:26.411727] SAVED: CSCO_daily.csv (6536 rows, 73 columns)
[2025-12-27 15:22:26.422889] FETCHING CSGP
[2025-12-27 15:23:12.998719] SAVED: CSGP_daily.csv (6536 rows, 73 columns)
[2025-12-27 15:23:13.008216] FETCHING CSX
[2025-12-27 15:23:57.801462] SAVED: CSX_daily.csv (6536 rows, 73 columns)
[2025-12-27 15:23:57.805924] FETCHING CTSH
[2025-12-27 15:24:46.607126] SAVED: CTSH_daily.csv (6536 rows, 73 columns)
[2025-12-27 15:24:46.616448] FETCHING CTVA
[2025-12-27 15:25:32.157988] SAVED: CTVA_daily.csv (1658 rows, 73 columns)
[2025-12-27 15:25:32.167693] FETCHING CURY
[2025-12-27 15:25:32.429159] FETCHING CVNA
[2025-12-27 15:26:13.781490] SAVED: CVNA_daily.csv (2179 rows, 73 columns)
[2025-12-27 15:26:13.791378] FETCHING CVS
[2025-12-27 15:27:00.201390] SAVED: CVS_daily.csv (6536 rows, 73 columns)
[2025-12-27 15:27:00.211094] FETCHING CVX
[2025-12-27 15:27:46.738347] SAVED: CVX_daily.csv (6536 rows, 73 columns)
[2025-12-27 15:27:46.748083] FETCHING CWEN
[2025-12-27 15:28:32.989645] SAVED: CWEN_daily.csv (3132 rows, 72 columns)
[2025-12-27 15:28:32.994205] FETCHING D
[2025-12-27 15:29:14.156344] SAVED: D_daily.csv (6536 rows, 73 columns)
[2025-12-27 15:29:14.165126] FETCHING DAL
[2025-12-27 15:30:00.667030] SAVED: DAL_daily.csv (4694 rows, 73 columns)
[2025-12-27 15:30:00.676752] FETCHING DASH
[2025-12-27 15:30:46.322851] SAVED: DASH_daily.csv (1268 rows, 73 columns)
[2025-12-27 15:30:46.332361] FETCHING DDOG
[2025-12-27 15:31:32.131343] SAVED: DDOG_daily.csv (1577 rows, 73 columns)
[2025-12-27 15:31:32.140616] FETCHING DE
[2025-12-27 15:32:13.780182] SAVED: DE_daily.csv (6536 rows, 73 columns)
[2025-12-27 15:32:13.789586] FETCHING DELL
[2025-12-27 15:33:00.401911] SAVED: DELL_daily.csv (1763 rows, 73 columns)
[2025-12-27 15:33:00.411290] FETCHING DG
[2025-12-27 15:33:46.294183] SAVED: DG_daily.csv (4054 rows, 73 columns)
[2025-12-27 15:33:46.303537] FETCHING DGE
[2025-12-27 15:33:46.548490] FETCHING DHI
[2025-12-27 15:34:32.906692] SAVED: DHI_daily.csv (6536 rows, 73 columns)
[2025-12-27 15:34:32.916250] FETCHING DHR
[2025-12-27 15:35:14.406511] SAVED: DHR_daily.csv (6536 rows, 73 columns)
[2025-12-27 15:35:14.410988] FETCHING DIS
[2025-12-27 15:36:01.603802] SAVED: DIS_daily.csv (6536 rows, 73 columns)
[2025-12-27 15:36:01.613441] FETCHING DLR
[2025-12-27 15:36:47.341248] SAVED: DLR_daily.csv (5324 rows, 73 columns)
[2025-12-27 15:36:47.345915] FETCHING DLTR
[2025-12-27 15:37:32.396789] SAVED: DLTR_daily.csv (6536 rows, 73 columns)
[2025-12-27 15:37:32.401122] FETCHING DOV
[2025-12-27 15:38:16.818907] SAVED: DOV_daily.csv (6536 rows, 73 columns)
[2025-12-27 15:38:16.828205] FETCHING DUK
[2025-12-27 15:39:04.585664] SAVED: DUK_daily.csv (6536 rows, 73 columns)
[2025-12-27 15:39:04.595002] FETCHING EA
[2025-12-27 15:40:00.909279] SAVED: EA_daily.csv (6536 rows, 73 columns)
[2025-12-27 15:40:00.918088] FETCHING EBAY
[2025-12-27 15:40:50.314012] SAVED: EBAY_daily.csv (6536 rows, 73 columns)
[2025-12-27 15:40:50.318322] FETCHING ECL
[2025-12-27 15:41:37.320699] SAVED: ECL_daily.csv (6536 rows, 73 columns)
[2025-12-27 15:41:37.325628] FETCHING ED
[2025-12-27 15:42:17.996020] SAVED: ED_daily.csv (6536 rows, 73 columns)
[2025-12-27 15:42:18.005020] FETCHING EFX
[2025-12-27 15:43:05.871565] SAVED: EFX_daily.csv (6536 rows, 73 columns)
[2025-12-27 15:43:05.880895] FETCHING EL
[2025-12-27 15:43:52.164193] SAVED: EL_daily.csv (6536 rows, 73 columns)
[2025-12-27 15:43:52.174101] FETCHING ELTEK
[2025-12-27 15:43:52.429741] FETCHING ELV
[2025-12-27 15:44:37.483938] SAVED: ELV_daily.csv (6079 rows, 73 columns)
[2025-12-27 15:44:37.493841] FETCHING EME
[2025-12-27 15:45:21.340873] SAVED: EME_daily.csv (6536 rows, 73 columns)
[2025-12-27 15:45:21.345439] FETCHING EMR
[2025-12-27 15:46:07.246786] SAVED: EMR_daily.csv (6536 rows, 73 columns)
[2025-12-27 15:46:07.251378] FETCHING EOG
[2025-12-27 15:46:52.672552] SAVED: EOG_daily.csv (6536 rows, 73 columns)
[2025-12-27 15:46:52.681895] FETCHING EPD
[2025-12-27 15:47:37.739829] SAVED: EPD_daily.csv (6536 rows, 73 columns)
[2025-12-27 15:47:37.744622] FETCHING EQIX
[2025-12-27 15:48:21.953569] SAVED: EQIX_daily.csv (6382 rows, 73 columns)
[2025-12-27 15:48:21.958415] FETCHING EQT
[2025-12-27 15:49:07.935440] SAVED: EQT_daily.csv (6536 rows, 73 columns)
[2025-12-27 15:49:07.944961] FETCHING EQX
[2025-12-27 15:49:52.834936] SAVED: EQX_daily.csv (1860 rows, 73 columns)
[2025-12-27 15:49:52.845071] FETCHING ESAB
[2025-12-27 15:50:37.257365] SAVED: ESAB_daily.csv (941 rows, 73 columns)
[2025-12-27 15:50:37.267154] FETCHING ET
[2025-12-27 15:51:22.137466] SAVED: ET_daily.csv (5006 rows, 73 columns)
[2025-12-27 15:51:22.142039] FETCHING ETN
[2025-12-27 15:52:08.251292] SAVED: ETN_daily.csv (6536 rows, 73 columns)
[2025-12-27 15:52:08.261006] FETCHING ETR
[2025-12-27 15:52:53.299592] SAVED: ETR_daily.csv (6536 rows, 73 columns)
[2025-12-27 15:52:53.308803] FETCHING ETS
[2025-12-27 15:53:36.950749] SAVED: ETS_daily.csv (89 rows, 72 columns)
[2025-12-27 15:53:36.960082] FETCHING EW
[2025-12-27 15:54:22.628034] SAVED: EW_daily.csv (6478 rows, 73 columns)
[2025-12-27 15:54:22.632917] FETCHING EXC
[2025-12-27 15:55:09.573156] SAVED: EXC_daily.csv (6536 rows, 73 columns)
[2025-12-27 15:55:09.577830] FETCHING EXPE
[2025-12-27 15:55:53.466416] SAVED: EXPE_daily.csv (5142 rows, 73 columns)
[2025-12-27 15:55:53.471132] FETCHING EXPN
[2025-12-27 15:55:53.784316] FETCHING F
[2025-12-27 15:56:37.784116] SAVED: F_daily.csv (6536 rows, 73 columns)
[2025-12-27 15:56:37.793181] FETCHING FANG
[2025-12-27 15:57:24.867074] SAVED: FANG_daily.csv (3320 rows, 73 columns)
[2025-12-27 15:57:24.872519] FETCHING FCF
[2025-12-27 15:58:10.961009] SAVED: FCF_daily.csv (6536 rows, 73 columns)
[2025-12-27 15:58:10.966152] FETCHING FCX
[2025-12-27 15:58:53.556617] SAVED: FCX_daily.csv (6536 rows, 73 columns)
[2025-12-27 15:58:53.565860] FETCHING FDX
[2025-12-27 15:59:39.009391] SAVED: FDX_daily.csv (6536 rows, 73 columns)
[2025-12-27 15:59:39.014003] FETCHING FE
[2025-12-27 16:00:25.482633] SAVED: FE_daily.csv (6536 rows, 73 columns)
[2025-12-27 16:00:25.492318] FETCHING FERG
[2025-12-27 16:01:10.514316] SAVED: FERG_daily.csv (3935 rows, 73 columns)
[2025-12-27 16:01:10.523786] FETCHING FICO
[2025-12-27 16:01:52.993531] SAVED: FICO_daily.csv (6536 rows, 73 columns)
[2025-12-27 16:01:52.998091] FETCHING FIS
[2025-12-27 16:02:39.369005] SAVED: FIS_daily.csv (6167 rows, 73 columns)
[2025-12-27 16:02:39.378773] FETCHING FISV
[2025-12-27 16:03:25.196079] SAVED: FISV_daily.csv (6536 rows, 73 columns)
[2025-12-27 16:03:25.200683] FETCHING FITB
[2025-12-27 16:04:10.649135] SAVED: FITB_daily.csv (6536 rows, 73 columns)
[2025-12-27 16:04:10.658898] FETCHING FIX
[2025-12-27 16:04:53.541854] SAVED: FIX_daily.csv (6536 rows, 73 columns)
[2025-12-27 16:04:53.551478] FETCHING FLS
[2025-12-27 16:05:38.470899] SAVED: FLS_daily.csv (6536 rows, 73 columns)
[2025-12-27 16:05:38.480614] FETCHING FLUT
[2025-12-27 16:06:24.854351] SAVED: FLUT_daily.csv (1727 rows, 73 columns)
[2025-12-27 16:06:24.863720] FETCHING FNTN
[2025-12-27 16:06:25.111130] FETCHING FOX
[2025-12-27 16:07:10.457023] SAVED: FOX_daily.csv (1709 rows, 73 columns)
[2025-12-27 16:07:10.466209] FETCHING FSLR
[2025-12-27 16:07:55.630483] SAVED: FSLR_daily.csv (4806 rows, 73 columns)
[2025-12-27 16:07:55.640597] FETCHING FSS
[2025-12-27 16:08:39.404454] SAVED: FSS_daily.csv (6536 rows, 73 columns)
[2025-12-27 16:08:39.413561] FETCHING FTNT
[2025-12-27 16:09:25.650731] SAVED: FTNT_daily.csv (4051 rows, 73 columns)
[2025-12-27 16:09:25.655238] FETCHING FYBR
[2025-12-27 16:10:09.820854] SAVED: FYBR_daily.csv (1169 rows, 73 columns)
[2025-12-27 16:10:09.830613] FETCHING GD
[2025-12-27 16:10:55.898771] SAVED: GD_daily.csv (6536 rows, 73 columns)
[2025-12-27 16:10:55.907816] FETCHING GE
[2025-12-27 16:11:41.024659] SAVED: GE_daily.csv (6536 rows, 73 columns)
[2025-12-27 16:11:41.028955] FETCHING GEV
[2025-12-27 16:12:27.745681] SAVED: GEV_daily.csv (440 rows, 73 columns)
[2025-12-27 16:12:27.750647] FETCHING GH
[2025-12-27 16:13:09.420284] SAVED: GH_daily.csv (1817 rows, 73 columns)
[2025-12-27 16:13:09.430351] FETCHING GILD
[2025-12-27 16:13:55.667057] SAVED: GILD_daily.csv (6536 rows, 73 columns)
[2025-12-27 16:13:55.676193] FETCHING GLEN
[2025-12-27 16:13:55.934418] FETCHING GLW
[2025-12-27 16:14:42.717311] SAVED: GLW_daily.csv (6536 rows, 73 columns)
[2025-12-27 16:14:42.722329] FETCHING GM
[2025-12-27 16:15:29.789421] SAVED: GM_daily.csv (3799 rows, 73 columns)
[2025-12-27 16:15:29.799391] FETCHING GOGO
[2025-12-27 16:16:10.200766] SAVED: GOGO_daily.csv (3149 rows, 73 columns)
[2025-12-27 16:16:10.210351] FETCHING GOOG
[2025-12-27 16:16:56.176872] SAVED: GOOG_daily.csv (2957 rows, 73 columns)
[2025-12-27 16:16:56.181902] FETCHING GPOR
[2025-12-27 16:17:41.924780] SAVED: GPOR_daily.csv (1158 rows, 73 columns)
[2025-12-27 16:17:41.929759] FETCHING GRMN
[2025-12-27 16:18:28.330374] SAVED: GRMN_daily.csv (6299 rows, 73 columns)
[2025-12-27 16:18:28.340293] FETCHING GRNT
[2025-12-27 16:19:10.413473] SAVED: GRNT_daily.csv (1290 rows, 73 columns)
[2025-12-27 16:19:10.418010] FETCHING GS
[2025-12-27 16:19:56.974089] SAVED: GS_daily.csv (6536 rows, 73 columns)
[2025-12-27 16:19:56.983034] FETCHING GSK
[2025-12-27 16:20:43.130807] SAVED: GSK_daily.csv (6536 rows, 73 columns)
[2025-12-27 16:20:43.135382] FETCHING GTLS
[2025-12-27 16:21:27.981806] SAVED: GTLS_daily.csv (4887 rows, 73 columns)
[2025-12-27 16:21:27.991210] FETCHING GWW
[2025-12-27 16:22:11.231538] SAVED: GWW_daily.csv (6536 rows, 73 columns)
[2025-12-27 16:22:11.236076] FETCHING HCA
[2025-12-27 16:22:56.908291] SAVED: HCA_daily.csv (3723 rows, 73 columns)
[2025-12-27 16:22:56.917754] FETCHING HCC
[2025-12-27 16:23:43.865496] SAVED: HCC_daily.csv (2192 rows, 73 columns)
[2025-12-27 16:23:43.875488] FETCHING HD
[2025-12-27 16:24:26.949699] SAVED: HD_daily.csv (6536 rows, 73 columns)
[2025-12-27 16:24:26.958982] FETCHING HEI
[2025-12-27 16:25:16.117644] SAVED: HEI_daily.csv (6536 rows, 73 columns)
[2025-12-27 16:25:16.127087] FETCHING HIG
[2025-12-27 16:26:01.634539] SAVED: HIG_daily.csv (6536 rows, 73 columns)
[2025-12-27 16:26:01.643698] FETCHING HIMS
[2025-12-27 16:26:45.681232] SAVED: HIMS_daily.csv (1581 rows, 73 columns)
[2025-12-27 16:26:45.690167] FETCHING HIMX
[2025-12-27 16:27:30.342246] SAVED: HIMX_daily.csv (4967 rows, 73 columns)
[2025-12-27 16:27:30.347047] FETCHING HON
[2025-12-27 16:28:16.029416] SAVED: HON_daily.csv (6536 rows, 73 columns)
[2025-12-27 16:28:16.039638] FETCHING HOOD
[2025-12-27 16:29:01.439362] SAVED: HOOD_daily.csv (1109 rows, 73 columns)
[2025-12-27 16:29:01.443860] FETCHING HPQ
[2025-12-27 16:29:45.571950] SAVED: HPQ_daily.csv (6536 rows, 73 columns)
[2025-12-27 16:29:45.581572] FETCHING HSBA
[2025-12-27 16:29:45.811174] FETCHING HSY
[2025-12-27 16:30:31.983576] SAVED: HSY_daily.csv (6536 rows, 73 columns)
[2025-12-27 16:30:31.993341] FETCHING HTO
[2025-12-27 16:31:18.355276] SAVED: HTO_daily.csv (6536 rows, 73 columns)
[2025-12-27 16:31:18.364534] FETCHING HUBB
[2025-12-27 16:32:04.227082] SAVED: HUBB_daily.csv (2516 rows, 73 columns)
[2025-12-27 16:32:04.236838] FETCHING HUM
[2025-12-27 16:32:45.821624] SAVED: HUM_daily.csv (6536 rows, 73 columns)
[2025-12-27 16:32:45.826193] FETCHING IBKR
[2025-12-27 16:33:32.503299] SAVED: IBKR_daily.csv (4693 rows, 73 columns)
[2025-12-27 16:33:32.511447] FETCHING IBM
[2025-12-27 16:34:19.773660] SAVED: IBM_daily.csv (6536 rows, 73 columns)
[2025-12-27 16:34:19.783186] FETCHING ICE
[2025-12-27 16:35:06.802808] SAVED: ICE_daily.csv (5059 rows, 73 columns)
[2025-12-27 16:35:06.812580] FETCHING IDXX
[2025-12-27 16:35:50.403384] SAVED: IDXX_daily.csv (6536 rows, 73 columns)
[2025-12-27 16:35:50.412867] FETCHING IMB
[2025-12-27 16:35:50.639879] FETCHING IMTX
[2025-12-27 16:36:37.206206] SAVED: IMTX_daily.csv (1379 rows, 73 columns)
[2025-12-27 16:36:37.210795] FETCHING INSM
[2025-12-27 16:37:21.695977] SAVED: INSM_daily.csv (6432 rows, 73 columns)
[2025-12-27 16:37:21.700706] FETCHING INTC
[2025-12-27 16:38:07.428785] SAVED: INTC_daily.csv (6536 rows, 73 columns)
[2025-12-27 16:38:07.438044] FETCHING INTU
[2025-12-27 16:38:51.886767] SAVED: INTU_daily.csv (6536 rows, 73 columns)
[2025-12-27 16:38:51.891427] FETCHING IQV
[2025-12-27 16:39:37.356337] SAVED: IQV_daily.csv (3179 rows, 73 columns)
[2025-12-27 16:39:37.360872] FETCHING IR
[2025-12-27 16:40:21.623521] SAVED: IR_daily.csv (2169 rows, 73 columns)
[2025-12-27 16:40:21.628003] FETCHING IRDM
[2025-12-27 16:41:06.734795] SAVED: IRDM_daily.csv (4472 rows, 73 columns)
[2025-12-27 16:41:06.739370] FETCHING ISRG
[2025-12-27 16:41:54.206524] SAVED: ISRG_daily.csv (6421 rows, 73 columns)
[2025-12-27 16:41:54.216328] FETCHING IT
[2025-12-27 16:42:38.131645] SAVED: IT_daily.csv (6536 rows, 73 columns)
[2025-12-27 16:42:38.141418] FETCHING ITW
[2025-12-27 16:43:22.227965] SAVED: ITW_daily.csv (6536 rows, 73 columns)
[2025-12-27 16:43:22.237557] FETCHING JCI
[2025-12-27 16:44:08.236733] SAVED: JCI_daily.csv (6536 rows, 73 columns)
[2025-12-27 16:44:08.241661] FETCHING JD
[2025-12-27 16:44:54.596291] SAVED: JD_daily.csv (2918 rows, 73 columns)
[2025-12-27 16:44:54.605842] FETCHING JNJ
[2025-12-27 16:45:37.990036] SAVED: JNJ_daily.csv (6536 rows, 73 columns)
[2025-12-27 16:45:37.994692] FETCHING JPM
[2025-12-27 16:46:22.434998] SAVED: JPM_daily.csv (6536 rows, 73 columns)
[2025-12-27 16:46:22.439872] FETCHING KEY
[2025-12-27 16:47:09.522243] SAVED: KEY_daily.csv (6536 rows, 73 columns)
[2025-12-27 16:47:09.527145] FETCHING KEYS
[2025-12-27 16:47:53.593595] SAVED: KEYS_daily.csv (2814 rows, 73 columns)
[2025-12-27 16:47:53.603527] FETCHING KHC
[2025-12-27 16:48:37.294377] SAVED: KHC_daily.csv (2637 rows, 73 columns)
[2025-12-27 16:48:37.298939] FETCHING KKR
[2025-12-27 16:49:22.413665] SAVED: KKR_daily.csv (3888 rows, 73 columns)
[2025-12-27 16:49:22.418394] FETCHING KLAC
[2025-12-27 16:50:08.880934] SAVED: KLAC_daily.csv (6536 rows, 73 columns)
[2025-12-27 16:50:08.885299] FETCHING KMB
[2025-12-27 16:50:55.310721] SAVED: KMB_daily.csv (6536 rows, 73 columns)
[2025-12-27 16:50:55.315270] FETCHING KMI
[2025-12-27 16:51:38.918473] SAVED: KMI_daily.csv (3741 rows, 73 columns)
[2025-12-27 16:51:38.923272] FETCHING KO
[2025-12-27 16:52:23.123480] SAVED: KO_daily.csv (6536 rows, 73 columns)
[2025-12-27 16:52:23.132831] FETCHING KR
[2025-12-27 16:53:08.999363] SAVED: KR_daily.csv (6536 rows, 73 columns)
[2025-12-27 16:53:09.009063] FETCHING KVUE
[2025-12-27 16:53:54.078633] SAVED: KVUE_daily.csv (665 rows, 73 columns)
[2025-12-27 16:53:54.088004] FETCHING KVYO
[2025-12-27 16:54:37.895814] SAVED: KVYO_daily.csv (570 rows, 73 columns)
[2025-12-27 16:54:37.905766] FETCHING LASER
[2025-12-27 16:54:38.406140] FETCHING LECO
[2025-12-27 16:55:23.529232] SAVED: LECO_daily.csv (6536 rows, 73 columns)
[2025-12-27 16:55:23.533982] FETCHING LEG
[2025-12-27 16:56:09.989888] SAVED: LEG_daily.csv (6536 rows, 73 columns)
[2025-12-27 16:56:09.999637] FETCHING LEN
[2025-12-27 16:56:54.964299] SAVED: LEN_daily.csv (6536 rows, 73 columns)
[2025-12-27 16:56:54.968846] FETCHING LGIH
[2025-12-27 16:57:39.319588] SAVED: LGIH_daily.csv (3052 rows, 73 columns)
[2025-12-27 16:57:39.328595] FETCHING LHX
[2025-12-27 16:58:23.521755] SAVED: LHX_daily.csv (6536 rows, 73 columns)
[2025-12-27 16:58:23.526564] FETCHING LII
[2025-12-27 16:59:09.664425] SAVED: LII_daily.csv (6536 rows, 73 columns)
[2025-12-27 16:59:09.674144] FETCHING LIN
[2025-12-27 16:59:54.496632] SAVED: LIN_daily.csv (1820 rows, 73 columns)
[2025-12-27 16:59:54.506298] FETCHING LINK
[2025-12-27 17:00:38.123134] SAVED: LINK_daily.csv (3434 rows, 73 columns)
[2025-12-27 17:00:38.128096] FETCHING LITE
[2025-12-27 17:01:23.100592] SAVED: LITE_daily.csv (2616 rows, 73 columns)
[2025-12-27 17:01:23.105018] FETCHING LKFN
[2025-12-27 17:02:09.634080] SAVED: LKFN_daily.csv (6536 rows, 73 columns)
[2025-12-27 17:02:09.643657] FETCHING LLOY
[2025-12-27 17:02:09.926331] FETCHING LLY
[2025-12-27 17:02:57.477329] SAVED: LLY_daily.csv (6536 rows, 73 columns)
[2025-12-27 17:02:57.482057] FETCHING LMT
[2025-12-27 17:03:39.610602] SAVED: LMT_daily.csv (6536 rows, 73 columns)
[2025-12-27 17:03:39.615501] FETCHING LNG
[2025-12-27 17:04:25.175576] SAVED: LNG_daily.csv (6536 rows, 73 columns)
[2025-12-27 17:04:25.181341] FETCHING LOW
[2025-12-27 17:05:12.139281] SAVED: LOW_daily.csv (6536 rows, 73 columns)
[2025-12-27 17:05:12.149031] FETCHING LRCX
[2025-12-27 17:05:58.074369] SAVED: LRCX_daily.csv (6536 rows, 73 columns)
[2025-12-27 17:05:58.079263] FETCHING LSEG
[2025-12-27 17:05:58.366395] FETCHING LVSL
[2025-12-27 17:05:58.640039] FETCHING LYV
[2025-12-27 17:06:41.293376] SAVED: LYV_daily.csv (5035 rows, 73 columns)
[2025-12-27 17:06:41.297874] FETCHING M
[2025-12-27 17:07:30.803972] SAVED: M_daily.csv (6536 rows, 73 columns)
[2025-12-27 17:07:30.808698] FETCHING MA
[2025-12-27 17:08:17.552407] SAVED: MA_daily.csv (4929 rows, 73 columns)
[2025-12-27 17:08:17.557185] FETCHING MAR
[2025-12-27 17:09:02.891820] SAVED: MAR_daily.csv (6536 rows, 73 columns)
[2025-12-27 17:09:02.901485] FETCHING MBIN
[2025-12-27 17:09:50.034562] SAVED: MBIN_daily.csv (2052 rows, 73 columns)
[2025-12-27 17:09:50.044646] FETCHING MCD
[2025-12-27 17:10:33.926975] SAVED: MCD_daily.csv (6536 rows, 73 columns)
[2025-12-27 17:10:33.931561] FETCHING MCK
[2025-12-27 17:11:18.165971] SAVED: MCK_daily.csv (6536 rows, 73 columns)
[2025-12-27 17:11:18.170718] FETCHING MCPH
[2025-12-27 17:12:04.888921] SAVED: MCPH_daily.csv (3009 rows, 73 columns)
[2025-12-27 17:12:04.898111] FETCHING MDB
[2025-12-27 17:12:50.932054] SAVED: MDB_daily.csv (2058 rows, 73 columns)
[2025-12-27 17:12:50.941337] FETCHING MDLZ
[2025-12-27 17:13:33.485150] SAVED: MDLZ_daily.csv (6172 rows, 73 columns)
[2025-12-27 17:13:33.489746] FETCHING MDT
[2025-12-27 17:14:18.601843] SAVED: MDT_daily.csv (6536 rows, 73 columns)
[2025-12-27 17:14:18.611349] FETCHING MELI
[2025-12-27 17:15:05.012822] SAVED: MELI_daily.csv (4625 rows, 73 columns)
[2025-12-27 17:15:05.022154] FETCHING MET
[2025-12-27 17:15:51.464677] SAVED: MET_daily.csv (6471 rows, 73 columns)
[2025-12-27 17:15:51.469106] FETCHING META
[2025-12-27 17:16:32.862429] SAVED: META_daily.csv (3422 rows, 73 columns)
[2025-12-27 17:16:32.871699] FETCHING METC
[2025-12-27 17:17:18.084333] SAVED: METC_daily.csv (2237 rows, 73 columns)
[2025-12-27 17:17:18.093872] FETCHING MGEE
[2025-12-27 17:18:11.700736] SAVED: MGEE_daily.csv (6536 rows, 73 columns)
[2025-12-27 17:18:11.705640] FETCHING MMM
[2025-12-27 17:18:54.575588] SAVED: MMM_daily.csv (6536 rows, 73 columns)
[2025-12-27 17:18:54.580544] FETCHING MNST
[2025-12-27 17:19:40.021551] SAVED: MNST_daily.csv (6536 rows, 73 columns)
[2025-12-27 17:19:40.026185] FETCHING MO
[2025-12-27 17:20:26.715505] SAVED: MO_daily.csv (6536 rows, 73 columns)
[2025-12-27 17:20:26.720234] FETCHING MORN
[2025-12-27 17:21:12.161066] SAVED: MORN_daily.csv (5197 rows, 73 columns)
[2025-12-27 17:21:12.170573] FETCHING MPC
[2025-12-27 17:21:54.745397] SAVED: MPC_daily.csv (3650 rows, 73 columns)
[2025-12-27 17:21:54.750579] FETCHING MPLX
[2025-12-27 17:22:40.852976] SAVED: MPLX_daily.csv (3310 rows, 73 columns)
[2025-12-27 17:22:40.857611] FETCHING MPWR
[2025-12-27 17:23:26.438007] SAVED: MPWR_daily.csv (5309 rows, 73 columns)
[2025-12-27 17:23:26.443093] FETCHING MRK
[2025-12-27 17:24:11.766346] SAVED: MRK_daily.csv (6536 rows, 73 columns)
[2025-12-27 17:24:11.775759] FETCHING MRVL
[2025-12-27 17:24:54.843583] SAVED: MRVL_daily.csv (6411 rows, 73 columns)
[2025-12-27 17:24:54.853229] FETCHING MS
[2025-12-27 17:25:42.368205] SAVED: MS_daily.csv (6536 rows, 73 columns)
[2025-12-27 17:25:42.372544] FETCHING MSCI
[2025-12-27 17:26:26.323512] SAVED: MSCI_daily.csv (4557 rows, 73 columns)
[2025-12-27 17:26:26.332814] FETCHING MSEX
[2025-12-27 17:27:11.291083] SAVED: MSEX_daily.csv (6536 rows, 73 columns)
[2025-12-27 17:27:11.300598] FETCHING MSFT
[2025-12-27 17:27:56.358752] SAVED: MSFT_daily.csv (6536 rows, 73 columns)
[2025-12-27 17:27:56.368229] FETCHING MSI
[2025-12-27 17:28:42.436552] SAVED: MSI_daily.csv (6536 rows, 73 columns)
[2025-12-27 17:28:42.446744] FETCHING MTD
[2025-12-27 17:29:25.790138] SAVED: MTD_daily.csv (6536 rows, 73 columns)
[2025-12-27 17:29:25.794811] FETCHING MU
[2025-12-27 17:30:10.617172] SAVED: MU_daily.csv (6536 rows, 73 columns)
[2025-12-27 17:30:10.626916] FETCHING NDAQ
[2025-12-27 17:30:57.293784] SAVED: NDAQ_daily.csv (5912 rows, 73 columns)
[2025-12-27 17:30:57.298551] FETCHING NEE
[2025-12-27 17:31:42.044952] SAVED: NEE_daily.csv (6536 rows, 73 columns)
[2025-12-27 17:31:42.055088] FETCHING NEM
[2025-12-27 17:32:25.521335] SAVED: NEM_daily.csv (6536 rows, 73 columns)
[2025-12-27 17:32:25.525798] FETCHING NET
[2025-12-27 17:33:11.393826] SAVED: NET_daily.csv (1581 rows, 73 columns)
[2025-12-27 17:33:11.398204] FETCHING NFLX
[2025-12-27 17:33:57.016234] SAVED: NFLX_daily.csv (5938 rows, 73 columns)
[2025-12-27 17:33:57.025698] FETCHING NKE
[2025-12-27 17:34:45.376715] SAVED: NKE_daily.csv (6536 rows, 73 columns)
[2025-12-27 17:34:45.381408] FETCHING NOW
[2025-12-27 17:35:31.443568] SAVED: NOW_daily.csv (3393 rows, 73 columns)
[2025-12-27 17:35:31.453310] FETCHING NRG
[2025-12-27 17:36:11.406552] SAVED: NRG_daily.csv (5553 rows, 73 columns)
[2025-12-27 17:36:11.411185] FETCHING NSC
[2025-12-27 17:36:58.107591] SAVED: NSC_daily.csv (6536 rows, 73 columns)
[2025-12-27 17:36:58.117105] FETCHING NTES
[2025-12-27 17:37:45.888817] SAVED: NTES_daily.csv (6411 rows, 73 columns)
[2025-12-27 17:37:45.893392] FETCHING NTRAC
[2025-12-27 17:37:46.168771] FETCHING NU
[2025-12-27 17:38:31.735848] SAVED: NU_daily.csv (1016 rows, 73 columns)
[2025-12-27 17:38:31.740425] FETCHING NUE
[2025-12-27 17:39:13.707815] SAVED: NUE_daily.csv (6536 rows, 73 columns)
[2025-12-27 17:39:13.712515] FETCHING NVDA
[2025-12-27 17:40:01.053076] SAVED: NVDA_daily.csv (6536 rows, 73 columns)
[2025-12-27 17:40:01.057706] FETCHING NVMI
[2025-12-27 17:40:47.082914] SAVED: NVMI_daily.csv (6467 rows, 73 columns)
[2025-12-27 17:40:47.087407] FETCHING NVTK
[2025-12-27 17:40:47.352567] FETCHING NWE
[2025-12-27 17:40:49.781566] SAVED: NWE_daily.csv (4528 rows, 73 columns)
[2025-12-27 17:40:49.791625] FETCHING NWN
[2025-12-27 17:41:34.504011] SAVED: NWN_daily.csv (6536 rows, 73 columns)
[2025-12-27 17:41:34.513948] FETCHING O
[2025-12-27 17:42:17.479738] SAVED: O_daily.csv (6536 rows, 73 columns)
[2025-12-27 17:42:17.484388] FETCHING ODFL
[2025-12-27 17:43:04.264809] SAVED: ODFL_daily.csv (6536 rows, 73 columns)
[2025-12-27 17:43:04.274296] FETCHING OKE
[2025-12-27 17:43:49.723872] SAVED: OKE_daily.csv (6536 rows, 73 columns)
[2025-12-27 17:43:49.728600] FETCHING OLVI
[2025-12-27 17:44:33.130657] SAVED: OLVI_daily.csv (1856 rows, 73 columns)
[2025-12-27 17:44:33.140313] FETCHING OMC
[2025-12-27 17:45:18.629053] SAVED: OMC_daily.csv (6536 rows, 73 columns)
[2025-12-27 17:45:18.633907] FETCHING OPL
[2025-12-27 17:45:18.876874] FETCHING ORCL
[2025-12-27 17:46:04.770932] SAVED: ORCL_daily.csv (6536 rows, 73 columns)
[2025-12-27 17:46:04.780555] FETCHING ORLY
[2025-12-27 17:46:49.936638] SAVED: ORLY_daily.csv (6536 rows, 73 columns)
[2025-12-27 17:46:49.941433] FETCHING OTIS
[2025-12-27 17:47:34.454917] SAVED: OTIS_daily.csv (1452 rows, 73 columns)
[2025-12-27 17:47:34.464563] FETCHING OXY
[2025-12-27 17:48:18.857528] SAVED: OXY_daily.csv (6536 rows, 73 columns)
[2025-12-27 17:48:18.862687] FETCHING PANW
[2025-12-27 17:49:04.178705] SAVED: PANW_daily.csv (3379 rows, 73 columns)
[2025-12-27 17:49:04.188693] FETCHING PARR
[2025-12-27 17:49:49.091895] SAVED: PARR_daily.csv (3347 rows, 73 columns)
[2025-12-27 17:49:49.096473] FETCHING PAYX
[2025-12-27 17:50:34.290974] SAVED: PAYX_daily.csv (6536 rows, 73 columns)
[2025-12-27 17:50:34.296012] FETCHING PCAR
[2025-12-27 17:51:18.766069] SAVED: PCAR_daily.csv (6536 rows, 73 columns)
[2025-12-27 17:51:18.775659] FETCHING PCTY
[2025-12-27 17:52:03.709899] SAVED: PCTY_daily.csv (2963 rows, 73 columns)
[2025-12-27 17:52:03.714819] FETCHING PDD
[2025-12-27 17:52:48.531588] SAVED: PDD_daily.csv (1866 rows, 73 columns)
[2025-12-27 17:52:48.536564] FETCHING PDFS
[2025-12-27 17:53:34.101836] SAVED: PDFS_daily.csv (6139 rows, 73 columns)
[2025-12-27 17:53:34.111810] FETCHING PEG
[2025-12-27 17:54:18.356028] SAVED: PEG_daily.csv (6536 rows, 73 columns)
[2025-12-27 17:54:18.360787] FETCHING PEP
[2025-12-27 17:55:04.994595] SAVED: PEP_daily.csv (6536 rows, 73 columns)
[2025-12-27 17:55:04.999269] FETCHING PFE
[2025-12-27 17:55:53.480986] SAVED: PFE_daily.csv (6536 rows, 73 columns)
[2025-12-27 17:55:53.490316] FETCHING PG
[2025-12-27 17:56:33.689141] SAVED: PG_daily.csv (6536 rows, 73 columns)
[2025-12-27 17:56:33.693934] FETCHING PGR
[2025-12-27 17:57:20.049662] SAVED: PGR_daily.csv (6536 rows, 73 columns)
[2025-12-27 17:57:20.054473] FETCHING PH
[2025-12-27 17:58:08.291779] SAVED: PH_daily.csv (6536 rows, 73 columns)
[2025-12-27 17:58:08.301190] FETCHING PHVS
[2025-12-27 17:58:52.786594] SAVED: PHVS_daily.csv (1229 rows, 73 columns)
[2025-12-27 17:58:52.791095] FETCHING PL
[2025-12-27 17:59:34.298339] SAVED: PL_daily.csv (1175 rows, 73 columns)
[2025-12-27 17:59:34.307953] FETCHING PLAB
[2025-12-27 18:00:21.182897] SAVED: PLAB_daily.csv (6536 rows, 73 columns)
[2025-12-27 18:00:21.192956] FETCHING PLD
[2025-12-27 18:01:07.721469] SAVED: PLD_daily.csv (6536 rows, 73 columns)
[2025-12-27 18:01:07.730947] FETCHING PLTR
[2025-12-27 18:01:53.523983] SAVED: PLTR_daily.csv (1317 rows, 73 columns)
[2025-12-27 18:01:53.534179] FETCHING PM
[2025-12-27 18:02:35.471988] SAVED: PM_daily.csv (4475 rows, 73 columns)
[2025-12-27 18:02:35.476764] FETCHING PNC
[2025-12-27 18:03:21.314118] SAVED: PNC_daily.csv (6536 rows, 73 columns)
[2025-12-27 18:03:21.323783] FETCHING PODD
[2025-12-27 18:04:08.317264] SAVED: PODD_daily.csv (4686 rows, 73 columns)
[2025-12-27 18:04:08.326808] FETCHING POOL
[2025-12-27 18:04:53.847275] SAVED: POOL_daily.csv (6536 rows, 73 columns)
[2025-12-27 18:04:53.852093] FETCHING POR
[2025-12-27 18:05:35.577290] SAVED: POR_daily.csv (4967 rows, 73 columns)
[2025-12-27 18:05:35.586769] FETCHING PRU
[2025-12-27 18:06:22.152999] SAVED: PRU_daily.csv (6048 rows, 73 columns)
[2025-12-27 18:06:22.157703] FETCHING PSA
[2025-12-27 18:07:07.805148] SAVED: PSA_daily.csv (6536 rows, 73 columns)
[2025-12-27 18:07:07.810134] FETCHING PSX
[2025-12-27 18:07:53.409635] SAVED: PSX_daily.csv (3448 rows, 73 columns)
[2025-12-27 18:07:53.419191] FETCHING PWR
[2025-12-27 18:08:40.971425] SAVED: PWR_daily.csv (6536 rows, 73 columns)
[2025-12-27 18:08:40.981511] FETCHING PYPL
[2025-12-27 18:09:21.885387] SAVED: PYPL_daily.csv (2627 rows, 73 columns)
[2025-12-27 18:09:21.890142] FETCHING QBTS
[2025-12-27 18:10:07.339993] SAVED: QBTS_daily.csv (851 rows, 73 columns)
[2025-12-27 18:10:07.344507] FETCHING QCOM
[2025-12-27 18:10:53.882844] SAVED: QCOM_daily.csv (6536 rows, 73 columns)
[2025-12-27 18:10:53.887587] FETCHING QCRH
[2025-12-27 18:11:41.064929] SAVED: QCRH_daily.csv (6536 rows, 73 columns)
[2025-12-27 18:11:41.074387] FETCHING QGEN
[2025-12-27 18:12:21.907114] SAVED: QGEN_daily.csv (6536 rows, 73 columns)
[2025-12-27 18:12:21.911665] FETCHING QSR
[2025-12-27 18:13:07.436488] SAVED: QSR_daily.csv (2775 rows, 73 columns)
[2025-12-27 18:13:07.445789] FETCHING RASP
[2025-12-27 18:13:53.815598] SAVED: RASP_daily.csv (1425 rows, 73 columns)
[2025-12-27 18:13:53.820263] FETCHING RBLIX
[2025-12-27 18:13:54.080412] FETCHING RBRK
[2025-12-27 18:14:40.723161] SAVED: RBRK_daily.csv (420 rows, 73 columns)
[2025-12-27 18:14:40.733531] FETCHING RCI
[2025-12-27 18:15:23.156554] SAVED: RCI_daily.csv (6536 rows, 73 columns)
[2025-12-27 18:15:23.166387] FETCHING RCL
[2025-12-27 18:16:10.363651] SAVED: RCL_daily.csv (6536 rows, 73 columns)
[2025-12-27 18:16:10.373248] FETCHING RDDT
[2025-12-27 18:16:55.054654] SAVED: RDDT_daily.csv (444 rows, 73 columns)
[2025-12-27 18:16:55.064216] FETCHING RDW
[2025-12-27 18:17:40.403504] SAVED: RDW_daily.csv (1084 rows, 73 columns)
[2025-12-27 18:17:40.412870] FETCHING REGN
[2025-12-27 18:18:23.747361] SAVED: REGN_daily.csv (6536 rows, 73 columns)
[2025-12-27 18:18:23.757163] FETCHING REL
[2025-12-27 18:18:24.006997] FETCHING RELL
[2025-12-27 18:19:11.928732] SAVED: RELL_daily.csv (6536 rows, 73 columns)
[2025-12-27 18:19:11.939106] FETCHING RIO
[2025-12-27 18:19:57.051358] SAVED: RIO_daily.csv (6536 rows, 73 columns)
[2025-12-27 18:19:57.055979] FETCHING RKLB
[2025-12-27 18:20:40.735507] SAVED: RKLB_daily.csv (1091 rows, 73 columns)
[2025-12-27 18:20:40.740287] FETCHING RKT
[2025-12-27 18:21:24.924157] SAVED: RKT_daily.csv (1355 rows, 73 columns)
[2025-12-27 18:21:24.928922] FETCHING RMD
[2025-12-27 18:22:11.454836] SAVED: RMD_daily.csv (6536 rows, 73 columns)
[2025-12-27 18:22:11.463993] FETCHING ROK
[2025-12-27 18:22:57.759452] SAVED: ROK_daily.csv (6536 rows, 73 columns)
[2025-12-27 18:22:57.764105] FETCHING ROL
[2025-12-27 18:23:41.335297] SAVED: ROL_daily.csv (6536 rows, 73 columns)
[2025-12-27 18:23:41.344531] FETCHING ROP
[2025-12-27 18:24:28.144804] SAVED: ROP_daily.csv (6536 rows, 73 columns)
[2025-12-27 18:24:28.154994] FETCHING ROSN
[2025-12-27 18:25:14.062865] SAVED: ROSN_daily.csv (3339 rows, 73 columns)
[2025-12-27 18:25:14.067805] FETCHING ROST
[2025-12-27 18:25:57.809391] SAVED: ROST_daily.csv (6536 rows, 73 columns)
[2025-12-27 18:25:57.814440] FETCHING RR.
[2025-12-27 18:25:57.991732] FETCHING RRC
[2025-12-27 18:26:42.744100] SAVED: RRC_daily.csv (6536 rows, 73 columns)
[2025-12-27 18:26:42.748935] FETCHING RSG
[2025-12-27 18:27:29.220404] SAVED: RSG_daily.csv (6536 rows, 73 columns)
[2025-12-27 18:27:29.230238] FETCHING RTX
[2025-12-27 18:28:14.599001] SAVED: RTX_daily.csv (6536 rows, 73 columns)
[2025-12-27 18:28:14.608895] FETCHING RUS
[2025-12-27 18:28:14.871333] FETCHING SAT
[2025-12-27 18:29:01.785126] SAVED: SAT_daily.csv (917 rows, 73 columns)
[2025-12-27 18:29:01.795263] FETCHING SBUX
[2025-12-27 18:29:44.821195] SAVED: SBUX_daily.csv (6536 rows, 73 columns)
[2025-12-27 18:29:44.830933] FETCHING SCCO
[2025-12-27 18:30:32.168414] SAVED: SCCO_daily.csv (6536 rows, 73 columns)
[2025-12-27 18:30:32.172911] FETCHING SCHW
[2025-12-27 18:31:18.245187] SAVED: SCHW_daily.csv (6536 rows, 73 columns)
[2025-12-27 18:31:18.250078] FETCHING SCMN
[2025-12-27 18:31:18.503463] FETCHING SE
[2025-12-27 18:32:03.229817] SAVED: SE_daily.csv (2057 rows, 73 columns)
[2025-12-27 18:32:03.239668] FETCHING SHEL
[2025-12-27 18:32:46.438572] SAVED: SHEL_daily.csv (6536 rows, 73 columns)
[2025-12-27 18:32:46.448161] FETCHING SHOP
[2025-12-27 18:33:33.271616] SAVED: SHOP_daily.csv (2667 rows, 73 columns)
[2025-12-27 18:33:33.281336] FETCHING SHW
[2025-12-27 18:34:18.557551] SAVED: SHW_daily.csv (6536 rows, 73 columns)
[2025-12-27 18:34:18.562421] FETCHING SLB
[2025-12-27 18:35:03.242129] SAVED: SLB_daily.csv (6536 rows, 73 columns)
[2025-12-27 18:35:03.251290] FETCHING SNDK
[2025-12-27 18:35:46.648163] SAVED: SNDK_daily.csv (213 rows, 72 columns)
[2025-12-27 18:35:46.658246] FETCHING SNDX
[2025-12-27 18:36:32.881262] SAVED: SNDX_daily.csv (2470 rows, 73 columns)
[2025-12-27 18:36:32.890910] FETCHING SNOW
[2025-12-27 18:37:17.556951] SAVED: SNOW_daily.csv (1327 rows, 73 columns)
[2025-12-27 18:37:17.561434] FETCHING SNPS
[2025-12-27 18:38:02.681849] SAVED: SNPS_daily.csv (6536 rows, 73 columns)
[2025-12-27 18:38:02.686374] FETCHING SNX
[2025-12-27 18:38:46.898086] SAVED: SNX_daily.csv (5557 rows, 73 columns)
[2025-12-27 18:38:46.908230] FETCHING SO
[2025-12-27 18:39:33.757089] SAVED: SO_daily.csv (6536 rows, 73 columns)
[2025-12-27 18:39:33.766435] FETCHING SOC
[2025-12-27 18:40:17.388402] SAVED: SOC_daily.csv (468 rows, 73 columns)
[2025-12-27 18:40:17.393465] FETCHING SOFI
[2025-12-27 18:41:01.495959] SAVED: SOFI_daily.csv (1275 rows, 73 columns)
[2025-12-27 18:41:01.500532] FETCHING SPG
[2025-12-27 18:41:47.062623] SAVED: SPG_daily.csv (6536 rows, 73 columns)
[2025-12-27 18:41:47.072796] FETCHING SPGI
[2025-12-27 18:42:33.086198] SAVED: SPGI_daily.csv (6278 rows, 73 columns)
[2025-12-27 18:42:33.095571] FETCHING SPOT
[2025-12-27 18:43:17.602501] SAVED: SPOT_daily.csv (1946 rows, 73 columns)
[2025-12-27 18:43:17.612335] FETCHING SRAD
[2025-12-27 18:44:00.900208] SAVED: SRAD_daily.csv (1077 rows, 73 columns)
[2025-12-27 18:44:00.904852] FETCHING SRE
[2025-12-27 18:44:47.195197] SAVED: SRE_daily.csv (6536 rows, 73 columns)
[2025-12-27 18:44:47.204748] FETCHING SSB
[2025-12-27 18:45:32.852070] SAVED: SSB_daily.csv (6536 rows, 73 columns)
[2025-12-27 18:45:32.856742] FETCHING SSE
[2025-12-27 18:45:33.072521] FETCHING STAN
[2025-12-27 18:45:33.618817] FETCHING STOK
[2025-12-27 18:46:18.791445] SAVED: STOK_daily.csv (1641 rows, 73 columns)
[2025-12-27 18:46:18.801037] FETCHING STT
[2025-12-27 18:47:02.592810] SAVED: STT_daily.csv (6536 rows, 73 columns)
[2025-12-27 18:47:02.602436] FETCHING SYBT
[2025-12-27 18:47:49.148590] SAVED: SYBT_daily.csv (6536 rows, 73 columns)
[2025-12-27 18:47:49.158259] FETCHING SYK
[2025-12-27 18:48:34.608994] SAVED: SYK_daily.csv (6536 rows, 73 columns)
[2025-12-27 18:48:34.613764] FETCHING SYM
[2025-12-27 18:49:18.728999] SAVED: SYM_daily.csv (1208 rows, 73 columns)
[2025-12-27 18:49:18.738391] FETCHING SYY
[2025-12-27 18:50:02.969476] SAVED: SYY_daily.csv (6536 rows, 73 columns)
[2025-12-27 18:50:02.979238] FETCHING T
[2025-12-27 18:50:49.348420] SAVED: T_daily.csv (6536 rows, 72 columns)
[2025-12-27 18:50:49.352866] FETCHING TDG
[2025-12-27 18:51:33.631641] SAVED: TDG_daily.csv (4979 rows, 73 columns)
[2025-12-27 18:51:33.641640] FETCHING TEAM
[2025-12-27 18:52:18.870884] SAVED: TEAM_daily.csv (2526 rows, 73 columns)
[2025-12-27 18:52:18.875582] FETCHING TEL
[2025-12-27 18:53:03.178071] SAVED: TEL_daily.csv (4665 rows, 73 columns)
[2025-12-27 18:53:03.182538] FETCHING TEL1L
[2025-12-27 18:53:06.119358] FETCHING TER
[2025-12-27 18:53:49.835012] SAVED: TER_daily.csv (6536 rows, 73 columns)
[2025-12-27 18:53:49.844662] FETCHING TFC
[2025-12-27 18:54:34.110340] SAVED: TFC_daily.csv (6536 rows, 73 columns)
[2025-12-27 18:54:34.119987] FETCHING TGT
[2025-12-27 18:55:20.664706] SAVED: TGT_daily.csv (6536 rows, 73 columns)
[2025-12-27 18:55:20.669293] FETCHING THC
[2025-12-27 18:56:04.447294] SAVED: THC_daily.csv (6536 rows, 73 columns)
[2025-12-27 18:56:04.457298] FETCHING THO
[2025-12-27 18:56:49.914161] SAVED: THO_daily.csv (6536 rows, 73 columns)
[2025-12-27 18:56:49.923851] FETCHING TJX
[2025-12-27 18:57:35.680828] SAVED: TJX_daily.csv (6536 rows, 73 columns)
[2025-12-27 18:57:35.690817] FETCHING TKA
[2025-12-27 18:57:35.969776] FETCHING TKO
[2025-12-27 18:58:21.355810] SAVED: TKO_daily.csv (576 rows, 73 columns)
[2025-12-27 18:58:21.366082] FETCHING TKR
[2025-12-27 18:59:05.407235] SAVED: TKR_daily.csv (6536 rows, 73 columns)
[2025-12-27 18:59:05.412180] FETCHING TMO
[2025-12-27 18:59:50.373122] SAVED: TMO_daily.csv (6536 rows, 73 columns)
[2025-12-27 18:59:50.377828] FETCHING TMUS
[2025-12-27 19:00:36.344773] SAVED: TMUS_daily.csv (4704 rows, 73 columns)
[2025-12-27 19:00:36.354683] FETCHING TRGP
[2025-12-27 19:01:21.425599] SAVED: TRGP_daily.csv (3787 rows, 73 columns)
[2025-12-27 19:01:21.435002] FETCHING TRV
[2025-12-27 19:02:05.513539] SAVED: TRV_daily.csv (6536 rows, 73 columns)
[2025-12-27 19:02:05.518306] FETCHING TSC
[2025-12-27 19:02:50.339538] SAVED: TSC_daily.csv (2303 rows, 73 columns)
[2025-12-27 19:02:50.344219] FETCHING TSCO
[2025-12-27 19:03:35.852018] SAVED: TSCO_daily.csv (6536 rows, 73 columns)
[2025-12-27 19:03:35.856940] FETCHING TSLA
[2025-12-27 19:04:21.139214] SAVED: TSLA_daily.csv (3899 rows, 73 columns)
[2025-12-27 19:04:21.143644] FETCHING TT
[2025-12-27 19:05:05.149739] SAVED: TT_daily.csv (6536 rows, 73 columns)
[2025-12-27 19:05:05.154847] FETCHING TTWO
[2025-12-27 19:05:50.295353] SAVED: TTWO_daily.csv (6536 rows, 73 columns)
[2025-12-27 19:05:50.305395] FETCHING TUYA
[2025-12-27 19:06:35.484193] SAVED: TUYA_daily.csv (1201 rows, 73 columns)
[2025-12-27 19:06:35.493926] FETCHING TXN
[2025-12-27 19:07:20.617343] SAVED: TXN_daily.csv (6536 rows, 73 columns)
[2025-12-27 19:07:20.621872] FETCHING UAL
[2025-12-27 19:08:05.231229] SAVED: UAL_daily.csv (5005 rows, 73 columns)
[2025-12-27 19:08:05.241037] FETCHING UBER
[2025-12-27 19:08:49.543837] SAVED: UBER_daily.csv (1668 rows, 73 columns)
[2025-12-27 19:08:49.548383] FETCHING UHS
[2025-12-27 19:09:35.456361] SAVED: UHS_daily.csv (6536 rows, 73 columns)
[2025-12-27 19:09:35.465782] FETCHING UI
[2025-12-27 19:10:20.313104] SAVED: UI_daily.csv (3571 rows, 73 columns)
[2025-12-27 19:10:20.323274] FETCHING ULVR
[2025-12-27 19:10:20.590575] FETCHING UMBF
[2025-12-27 19:11:05.470015] SAVED: UMBF_daily.csv (6536 rows, 73 columns)
[2025-12-27 19:11:05.479776] FETCHING UNH
[2025-12-27 19:11:50.404136] SAVED: UNH_daily.csv (6536 rows, 73 columns)
[2025-12-27 19:11:50.408894] FETCHING UNP
[2025-12-27 19:12:36.011560] SAVED: UNP_daily.csv (6536 rows, 73 columns)
[2025-12-27 19:12:36.016170] FETCHING UPS
[2025-12-27 19:13:21.064279] SAVED: UPS_daily.csv (6536 rows, 73 columns)
[2025-12-27 19:13:21.073884] FETCHING URI
[2025-12-27 19:14:04.882331] SAVED: URI_daily.csv (6536 rows, 73 columns)
[2025-12-27 19:14:04.886871] FETCHING USB
[2025-12-27 19:14:50.257227] SAVED: USB_daily.csv (6536 rows, 73 columns)
[2025-12-27 19:14:50.261818] FETCHING UTL
[2025-12-27 19:15:35.445199] SAVED: UTL_daily.csv (6536 rows, 73 columns)
[2025-12-27 19:15:35.449706] FETCHING UVV
[2025-12-27 19:16:21.105613] SAVED: UVV_daily.csv (6536 rows, 73 columns)
[2025-12-27 19:16:21.115520] FETCHING V
[2025-12-27 19:17:04.690729] SAVED: V_daily.csv (4473 rows, 73 columns)
[2025-12-27 19:17:04.695341] FETCHING VECO
[2025-12-27 19:17:49.888489] SAVED: VECO_daily.csv (6536 rows, 73 columns)
[2025-12-27 19:17:49.892941] FETCHING VEEV
[2025-12-27 19:18:34.979822] SAVED: VEEV_daily.csv (3068 rows, 73 columns)
[2025-12-27 19:18:34.990019] FETCHING VFS
[2025-12-27 19:19:19.769172] SAVED: VFS_daily.csv (1082 rows, 73 columns)
[2025-12-27 19:19:19.773922] FETCHING VICI
[2025-12-27 19:20:03.754770] SAVED: VICI_daily.csv (2060 rows, 73 columns)
[2025-12-27 19:20:03.764763] FETCHING VIK
[2025-12-27 19:20:48.882505] SAVED: VIK_daily.csv (416 rows, 73 columns)
[2025-12-27 19:20:48.892065] FETCHING VLO
[2025-12-27 19:21:34.812993] SAVED: VLO_daily.csv (6536 rows, 73 columns)
[2025-12-27 19:21:34.818216] FETCHING VMC
[2025-12-27 19:22:19.973399] SAVED: VMC_daily.csv (6536 rows, 73 columns)
[2025-12-27 19:22:19.982992] FETCHING VOD
[2025-12-27 19:23:06.201383] SAVED: VOD_daily.csv (6536 rows, 73 columns)
[2025-12-27 19:23:06.208897] FETCHING VRSK
[2025-12-27 19:23:49.180559] SAVED: VRSK_daily.csv (4081 rows, 73 columns)
[2025-12-27 19:23:49.185384] FETCHING VRT
[2025-12-27 19:24:34.906236] SAVED: VRT_daily.csv (1864 rows, 73 columns)
[2025-12-27 19:24:34.916690] FETCHING VRTX
[2025-12-27 19:25:19.220768] SAVED: VRTX_daily.csv (6536 rows, 73 columns)
[2025-12-27 19:25:19.231053] FETCHING VST
[2025-12-27 19:26:05.967574] SAVED: VST_daily.csv (2320 rows, 73 columns)
[2025-12-27 19:26:05.973311] FETCHING VTR
[2025-12-27 19:26:48.945124] SAVED: VTR_daily.csv (6536 rows, 73 columns)
[2025-12-27 19:26:48.950382] FETCHING VZ
[2025-12-27 19:27:35.086829] SAVED: VZ_daily.csv (6536 rows, 73 columns)
[2025-12-27 19:27:35.091807] FETCHING WAB
[2025-12-27 19:28:21.660357] SAVED: WAB_daily.csv (6536 rows, 73 columns)
[2025-12-27 19:28:21.670767] FETCHING WBD
[2025-12-27 19:29:05.519247] SAVED: WBD_daily.csv (5149 rows, 73 columns)
[2025-12-27 19:29:05.529519] FETCHING WCP
[2025-12-27 19:29:05.793858] FETCHING WDAY
[2025-12-27 19:29:49.257964] SAVED: WDAY_daily.csv (3320 rows, 73 columns)
[2025-12-27 19:29:49.263916] FETCHING WDC
[2025-12-27 19:30:35.594467] SAVED: WDC_daily.csv (6536 rows, 73 columns)
[2025-12-27 19:30:35.600050] FETCHING WEC
[2025-12-27 19:31:21.897761] SAVED: WEC_daily.csv (6536 rows, 73 columns)
[2025-12-27 19:31:21.904321] FETCHING WELL
[2025-12-27 19:32:06.253923] SAVED: WELL_daily.csv (6272 rows, 73 columns)
[2025-12-27 19:32:06.258942] FETCHING WFC
[2025-12-27 19:32:50.496005] SAVED: WFC_daily.csv (6536 rows, 73 columns)
[2025-12-27 19:32:50.500827] FETCHING WGO
[2025-12-27 19:33:35.881026] SAVED: WGO_daily.csv (6536 rows, 73 columns)
[2025-12-27 19:33:35.886923] FETCHING WM
[2025-12-27 19:34:21.300301] SAVED: WM_daily.csv (6536 rows, 73 columns)
[2025-12-27 19:34:21.304703] FETCHING WMB
[2025-12-27 19:35:05.180491] SAVED: WMB_daily.csv (6536 rows, 73 columns)
[2025-12-27 19:35:05.186969] FETCHING WMK
[2025-12-27 19:35:52.596935] SAVED: WMK_daily.csv (6536 rows, 73 columns)
[2025-12-27 19:35:52.603878] FETCHING WMT
[2025-12-27 19:36:36.640101] SAVED: WMT_daily.csv (6536 rows, 73 columns)
[2025-12-27 19:36:36.644720] FETCHING WSO
[2025-12-27 19:37:20.859699] SAVED: WSO_daily.csv (6536 rows, 73 columns)
[2025-12-27 19:37:20.864302] FETCHING WSTL
[2025-12-27 19:38:06.961866] SAVED: WSTL_daily.csv (6533 rows, 73 columns)
[2025-12-27 19:38:06.966942] FETCHING WTW
[2025-12-27 19:38:52.139991] SAVED: WTW_daily.csv (2510 rows, 73 columns)
[2025-12-27 19:38:52.144491] FETCHING XEL
[2025-12-27 19:39:36.388125] SAVED: XEL_daily.csv (6536 rows, 73 columns)
[2025-12-27 19:39:36.398496] FETCHING XIFR
[2025-12-27 19:40:20.397268] SAVED: XIFR_daily.csv (2893 rows, 73 columns)
[2025-12-27 19:40:20.402143] FETCHING XOM
[2025-12-27 19:41:07.091240] SAVED: XOM_daily.csv (6536 rows, 73 columns)
[2025-12-27 19:41:07.102196] FETCHING XYL
[2025-12-27 19:41:54.112457] SAVED: XYL_daily.csv (3572 rows, 73 columns)
[2025-12-27 19:41:54.122714] FETCHING YELP
[2025-12-27 19:42:40.310966] SAVED: YELP_daily.csv (3476 rows, 73 columns)
[2025-12-27 19:42:40.321417] FETCHING YUM
[2025-12-27 19:43:22.132126] SAVED: YUM_daily.csv (6536 rows, 73 columns)
[2025-12-27 19:43:22.137649] FETCHING ZS
[2025-12-27 19:44:08.905788] SAVED: ZS_daily.csv (1957 rows, 73 columns)
[2025-12-27 19:44:08.918406] FETCHING ZTS
[2025-12-27 19:44:53.406543] SAVED: ZTS_daily.csv (3246 rows, 73 columns)
[2025-12-27 19:44:53.420100] SESSION COMPLETED
[2025-12-27 19:44:53.423280]   Exit code: 1
[2025-12-27 19:44:53.426183]   End time: 2025-12-27 19:44:53.420098
[2025-12-27 19:44:53.429227]   Duration: 5:49:26.356934
[2025-12-27 19:44:53.581045] METADATA: Saved to raw_data\metadata.json
