ERRORS LOG
==================================================

[WARNING] 2025-12-27 14:38:49.711593 | API Error | Symbol: BARC
  Message: Invalid API call. Please retry or visit the documentation (https://www.alphavantage.co/documentation/) for TIME_SERIES_DAILY_ADJUSTED.

[WARNING] 2025-12-27 14:51:08.510003 | API Error | Symbol: BT.A
  Message: Invalid API call. Please retry or visit the documentation (https://www.alphavantage.co/documentation/) for TIME_SERIES_DAILY_ADJUSTED.

[WARNING] 2025-12-27 15:16:20.403878 | API Error | Symbol: CPG
  Message: Invalid API call. Please retry or visit the documentation (https://www.alphavantage.co/documentation/) for TIME_SERIES_DAILY_ADJUSTED.

[WARNING] 2025-12-27 15:25:32.422797 | API Error | Symbol: CURY
  Message: Invalid API call. Please retry or visit the documentation (https://www.alphavantage.co/documentation/) for TIME_SERIES_DAILY_ADJUSTED.

[WARNING] 2025-12-27 15:33:46.542121 | API Error | Symbol: DGE
  Message: Invalid API call. Please retry or visit the documentation (https://www.alphavantage.co/documentation/) for TIME_SERIES_DAILY_ADJUSTED.

[WARNING] 2025-12-27 15:43:52.423195 | API Error | Symbol: ELTEK
  Message: Invalid API call. Please retry or visit the documentation (https://www.alphavantage.co/documentation/) for TIME_SERIES_DAILY_ADJUSTED.

[WARNING] 2025-12-27 15:49:12.285539 | API Request Error | Symbol: EQX | Endpoint: WMA
  Message: Request error: Response ended prematurely
  Recovery: Retry 1/3

[WARNING] 2025-12-27 15:55:53.777642 | API Error | Symbol: EXPN
  Message: Invalid API call. Please retry or visit the documentation (https://www.alphavantage.co/documentation/) for TIME_SERIES_DAILY_ADJUSTED.

[WARNING] 2025-12-27 16:06:25.104327 | API Error | Symbol: FNTN
  Message: Invalid API call. Please retry or visit the documentation (https://www.alphavantage.co/documentation/) for TIME_SERIES_DAILY_ADJUSTED.

[WARNING] 2025-12-27 16:13:55.927997 | API Error | Symbol: GLEN
  Message: Invalid API call. Please retry or visit the documentation (https://www.alphavantage.co/documentation/) for TIME_SERIES_DAILY_ADJUSTED.

[WARNING] 2025-12-27 16:29:45.804826 | API Error | Symbol: HSBA
  Message: Invalid API call. Please retry or visit the documentation (https://www.alphavantage.co/documentation/) for TIME_SERIES_DAILY_ADJUSTED.

[WARNING] 2025-12-27 16:35:50.633145 | API Error | Symbol: IMB
  Message: Invalid API call. Please retry or visit the documentation (https://www.alphavantage.co/documentation/) for TIME_SERIES_DAILY_ADJUSTED.

[WARNING] 2025-12-27 16:54:38.398587 | API Error | Symbol: LASER
  Message: Invalid API call. Please retry or visit the documentation (https://www.alphavantage.co/documentation/) for TIME_SERIES_DAILY_ADJUSTED.

[WARNING] 2025-12-27 17:02:09.919769 | API Error | Symbol: LLOY
  Message: Invalid API call. Please retry or visit the documentation (https://www.alphavantage.co/documentation/) for TIME_SERIES_DAILY_ADJUSTED.

[WARNING] 2025-12-27 17:05:58.359780 | API Error | Symbol: LSEG
  Message: Invalid API call. Please retry or visit the documentation (https://www.alphavantage.co/documentation/) for TIME_SERIES_DAILY_ADJUSTED.

[WARNING] 2025-12-27 17:05:58.633559 | API Error | Symbol: LVSL
  Message: Invalid API call. Please retry or visit the documentation (https://www.alphavantage.co/documentation/) for TIME_SERIES_DAILY_ADJUSTED.

[WARNING] 2025-12-27 17:37:46.162265 | API Error | Symbol: NTRAC
  Message: Invalid API call. Please retry or visit the documentation (https://www.alphavantage.co/documentation/) for TIME_SERIES_DAILY_ADJUSTED.

[WARNING] 2025-12-27 17:40:47.346044 | API Error | Symbol: NVTK
  Message: Invalid API call. Please retry or visit the documentation (https://www.alphavantage.co/documentation/) for TIME_SERIES_DAILY_ADJUSTED.

[WARNING] 2025-12-27 17:45:18.870225 | API Error | Symbol: OPL
  Message: Invalid API call. Please retry or visit the documentation (https://www.alphavantage.co/documentation/) for TIME_SERIES_DAILY_ADJUSTED.

[WARNING] 2025-12-27 18:13:54.073800 | API Error | Symbol: RBLIX
  Message: Invalid API call. Please retry or visit the documentation (https://www.alphavantage.co/documentation/) for TIME_SERIES_DAILY_ADJUSTED.

[WARNING] 2025-12-27 18:18:24.000463 | API Error | Symbol: REL
  Message: Invalid API call. Please retry or visit the documentation (https://www.alphavantage.co/documentation/) for TIME_SERIES_DAILY_ADJUSTED.

[WARNING] 2025-12-27 18:25:57.985011 | API Error | Symbol: RR.
  Message: Invalid API call. Please retry or visit the documentation (https://www.alphavantage.co/documentation/) for TIME_SERIES_DAILY_ADJUSTED.

[WARNING] 2025-12-27 18:28:14.864623 | API Error | Symbol: RUS
  Message: Invalid API call. Please retry or visit the documentation (https://www.alphavantage.co/documentation/) for TIME_SERIES_DAILY_ADJUSTED.

[WARNING] 2025-12-27 18:31:18.496451 | API Error | Symbol: SCMN
  Message: Invalid API call. Please retry or visit the documentation (https://www.alphavantage.co/documentation/) for TIME_SERIES_DAILY_ADJUSTED.

[WARNING] 2025-12-27 18:45:33.065932 | API Error | Symbol: SSE
  Message: Invalid API call. Please retry or visit the documentation (https://www.alphavantage.co/documentation/) for TIME_SERIES_DAILY_ADJUSTED.

[WARNING] 2025-12-27 18:45:33.612231 | API Error | Symbol: STAN
  Message: Invalid API call. Please retry or visit the documentation (https://www.alphavantage.co/documentation/) for TIME_SERIES_DAILY_ADJUSTED.

[WARNING] 2025-12-27 18:53:06.112699 | API Error | Symbol: TEL1L
  Message: Invalid API call. Please retry or visit the documentation (https://www.alphavantage.co/documentation/) for TIME_SERIES_DAILY_ADJUSTED.

[WARNING] 2025-12-27 18:57:35.963042 | API Error | Symbol: TKA
  Message: Invalid API call. Please retry or visit the documentation (https://www.alphavantage.co/documentation/) for TIME_SERIES_DAILY_ADJUSTED.

[WARNING] 2025-12-27 19:10:20.583716 | API Error | Symbol: ULVR
  Message: Invalid API call. Please retry or visit the documentation (https://www.alphavantage.co/documentation/) for TIME_SERIES_DAILY_ADJUSTED.

[WARNING] 2025-12-27 19:29:05.786903 | API Error | Symbol: WCP
  Message: Invalid API call. Please retry or visit the documentation (https://www.alphavantage.co/documentation/) for TIME_SERIES_DAILY_ADJUSTED.

