[2025-12-28 09:04:56.376377] SESSION STARTED
  Session ID: 20251228_090456_4ca8

[2025-12-28 09:04:56.419157] Data Type: Fundamental
[2025-12-28 09:04:56.421566] CONFIGURATION:
[2025-12-28 09:04:56.423830]   tickers: ['A', 'AAPL', 'ABBV', 'ABNB', 'ABT', 'ABTC', 'ACN', 'ADBE', 'ADI', 'ADM', 'ADP', 'ADSK', 'AEE', 'AEP', 'AES', 'AFL', 'AI', 'AIG', 'AIT', 'AL', 'ALAB', 'ALL', 'ALNY', 'ALOT', 'AMAT', 'AMD', 'AME', 'AMG', 'AMGN', 'AMKR', 'AMP', 'AMPG', 'AMT', 'AMZN', 'ANET', 'AON', 'APD', 'APH', 'APO', 'APP', 'ARES', 'ARM', 'ARMK', 'ASTS', 'ATEX', 'ATO', 'ATRC', 'AU', 'AVGO', 'AXGN', 'AXON', 'AXP', 'AXS', 'AZN', 'AZO', 'AZUL', 'BA', 'BABA', 'BAC', 'BAM', 'BARC', 'BATS', 'BDX', 'BHE', 'BIIB', 'BK', 'BKNG', 'BKR', 'BLBD', 'BLK', 'BN', 'BP', 'BR', 'BRK.A', 'BRKR', 'BSX', 'BSY', 'BT.A', 'BX', 'C', 'CAH', 'CARR', 'CAT', 'CATO', 'CB', 'CBOE', 'CCEP', 'CCI', 'CCL', 'CCZ', 'CDNS', 'CEG', 'CGNX', 'CHTR', 'CI', 'CIEN', 'CINF', 'CL', 'CMC', 'CMCSA', 'CME', 'CMG', 'CNH', 'COF', 'COGT', 'COHR', 'COIN', 'COP', 'COR', 'COST', 'CPAY', 'CPG', 'CPNG', 'CPRT', 'CRBG', 'CRK', 'CRM', 'CRSP', 'CRWD', 'CSCO', 'CSGP', 'CSX', 'CTSH', 'CTVA', 'CURY', 'CVNA', 'CVS', 'CVX', 'CWEN', 'D', 'DAL', 'DASH', 'DDOG', 'DE', 'DELL', 'DG', 'DGE', 'DHI', 'DHR', 'DIS', 'DLR', 'DLTR', 'DOV', 'DUK', 'EA', 'EBAY', 'ECL', 'ED', 'EFX', 'EL', 'ELTEK', 'ELV', 'EME', 'EMR', 'EOG', 'EPD', 'EQIX', 'EQT', 'EQX', 'ESAB', 'ET', 'ETN', 'ETR', 'ETS', 'EW', 'EXC', 'EXPE', 'EXPN', 'F', 'FANG', 'FCF', 'FCX', 'FDX', 'FE', 'FERG', 'FICO', 'FIS', 'FISV', 'FITB', 'FIX', 'FLS', 'FLUT', 'FNTN', 'FOX', 'FSLR', 'FSS', 'FTNT', 'FYBR', 'GD', 'GE', 'GEV', 'GH', 'GILD', 'GLEN', 'GLW', 'GM', 'GOGO', 'GOOG', 'GPOR', 'GRMN', 'GRNT', 'GS', 'GSK', 'GTLS', 'GWW', 'HCA', 'HCC', 'HD', 'HEI', 'HIG', 'HIMS', 'HIMX', 'HON', 'HOOD', 'HPQ', 'HSBA', 'HSY', 'HTO', 'HUBB', 'HUM', 'IBKR', 'IBM', 'ICE', 'IDXX', 'IMB', 'IMTX', 'INSM', 'INTC', 'INTU', 'IQV', 'IR', 'IRDM', 'ISRG', 'IT', 'ITW', 'JCI', 'JD', 'JNJ', 'JPM', 'KEY', 'KEYS', 'KHC', 'KKR', 'KLAC', 'KMB', 'KMI', 'KO', 'KR', 'KVUE', 'KVYO', 'LASER', 'LECO', 'LEG', 'LEN', 'LGIH', 'LHX', 'LII', 'LIN', 'LINK', 'LITE', 'LKFN', 'LLOY', 'LLY', 'LMT', 'LNG', 'LOW', 'LRCX', 'LSEG', 'LVSL', 'LYV', 'M', 'MA', 'MAR', 'MBIN', 'MCD', 'MCK', 'MCPH', 'MDB', 'MDLZ', 'MDT', 'MELI', 'MET', 'META', 'METC', 'MGEE', 'MMM', 'MNST', 'MO', 'MORN', 'MPC', 'MPLX', 'MPWR', 'MRK', 'MRVL', 'MS', 'MSCI', 'MSEX', 'MSFT', 'MSI', 'MTD', 'MU', 'NDAQ', 'NEE', 'NEM', 'NET', 'NFLX', 'NKE', 'NOW', 'NRG', 'NSC', 'NTES', 'NTRAC', 'NU', 'NUE', 'NVDA', 'NVMI', 'NVTK', 'NWE', 'NWN', 'O', 'ODFL', 'OKE', 'OLVI', 'OMC', 'OPL', 'ORCL', 'ORLY', 'OTIS', 'OXY', 'PANW', 'PARR', 'PAYX', 'PCAR', 'PCTY', 'PDD', 'PDFS', 'PEG', 'PEP', 'PFE', 'PG', 'PGR', 'PH', 'PHVS', 'PL', 'PLAB', 'PLD', 'PLTR', 'PM', 'PNC', 'PODD', 'POOL', 'POR', 'PRU', 'PSA', 'PSX', 'PWR', 'PYPL', 'QBTS', 'QCOM', 'QCRH', 'QGEN', 'QSR', 'RASP', 'RBLIX', 'RBRK', 'RCI', 'RCL', 'RDDT', 'RDW', 'REGN', 'REL', 'RELL', 'RIO', 'RKLB', 'RKT', 'RMD', 'ROK', 'ROL', 'ROP', 'ROSN', 'ROST', 'RR.', 'RRC', 'RSG', 'RTX', 'RUS', 'SAT', 'SBUX', 'SCCO', 'SCHW', 'SCMN', 'SE', 'SHEL', 'SHOP', 'SHW', 'SLB', 'SNDK', 'SNDX', 'SNOW', 'SNPS', 'SNX', 'SO', 'SOC', 'SOFI', 'SPG', 'SPGI', 'SPOT', 'SRAD', 'SRE', 'SSB', 'SSE', 'STAN', 'STOK', 'STT', 'SYBT', 'SYK', 'SYM', 'SYY', 'T', 'TDG', 'TEAM', 'TEL', 'TEL1L', 'TER', 'TFC', 'TGT', 'THC', 'THO', 'TJX', 'TKA', 'TKO', 'TKR', 'TMO', 'TMUS', 'TRGP', 'TRV', 'TSC', 'TSCO', 'TSLA', 'TT', 'TTWO', 'TUYA', 'TXN', 'UAL', 'UBER', 'UHS', 'UI', 'ULVR', 'UMBF', 'UNH', 'UNP', 'UPS', 'URI', 'USB', 'UTL', 'UVV', 'V', 'VECO', 'VEEV', 'VFS', 'VICI', 'VIK', 'VLO', 'VMC', 'VOD', 'VRSK', 'VRT', 'VRTX', 'VST', 'VTR', 'VZ', 'WAB', 'WBD', 'WCP', 'WDAY', 'WDC', 'WEC', 'WELL', 'WFC', 'WGO', 'WM', 'WMB', 'WMK', 'WMT', 'WSO', 'WSTL', 'WTW', 'XEL', 'XIFR', 'XOM', 'XYL', 'YELP', 'YUM', 'ZS', 'ZTS']
[2025-12-28 09:04:56.427159]   date_range: {'type': <DateRangeType.CUSTOM_RANGE: 'custom_range'>, 'from_date': '2000-01-01', 'to_date': '2025-12-27'}
[2025-12-28 09:04:56.429820]   categories: ['valuation_ratios', 'profitability', 'growth_rates', 'financial_health', 'cash_flow']
[2025-12-28 09:04:56.432947]   include_estimates: True
[2025-12-28 09:04:56.435468]   frequency: both
[2025-12-28 09:04:56.438020]   missing_handling: MissingDataHandling.FORWARD_FILL
[2025-12-28 09:04:56.462430] FETCHING A FUNDAMENTAL
[2025-12-28 09:04:57.991105] FETCHING AAPL FUNDAMENTAL
[2025-12-28 09:04:59.416482] FETCHING ABBV FUNDAMENTAL
[2025-12-28 09:05:01.093078] FETCHING ABNB FUNDAMENTAL
[2025-12-28 09:05:02.334236] FETCHING ABT FUNDAMENTAL
[2025-12-28 09:05:03.665810] FETCHING ABTC FUNDAMENTAL
[2025-12-28 09:05:04.474900] FETCHING ACN FUNDAMENTAL
[2025-12-28 09:05:06.196972] FETCHING ADBE FUNDAMENTAL
[2025-12-28 09:05:07.677396] FETCHING ADI FUNDAMENTAL
[2025-12-28 09:05:09.463808] FETCHING ADM FUNDAMENTAL
[2025-12-28 09:05:11.311397] FETCHING ADP FUNDAMENTAL
[2025-12-28 09:05:13.093964] FETCHING ADSK FUNDAMENTAL
[2025-12-28 09:05:14.840028] FETCHING AEE FUNDAMENTAL
[2025-12-28 09:05:16.493391] FETCHING AEP FUNDAMENTAL
[2025-12-28 09:05:18.027993] FETCHING AES FUNDAMENTAL
[2025-12-28 09:05:19.667838] FETCHING AFL FUNDAMENTAL
[2025-12-28 09:05:58.377430] FETCHING AI FUNDAMENTAL
[2025-12-28 09:05:59.761999] FETCHING AIG FUNDAMENTAL
[2025-12-28 09:06:01.663403] FETCHING AIT FUNDAMENTAL
[2025-12-28 09:06:03.190619] FETCHING AL FUNDAMENTAL
[2025-12-28 09:06:04.906841] FETCHING ALAB FUNDAMENTAL
[2025-12-28 09:06:05.954941] FETCHING ALL FUNDAMENTAL
[2025-12-28 09:06:07.552218] FETCHING ALNY FUNDAMENTAL
[2025-12-28 09:06:09.036967] FETCHING ALOT FUNDAMENTAL
[2025-12-28 09:06:10.721111] FETCHING AMAT FUNDAMENTAL
[2025-12-28 09:06:12.100871] FETCHING AMD FUNDAMENTAL
[2025-12-28 09:06:13.593885] FETCHING AME FUNDAMENTAL
[2025-12-28 09:06:15.244590] FETCHING AMG FUNDAMENTAL
[2025-12-28 09:06:17.059459] FETCHING AMGN FUNDAMENTAL
[2025-12-28 09:06:18.820227] FETCHING AMKR FUNDAMENTAL
[2025-12-28 09:06:20.617816] FETCHING AMP FUNDAMENTAL
[2025-12-28 09:06:58.424408] FETCHING AMPG FUNDAMENTAL
[2025-12-28 09:07:00.043245] FETCHING AMT FUNDAMENTAL
[2025-12-28 09:07:01.914726] FETCHING AMZN FUNDAMENTAL
[2025-12-28 09:07:02.033324] FETCHING ANET FUNDAMENTAL
[2025-12-28 09:07:03.706871] FETCHING AON FUNDAMENTAL
[2025-12-28 09:07:05.381045] FETCHING APD FUNDAMENTAL
[2025-12-28 09:07:07.112780] FETCHING APH FUNDAMENTAL
[2025-12-28 09:07:08.772702] FETCHING APO FUNDAMENTAL
[2025-12-28 09:07:10.348341] FETCHING APP FUNDAMENTAL
[2025-12-28 09:07:11.581761] FETCHING ARES FUNDAMENTAL
[2025-12-28 09:07:13.184628] FETCHING ARM FUNDAMENTAL
[2025-12-28 09:07:14.469854] FETCHING ARMK FUNDAMENTAL
[2025-12-28 09:07:16.068831] FETCHING ASTS FUNDAMENTAL
[2025-12-28 09:07:17.248381] FETCHING ATEX FUNDAMENTAL
[2025-12-28 09:07:18.944284] FETCHING ATO FUNDAMENTAL
[2025-12-28 09:07:20.544931] FETCHING ATRC FUNDAMENTAL
[2025-12-28 09:07:58.500332] FETCHING AU FUNDAMENTAL
[2025-12-28 09:08:00.316950] FETCHING AVGO FUNDAMENTAL
[2025-12-28 09:08:01.912715] FETCHING AXGN FUNDAMENTAL
[2025-12-28 09:08:03.835368] FETCHING AXON FUNDAMENTAL
[2025-12-28 09:08:05.755311] FETCHING AXP FUNDAMENTAL
[2025-12-28 09:08:07.489724] FETCHING AXS FUNDAMENTAL
[2025-12-28 09:08:09.048975] FETCHING AZN FUNDAMENTAL
[2025-12-28 09:08:10.903817] FETCHING AZO FUNDAMENTAL
[2025-12-28 09:08:12.674428] FETCHING AZUL FUNDAMENTAL
[2025-12-28 09:08:13.476898] FETCHING BA FUNDAMENTAL
[2025-12-28 09:08:15.639031] FETCHING BABA FUNDAMENTAL
[2025-12-28 09:08:17.077925] FETCHING BAC FUNDAMENTAL
[2025-12-28 09:08:18.659963] FETCHING BAM FUNDAMENTAL
[2025-12-28 09:08:20.177127] FETCHING BARC FUNDAMENTAL
[2025-12-28 09:08:20.988273] FETCHING BATS FUNDAMENTAL
[2025-12-28 09:08:58.273290] FETCHING BDX FUNDAMENTAL
[2025-12-28 09:09:00.107312] FETCHING BHE FUNDAMENTAL
[2025-12-28 09:09:01.879688] FETCHING BIIB FUNDAMENTAL
[2025-12-28 09:09:03.707000] FETCHING BK FUNDAMENTAL
[2025-12-28 09:09:05.781158] FETCHING BKNG FUNDAMENTAL
[2025-12-28 09:09:07.680099] FETCHING BKR FUNDAMENTAL
[2025-12-28 09:09:09.256408] FETCHING BLBD FUNDAMENTAL
[2025-12-28 09:09:10.979236] FETCHING BLK FUNDAMENTAL
[2025-12-28 09:09:12.541276] FETCHING BN FUNDAMENTAL
[2025-12-28 09:09:14.268598] FETCHING BP FUNDAMENTAL
[2025-12-28 09:09:16.038387] FETCHING BR FUNDAMENTAL
[2025-12-28 09:09:17.699805] FETCHING BRK.A FUNDAMENTAL
[2025-12-28 09:09:18.495177] FETCHING BRKR FUNDAMENTAL
[2025-12-28 09:09:20.237349] FETCHING BSX FUNDAMENTAL
[2025-12-28 09:09:22.097536] FETCHING BSY FUNDAMENTAL
[2025-12-28 09:09:58.449112] FETCHING BT.A FUNDAMENTAL
[2025-12-28 09:10:00.098932] FETCHING BX FUNDAMENTAL
[2025-12-28 09:10:02.074410] FETCHING C FUNDAMENTAL
[2025-12-28 09:10:04.170550] FETCHING CAH FUNDAMENTAL
[2025-12-28 09:10:05.840676] FETCHING CARR FUNDAMENTAL
[2025-12-28 09:10:07.667430] FETCHING CAT FUNDAMENTAL
[2025-12-28 09:10:09.469399] FETCHING CATO FUNDAMENTAL
[2025-12-28 09:10:11.313799] FETCHING CB FUNDAMENTAL
[2025-12-28 09:10:12.808446] FETCHING CBOE FUNDAMENTAL
[2025-12-28 09:10:14.506544] FETCHING CCEP FUNDAMENTAL
[2025-12-28 09:10:16.243696] FETCHING CCI FUNDAMENTAL
[2025-12-28 09:10:17.793305] FETCHING CCL FUNDAMENTAL
[2025-12-28 09:10:19.402864] FETCHING CCZ FUNDAMENTAL
[2025-12-28 09:10:21.315892] FETCHING CDNS FUNDAMENTAL
[2025-12-28 09:10:22.640410] FETCHING CEG FUNDAMENTAL
[2025-12-28 09:10:58.745252] FETCHING CGNX FUNDAMENTAL
[2025-12-28 09:11:00.566137] FETCHING CHTR FUNDAMENTAL
[2025-12-28 09:11:02.189504] FETCHING CI FUNDAMENTAL
[2025-12-28 09:11:04.257549] FETCHING CIEN FUNDAMENTAL
[2025-12-28 09:11:06.066178] FETCHING CINF FUNDAMENTAL
[2025-12-28 09:11:07.894246] FETCHING CL FUNDAMENTAL
[2025-12-28 09:11:09.696219] FETCHING CMC FUNDAMENTAL
[2025-12-28 09:11:11.395849] FETCHING CMCSA FUNDAMENTAL
[2025-12-28 09:11:13.064600] FETCHING CME FUNDAMENTAL
[2025-12-28 09:11:14.776775] FETCHING CMG FUNDAMENTAL
[2025-12-28 09:11:16.269621] FETCHING CNH FUNDAMENTAL
[2025-12-28 09:11:17.717848] FETCHING COF FUNDAMENTAL
[2025-12-28 09:11:19.626408] FETCHING COGT FUNDAMENTAL
[2025-12-28 09:11:21.307386] FETCHING COHR FUNDAMENTAL
[2025-12-28 09:11:22.960612] FETCHING COIN FUNDAMENTAL
[2025-12-28 09:11:58.688234] FETCHING COP FUNDAMENTAL
[2025-12-28 09:12:00.614730] FETCHING COR FUNDAMENTAL
[2025-12-28 09:12:02.413419] FETCHING COST FUNDAMENTAL
[2025-12-28 09:12:04.138316] FETCHING CPAY FUNDAMENTAL
[2025-12-28 09:12:06.123932] FETCHING CPG FUNDAMENTAL
[2025-12-28 09:12:07.647618] FETCHING CPNG FUNDAMENTAL
[2025-12-28 09:12:09.691199] FETCHING CPRT FUNDAMENTAL
[2025-12-28 09:12:11.470881] FETCHING CRBG FUNDAMENTAL
[2025-12-28 09:12:13.064170] FETCHING CRK FUNDAMENTAL
[2025-12-28 09:12:14.877035] FETCHING CRM FUNDAMENTAL
[2025-12-28 09:12:17.130539] FETCHING CRSP FUNDAMENTAL
[2025-12-28 09:12:18.360395] FETCHING CRWD FUNDAMENTAL
[2025-12-28 09:12:19.616302] FETCHING CSCO FUNDAMENTAL
[2025-12-28 09:12:21.497314] FETCHING CSGP FUNDAMENTAL
[2025-12-28 09:12:22.963582] FETCHING CSX FUNDAMENTAL
[2025-12-28 09:12:58.987375] FETCHING CTSH FUNDAMENTAL
[2025-12-28 09:13:01.132885] FETCHING CTVA FUNDAMENTAL
[2025-12-28 09:13:02.528237] FETCHING CURY FUNDAMENTAL
[2025-12-28 09:13:04.132069] FETCHING CVNA FUNDAMENTAL
[2025-12-28 09:13:05.879760] FETCHING CVS FUNDAMENTAL
[2025-12-28 09:13:07.978005] FETCHING CVX FUNDAMENTAL
[2025-12-28 09:13:09.820858] FETCHING CWEN FUNDAMENTAL
[2025-12-28 09:13:11.523420] FETCHING D FUNDAMENTAL
[2025-12-28 09:13:13.214159] FETCHING DAL FUNDAMENTAL
[2025-12-28 09:13:14.827714] FETCHING DASH FUNDAMENTAL
[2025-12-28 09:13:17.137082] FETCHING DDOG FUNDAMENTAL
[2025-12-28 09:13:18.385596] FETCHING DE FUNDAMENTAL
[2025-12-28 09:13:19.765811] FETCHING DELL FUNDAMENTAL
[2025-12-28 09:13:21.366330] FETCHING DG FUNDAMENTAL
[2025-12-28 09:13:23.396868] FETCHING DGE FUNDAMENTAL
[2025-12-28 09:13:58.775949] FETCHING DHI FUNDAMENTAL
[2025-12-28 09:14:01.134449] FETCHING DHR FUNDAMENTAL
[2025-12-28 09:14:02.780917] FETCHING DIS FUNDAMENTAL
[2025-12-28 09:14:04.575207] FETCHING DLR FUNDAMENTAL
[2025-12-28 09:14:06.310690] FETCHING DLTR FUNDAMENTAL
[2025-12-28 09:14:08.146461] FETCHING DOV FUNDAMENTAL
[2025-12-28 09:14:09.952341] FETCHING DUK FUNDAMENTAL
[2025-12-28 09:14:11.636316] FETCHING EA FUNDAMENTAL
[2025-12-28 09:14:13.409243] FETCHING EBAY FUNDAMENTAL
[2025-12-28 09:14:15.155099] FETCHING ECL FUNDAMENTAL
[2025-12-28 09:14:17.188932] FETCHING ED FUNDAMENTAL
[2025-12-28 09:14:19.000652] FETCHING EFX FUNDAMENTAL
[2025-12-28 09:14:20.562202] FETCHING EL FUNDAMENTAL
[2025-12-28 09:14:21.984056] FETCHING ELTEK FUNDAMENTAL
[2025-12-28 09:14:23.164080] FETCHING ELV FUNDAMENTAL
[2025-12-28 09:14:59.201812] FETCHING EME FUNDAMENTAL
[2025-12-28 09:15:01.407675] FETCHING EMR FUNDAMENTAL
[2025-12-28 09:15:03.165600] FETCHING EOG FUNDAMENTAL
[2025-12-28 09:15:04.896542] FETCHING EPD FUNDAMENTAL
[2025-12-28 09:15:06.634146] FETCHING EQIX FUNDAMENTAL
[2025-12-28 09:15:08.393140] FETCHING EQT FUNDAMENTAL
[2025-12-28 09:15:10.131968] FETCHING EQX FUNDAMENTAL
[2025-12-28 09:15:11.461790] FETCHING ESAB FUNDAMENTAL
[2025-12-28 09:15:13.340452] FETCHING ET FUNDAMENTAL
[2025-12-28 09:15:15.265984] FETCHING ETN FUNDAMENTAL
[2025-12-28 09:15:17.285829] FETCHING ETR FUNDAMENTAL
[2025-12-28 09:15:19.022064] FETCHING ETS FUNDAMENTAL
[2025-12-28 09:15:20.419339] FETCHING EW FUNDAMENTAL
[2025-12-28 09:15:22.371173] FETCHING EXC FUNDAMENTAL
[2025-12-28 09:15:23.993366] FETCHING EXPE FUNDAMENTAL
[2025-12-28 09:15:59.082610] FETCHING EXPN FUNDAMENTAL
[2025-12-28 09:16:00.951100] FETCHING F FUNDAMENTAL
[2025-12-28 09:16:03.042911] FETCHING FANG FUNDAMENTAL
[2025-12-28 09:16:04.839091] FETCHING FCF FUNDAMENTAL
[2025-12-28 09:16:06.864777] FETCHING FCX FUNDAMENTAL
[2025-12-28 09:16:08.729896] FETCHING FDX FUNDAMENTAL
[2025-12-28 09:16:10.238223] FETCHING FE FUNDAMENTAL
[2025-12-28 09:16:11.909098] FETCHING FERG FUNDAMENTAL
[2025-12-28 09:16:13.356187] FETCHING FICO FUNDAMENTAL
[2025-12-28 09:16:15.354178] FETCHING FIS FUNDAMENTAL
[2025-12-28 09:16:17.455364] FETCHING FISV FUNDAMENTAL
[2025-12-28 09:16:19.249531] FETCHING FITB FUNDAMENTAL
[2025-12-28 09:16:21.010493] FETCHING FIX FUNDAMENTAL
[2025-12-28 09:16:22.584908] FETCHING FLS FUNDAMENTAL
[2025-12-28 09:16:24.172681] FETCHING FLUT FUNDAMENTAL
[2025-12-28 09:16:59.233451] FETCHING FNTN FUNDAMENTAL
[2025-12-28 09:17:01.035325] FETCHING FOX FUNDAMENTAL
[2025-12-28 09:17:03.246013] FETCHING FSLR FUNDAMENTAL
[2025-12-28 09:17:05.161187] FETCHING FSS FUNDAMENTAL
[2025-12-28 09:17:06.951316] FETCHING FTNT FUNDAMENTAL
[2025-12-28 09:17:08.732039] FETCHING FYBR FUNDAMENTAL
[2025-12-28 09:17:10.545541] FETCHING GD FUNDAMENTAL
[2025-12-28 09:17:12.357718] FETCHING GE FUNDAMENTAL
[2025-12-28 09:17:14.077174] FETCHING GEV FUNDAMENTAL
[2025-12-28 09:17:15.256815] FETCHING GH FUNDAMENTAL
[2025-12-28 09:17:17.487106] FETCHING GILD FUNDAMENTAL
[2025-12-28 09:17:19.330890] FETCHING GLEN FUNDAMENTAL
[2025-12-28 09:17:20.771121] FETCHING GLW FUNDAMENTAL
[2025-12-28 09:17:22.894846] FETCHING GM FUNDAMENTAL
[2025-12-28 09:17:24.544893] FETCHING GOGO FUNDAMENTAL
[2025-12-28 09:17:59.488772] FETCHING GOOG FUNDAMENTAL
[2025-12-28 09:18:01.452485] FETCHING GPOR FUNDAMENTAL
[2025-12-28 09:18:03.389856] FETCHING GRMN FUNDAMENTAL
[2025-12-28 09:18:05.176035] FETCHING GRNT FUNDAMENTAL
[2025-12-28 09:18:06.824903] FETCHING GS FUNDAMENTAL
[2025-12-28 09:18:08.747102] FETCHING GSK FUNDAMENTAL
[2025-12-28 09:18:10.671280] FETCHING GTLS FUNDAMENTAL
[2025-12-28 09:18:12.315148] FETCHING GWW FUNDAMENTAL
[2025-12-28 09:18:14.028507] FETCHING HCA FUNDAMENTAL
[2025-12-28 09:18:15.945163] FETCHING HCC FUNDAMENTAL
[2025-12-28 09:18:17.495924] FETCHING HD FUNDAMENTAL
[2025-12-28 09:18:19.232093] FETCHING HEI FUNDAMENTAL
[2025-12-28 09:18:21.195542] FETCHING HIG FUNDAMENTAL
[2025-12-28 09:18:22.970090] FETCHING HIMS FUNDAMENTAL
[2025-12-28 09:18:24.461472] FETCHING HIMX FUNDAMENTAL
[2025-12-28 09:18:59.392405] FETCHING HON FUNDAMENTAL
[2025-12-28 09:19:01.466898] FETCHING HOOD FUNDAMENTAL
[2025-12-28 09:19:03.394764] FETCHING HPQ FUNDAMENTAL
[2025-12-28 09:19:05.274465] FETCHING HSBA FUNDAMENTAL
[2025-12-28 09:19:07.150636] FETCHING HSY FUNDAMENTAL
[2025-12-28 09:19:08.868388] FETCHING HTO FUNDAMENTAL
[2025-12-28 09:19:10.673707] FETCHING HUBB FUNDAMENTAL
[2025-12-28 09:19:12.484310] FETCHING HUM FUNDAMENTAL
[2025-12-28 09:19:14.187574] FETCHING IBKR FUNDAMENTAL
[2025-12-28 09:19:15.971031] FETCHING IBM FUNDAMENTAL
[2025-12-28 09:19:17.772553] FETCHING ICE FUNDAMENTAL
[2025-12-28 09:19:19.356158] FETCHING IDXX FUNDAMENTAL
[2025-12-28 09:19:21.342097] FETCHING IMB FUNDAMENTAL
[2025-12-28 09:19:22.743753] FETCHING IMTX FUNDAMENTAL
[2025-12-28 09:19:24.571123] FETCHING INSM FUNDAMENTAL
[2025-12-28 09:19:59.712737] FETCHING INTC FUNDAMENTAL
[2025-12-28 09:20:01.633720] FETCHING INTU FUNDAMENTAL
[2025-12-28 09:20:03.558012] FETCHING IQV FUNDAMENTAL
[2025-12-28 09:20:05.421314] FETCHING IR FUNDAMENTAL
[2025-12-28 09:20:07.242636] FETCHING IRDM FUNDAMENTAL
[2025-12-28 09:20:08.929097] FETCHING ISRG FUNDAMENTAL
[2025-12-28 09:20:10.848578] FETCHING IT FUNDAMENTAL
[2025-12-28 09:20:12.504984] FETCHING ITW FUNDAMENTAL
[2025-12-28 09:20:14.469197] FETCHING JCI FUNDAMENTAL
[2025-12-28 09:20:16.180863] FETCHING JD FUNDAMENTAL
[2025-12-28 09:20:17.839806] FETCHING JNJ FUNDAMENTAL
[2025-12-28 09:20:19.405869] FETCHING JPM FUNDAMENTAL
[2025-12-28 09:20:21.415068] FETCHING KEY FUNDAMENTAL
[2025-12-28 09:20:23.133535] FETCHING KEYS FUNDAMENTAL
[2025-12-28 09:20:24.684062] FETCHING KHC FUNDAMENTAL
[2025-12-28 09:20:59.658570] FETCHING KKR FUNDAMENTAL
[2025-12-28 09:21:01.763663] FETCHING KLAC FUNDAMENTAL
[2025-12-28 09:21:03.741780] FETCHING KMB FUNDAMENTAL
[2025-12-28 09:21:05.497200] FETCHING KMI FUNDAMENTAL
[2025-12-28 09:21:07.354204] FETCHING KO FUNDAMENTAL
[2025-12-28 09:21:09.037569] FETCHING KR FUNDAMENTAL
[2025-12-28 09:21:10.939760] FETCHING KVUE FUNDAMENTAL
[2025-12-28 09:21:12.331299] FETCHING KVYO FUNDAMENTAL
[2025-12-28 09:21:14.395507] FETCHING LASER FUNDAMENTAL
[2025-12-28 09:21:15.950043] FETCHING LECO FUNDAMENTAL
[2025-12-28 09:21:18.090391] FETCHING LEG FUNDAMENTAL
[2025-12-28 09:21:19.794419] FETCHING LEN FUNDAMENTAL
[2025-12-28 09:21:21.335516] FETCHING LGIH FUNDAMENTAL
[2025-12-28 09:21:23.212904] FETCHING LHX FUNDAMENTAL
[2025-12-28 09:21:25.139974] FETCHING LII FUNDAMENTAL
[2025-12-28 09:21:59.933683] FETCHING LIN FUNDAMENTAL
[2025-12-28 09:22:01.949831] FETCHING LINK FUNDAMENTAL
[2025-12-28 09:22:03.930681] FETCHING LITE FUNDAMENTAL
[2025-12-28 09:22:05.405160] FETCHING LKFN FUNDAMENTAL
[2025-12-28 09:22:07.458453] FETCHING LLOY FUNDAMENTAL
[2025-12-28 09:22:08.811014] FETCHING LLY FUNDAMENTAL
[2025-12-28 09:22:11.003668] FETCHING LMT FUNDAMENTAL
[2025-12-28 09:22:12.502148] FETCHING LNG FUNDAMENTAL
[2025-12-28 09:22:14.669665] FETCHING LOW FUNDAMENTAL
[2025-12-28 09:22:16.475602] FETCHING LRCX FUNDAMENTAL
[2025-12-28 09:22:18.131408] FETCHING LSEG FUNDAMENTAL
[2025-12-28 09:22:19.572894] FETCHING LVSL FUNDAMENTAL
[2025-12-28 09:22:21.353415] FETCHING LYV FUNDAMENTAL
[2025-12-28 09:22:23.310121] FETCHING M FUNDAMENTAL
[2025-12-28 09:22:25.202388] FETCHING MA FUNDAMENTAL
[2025-12-28 09:23:02.185151] FETCHING MAR FUNDAMENTAL
[2025-12-28 09:23:04.005278] FETCHING MBIN FUNDAMENTAL
[2025-12-28 09:23:05.377173] FETCHING MCD FUNDAMENTAL
[2025-12-28 09:23:06.963113] FETCHING MCK FUNDAMENTAL
[2025-12-28 09:23:08.455939] FETCHING MCPH FUNDAMENTAL
[2025-12-28 09:23:09.231192] FETCHING MDB FUNDAMENTAL
[2025-12-28 09:23:11.091617] FETCHING MDLZ FUNDAMENTAL
[2025-12-28 09:23:12.698186] FETCHING MDT FUNDAMENTAL
[2025-12-28 09:23:14.604793] FETCHING MELI FUNDAMENTAL
[2025-12-28 09:23:16.254053] FETCHING MET FUNDAMENTAL
[2025-12-28 09:23:18.663344] FETCHING META FUNDAMENTAL
[2025-12-28 09:23:20.373520] FETCHING METC FUNDAMENTAL
[2025-12-28 09:23:21.800829] FETCHING MGEE FUNDAMENTAL
[2025-12-28 09:23:23.414269] FETCHING MMM FUNDAMENTAL
[2025-12-28 09:23:25.277287] FETCHING MNST FUNDAMENTAL
[2025-12-28 09:24:02.268088] FETCHING MO FUNDAMENTAL
[2025-12-28 09:24:04.143768] FETCHING MORN FUNDAMENTAL
[2025-12-28 09:24:05.812016] FETCHING MPC FUNDAMENTAL
[2025-12-28 09:24:07.363659] FETCHING MPLX FUNDAMENTAL
[2025-12-28 09:24:08.681344] FETCHING MPWR FUNDAMENTAL
[2025-12-28 09:24:10.102287] FETCHING MRK FUNDAMENTAL
[2025-12-28 09:24:11.960485] FETCHING MRVL FUNDAMENTAL
[2025-12-28 09:24:13.661214] FETCHING MS FUNDAMENTAL
[2025-12-28 09:24:15.222988] FETCHING MSCI FUNDAMENTAL
[2025-12-28 09:24:16.990074] FETCHING MSEX FUNDAMENTAL
[2025-12-28 09:24:18.718059] FETCHING MSFT FUNDAMENTAL
[2025-12-28 09:24:20.574772] FETCHING MSI FUNDAMENTAL
[2025-12-28 09:24:22.312956] FETCHING MTD FUNDAMENTAL
[2025-12-28 09:24:23.803620] FETCHING MU FUNDAMENTAL
[2025-12-28 09:24:25.591829] FETCHING NDAQ FUNDAMENTAL
[2025-12-28 09:25:02.517002] FETCHING NEE FUNDAMENTAL
[2025-12-28 09:25:04.264119] FETCHING NEM FUNDAMENTAL
[2025-12-28 09:25:06.113897] FETCHING NET FUNDAMENTAL
[2025-12-28 09:25:07.525916] FETCHING NFLX FUNDAMENTAL
[2025-12-28 09:25:09.216013] FETCHING NKE FUNDAMENTAL
[2025-12-28 09:25:10.952040] FETCHING NOW FUNDAMENTAL
[2025-12-28 09:25:12.713287] FETCHING NRG FUNDAMENTAL
[2025-12-28 09:25:14.377712] FETCHING NSC FUNDAMENTAL
[2025-12-28 09:25:16.011686] FETCHING NTES FUNDAMENTAL
[2025-12-28 09:25:17.822275] FETCHING NTRAC FUNDAMENTAL
[2025-12-28 09:25:18.598220] FETCHING NU FUNDAMENTAL
[2025-12-28 09:25:20.566207] FETCHING NUE FUNDAMENTAL
[2025-12-28 09:25:22.546170] FETCHING NVDA FUNDAMENTAL
[2025-12-28 09:25:24.326780] FETCHING NVMI FUNDAMENTAL
[2025-12-28 09:25:26.202227] FETCHING NVTK FUNDAMENTAL
[2025-12-28 09:26:02.256072] FETCHING NWE FUNDAMENTAL
[2025-12-28 09:26:04.380261] FETCHING NWN FUNDAMENTAL
[2025-12-28 09:26:06.114753] FETCHING O FUNDAMENTAL
[2025-12-28 09:26:07.854433] FETCHING ODFL FUNDAMENTAL
[2025-12-28 09:26:09.452092] FETCHING OKE FUNDAMENTAL
[2025-12-28 09:26:11.110079] FETCHING OLVI FUNDAMENTAL
[2025-12-28 09:26:12.476748] FETCHING OMC FUNDAMENTAL
[2025-12-28 09:26:14.524612] FETCHING OPL FUNDAMENTAL
[2025-12-28 09:26:15.944719] FETCHING ORCL FUNDAMENTAL
[2025-12-28 09:26:17.843906] FETCHING ORLY FUNDAMENTAL
[2025-12-28 09:26:19.688575] FETCHING OTIS FUNDAMENTAL
[2025-12-28 09:26:21.006116] FETCHING OXY FUNDAMENTAL
[2025-12-28 09:26:22.898436] FETCHING PANW FUNDAMENTAL
[2025-12-28 09:26:24.634490] FETCHING PARR FUNDAMENTAL
[2025-12-28 09:26:26.153463] FETCHING PAYX FUNDAMENTAL
[2025-12-28 09:27:02.347949] FETCHING PCAR FUNDAMENTAL
[2025-12-28 09:27:04.477570] FETCHING PCTY FUNDAMENTAL
[2025-12-28 09:27:06.242623] FETCHING PDD FUNDAMENTAL
[2025-12-28 09:27:07.875757] FETCHING PDFS FUNDAMENTAL
[2025-12-28 09:27:09.701971] FETCHING PEG FUNDAMENTAL
[2025-12-28 09:27:11.301602] FETCHING PEP FUNDAMENTAL
[2025-12-28 09:27:12.830824] FETCHING PFE FUNDAMENTAL
[2025-12-28 09:27:14.598820] FETCHING PG FUNDAMENTAL
[2025-12-28 09:27:16.414224] FETCHING PGR FUNDAMENTAL
[2025-12-28 09:27:17.789678] FETCHING PH FUNDAMENTAL
[2025-12-28 09:27:19.766138] FETCHING PHVS FUNDAMENTAL
[2025-12-28 09:27:21.604796] FETCHING PL FUNDAMENTAL
[2025-12-28 09:27:22.905014] FETCHING PLAB FUNDAMENTAL
[2025-12-28 09:27:24.628766] FETCHING PLD FUNDAMENTAL
[2025-12-28 09:27:26.571700] FETCHING PLTR FUNDAMENTAL
[2025-12-28 09:28:02.415661] FETCHING PM FUNDAMENTAL
[2025-12-28 09:28:04.557112] FETCHING PNC FUNDAMENTAL
[2025-12-28 09:28:06.272076] FETCHING PODD FUNDAMENTAL
[2025-12-28 09:28:08.041856] FETCHING POOL FUNDAMENTAL
[2025-12-28 09:28:09.631884] FETCHING POR FUNDAMENTAL
[2025-12-28 09:28:11.465626] FETCHING PRU FUNDAMENTAL
[2025-12-28 09:28:13.183351] FETCHING PSA FUNDAMENTAL
[2025-12-28 09:28:14.999140] FETCHING PSX FUNDAMENTAL
[2025-12-28 09:28:16.632921] FETCHING PWR FUNDAMENTAL
[2025-12-28 09:28:18.405824] FETCHING PYPL FUNDAMENTAL
[2025-12-28 09:28:19.822979] FETCHING QBTS FUNDAMENTAL
[2025-12-28 09:28:21.634636] FETCHING QCOM FUNDAMENTAL
[2025-12-28 09:28:23.233897] FETCHING QCRH FUNDAMENTAL
[2025-12-28 09:28:24.853920] FETCHING QGEN FUNDAMENTAL
[2025-12-28 09:28:26.525644] FETCHING QSR FUNDAMENTAL
[2025-12-28 09:29:02.796581] FETCHING RASP FUNDAMENTAL
[2025-12-28 09:29:04.352789] FETCHING RBLIX FUNDAMENTAL
[2025-12-28 09:29:06.297379] FETCHING RBRK FUNDAMENTAL
[2025-12-28 09:29:07.954060] FETCHING RCI FUNDAMENTAL
[2025-12-28 09:29:10.082585] FETCHING RCL FUNDAMENTAL
[2025-12-28 09:29:11.676060] FETCHING RDDT FUNDAMENTAL
[2025-12-28 09:29:12.998185] FETCHING RDW FUNDAMENTAL
[2025-12-28 09:29:14.942026] FETCHING REGN FUNDAMENTAL
[2025-12-28 09:29:16.848395] FETCHING REL FUNDAMENTAL
[2025-12-28 09:29:18.365325] FETCHING RELL FUNDAMENTAL
[2025-12-28 09:29:20.095909] FETCHING RIO FUNDAMENTAL
[2025-12-28 09:29:22.092737] FETCHING RKLB FUNDAMENTAL
[2025-12-28 09:29:23.352226] FETCHING RKT FUNDAMENTAL
[2025-12-28 09:29:24.760598] FETCHING RMD FUNDAMENTAL
[2025-12-28 09:29:26.805168] FETCHING ROK FUNDAMENTAL
[2025-12-28 09:30:02.956814] FETCHING ROL FUNDAMENTAL
[2025-12-28 09:30:04.735928] FETCHING ROP FUNDAMENTAL
[2025-12-28 09:30:06.717772] FETCHING ROSN FUNDAMENTAL
[2025-12-28 09:30:07.941274] FETCHING ROST FUNDAMENTAL
[2025-12-28 09:30:10.043580] FETCHING RR. FUNDAMENTAL
[2025-12-28 09:30:11.547963] FETCHING RRC FUNDAMENTAL
[2025-12-28 09:30:13.329966] FETCHING RSG FUNDAMENTAL
[2025-12-28 09:30:15.138663] FETCHING RTX FUNDAMENTAL
[2025-12-28 09:30:16.952274] FETCHING RUS FUNDAMENTAL
[2025-12-28 09:30:18.431777] FETCHING SAT FUNDAMENTAL
[2025-12-28 09:30:20.126910] FETCHING SBUX FUNDAMENTAL
[2025-12-28 09:30:22.326327] FETCHING SCCO FUNDAMENTAL
[2025-12-28 09:30:24.146273] FETCHING SCHW FUNDAMENTAL
[2025-12-28 09:30:25.929504] FETCHING SCMN FUNDAMENTAL
[2025-12-28 09:30:26.776139] FETCHING SE FUNDAMENTAL
[2025-12-28 09:31:02.964067] FETCHING SHEL FUNDAMENTAL
[2025-12-28 09:31:04.918290] FETCHING SHOP FUNDAMENTAL
[2025-12-28 09:31:06.797976] FETCHING SHW FUNDAMENTAL
[2025-12-28 09:31:08.441033] FETCHING SLB FUNDAMENTAL
[2025-12-28 09:31:10.293473] FETCHING SNDK FUNDAMENTAL
[2025-12-28 09:31:11.834722] FETCHING SNDX FUNDAMENTAL
[2025-12-28 09:31:13.327236] FETCHING SNOW FUNDAMENTAL
[2025-12-28 09:31:15.110573] FETCHING SNPS FUNDAMENTAL
[2025-12-28 09:31:17.058501] FETCHING SNX FUNDAMENTAL
[2025-12-28 09:31:18.810553] FETCHING SO FUNDAMENTAL
[2025-12-28 09:31:20.732922] FETCHING SOC FUNDAMENTAL
[2025-12-28 09:31:22.118770] FETCHING SOFI FUNDAMENTAL
[2025-12-28 09:31:24.132036] FETCHING SPG FUNDAMENTAL
[2025-12-28 09:31:25.847906] FETCHING SPGI FUNDAMENTAL
[2025-12-28 09:31:27.774697] FETCHING SPOT FUNDAMENTAL
[2025-12-28 09:32:02.844375] FETCHING SRAD FUNDAMENTAL
[2025-12-28 09:32:04.818257] FETCHING SRE FUNDAMENTAL
[2025-12-28 09:32:06.662515] FETCHING SSB FUNDAMENTAL
[2025-12-28 09:32:08.592696] FETCHING SSE FUNDAMENTAL
[2025-12-28 09:32:10.058579] FETCHING STAN FUNDAMENTAL
[2025-12-28 09:32:11.692645] FETCHING STOK FUNDAMENTAL
[2025-12-28 09:32:13.531367] FETCHING STT FUNDAMENTAL
[2025-12-28 09:32:15.496066] FETCHING SYBT FUNDAMENTAL
[2025-12-28 09:32:17.216096] FETCHING SYK FUNDAMENTAL
[2025-12-28 09:32:18.869065] FETCHING SYM FUNDAMENTAL
[2025-12-28 09:32:20.714366] FETCHING SYY FUNDAMENTAL
[2025-12-28 09:32:22.364056] FETCHING T FUNDAMENTAL
[2025-12-28 09:32:24.439866] FETCHING TDG FUNDAMENTAL
[2025-12-28 09:32:26.138985] FETCHING TEAM FUNDAMENTAL
[2025-12-28 09:32:27.852169] FETCHING TEL FUNDAMENTAL
[2025-12-28 09:33:03.195985] FETCHING TEL1L FUNDAMENTAL
[2025-12-28 09:33:04.699716] FETCHING TER FUNDAMENTAL
[2025-12-28 09:33:06.878970] FETCHING TFC FUNDAMENTAL
[2025-12-28 09:33:08.710735] FETCHING TGT FUNDAMENTAL
[2025-12-28 09:33:10.469291] FETCHING THC FUNDAMENTAL
[2025-12-28 09:33:12.312132] FETCHING THO FUNDAMENTAL
[2025-12-28 09:33:14.191349] FETCHING TJX FUNDAMENTAL
[2025-12-28 09:33:15.933447] FETCHING TKA FUNDAMENTAL
[2025-12-28 09:33:16.999468] FETCHING TKO FUNDAMENTAL
[2025-12-28 09:33:19.026885] FETCHING TKR FUNDAMENTAL
[2025-12-28 09:33:20.909762] FETCHING TMO FUNDAMENTAL
[2025-12-28 09:33:22.729780] FETCHING TMUS FUNDAMENTAL
[2025-12-28 09:33:24.570777] FETCHING TRGP FUNDAMENTAL
[2025-12-28 09:33:26.236001] FETCHING TRV FUNDAMENTAL
[2025-12-28 09:33:27.931915] FETCHING TSC FUNDAMENTAL
[2025-12-28 09:34:02.951271] FETCHING TSCO FUNDAMENTAL
[2025-12-28 09:34:05.145222] FETCHING TSLA FUNDAMENTAL
[2025-12-28 09:34:08.089005] FETCHING TT FUNDAMENTAL
[2025-12-28 09:34:09.799212] FETCHING TTWO FUNDAMENTAL
[2025-12-28 09:34:11.431869] FETCHING TUYA FUNDAMENTAL
[2025-12-28 09:34:12.675514] FETCHING TXN FUNDAMENTAL
[2025-12-28 09:34:14.306004] FETCHING UAL FUNDAMENTAL
[2025-12-28 09:34:16.103766] FETCHING UBER FUNDAMENTAL
[2025-12-28 09:34:17.486853] FETCHING UHS FUNDAMENTAL
[2025-12-28 09:34:19.135744] FETCHING UI FUNDAMENTAL
[2025-12-28 09:34:21.001042] FETCHING ULVR FUNDAMENTAL
[2025-12-28 09:34:22.518815] FETCHING UMBF FUNDAMENTAL
[2025-12-28 09:34:24.425142] FETCHING UNH FUNDAMENTAL
[2025-12-28 09:34:26.293358] FETCHING UNP FUNDAMENTAL
[2025-12-28 09:34:28.819834] FETCHING UPS FUNDAMENTAL
[2025-12-28 09:35:03.450964] FETCHING URI FUNDAMENTAL
[2025-12-28 09:35:05.236122] FETCHING USB FUNDAMENTAL
[2025-12-28 09:35:08.217232] FETCHING UTL FUNDAMENTAL
[2025-12-28 09:35:09.900102] FETCHING UVV FUNDAMENTAL
[2025-12-28 09:35:11.559287] FETCHING V FUNDAMENTAL
[2025-12-28 09:35:13.142125] FETCHING VECO FUNDAMENTAL
[2025-12-28 09:35:14.628103] FETCHING VEEV FUNDAMENTAL
[2025-12-28 09:35:16.126221] FETCHING VFS FUNDAMENTAL
[2025-12-28 09:35:17.610105] FETCHING VICI FUNDAMENTAL
[2025-12-28 09:35:19.220418] FETCHING VIK FUNDAMENTAL
[2025-12-28 09:35:20.926864] FETCHING VLO FUNDAMENTAL
[2025-12-28 09:35:22.939398] FETCHING VMC FUNDAMENTAL
[2025-12-28 09:35:24.759538] FETCHING VOD FUNDAMENTAL
[2025-12-28 09:35:26.579279] FETCHING VRSK FUNDAMENTAL
[2025-12-28 09:35:29.121108] FETCHING VRT FUNDAMENTAL
[2025-12-28 09:36:03.468851] FETCHING VRTX FUNDAMENTAL
[2025-12-28 09:36:05.252184] FETCHING VST FUNDAMENTAL
[2025-12-28 09:36:08.301632] FETCHING VTR FUNDAMENTAL
[2025-12-28 09:36:09.928517] FETCHING VZ FUNDAMENTAL
[2025-12-28 09:36:11.728600] FETCHING WAB FUNDAMENTAL
[2025-12-28 09:36:13.323795] FETCHING WBD FUNDAMENTAL
[2025-12-28 09:36:15.070396] FETCHING WCP FUNDAMENTAL
[2025-12-28 09:36:16.010082] FETCHING WDAY FUNDAMENTAL
[2025-12-28 09:36:17.701683] FETCHING WDC FUNDAMENTAL
[2025-12-28 09:36:19.552102] FETCHING WEC FUNDAMENTAL
[2025-12-28 09:36:21.107201] FETCHING WELL FUNDAMENTAL
[2025-12-28 09:36:23.018291] FETCHING WFC FUNDAMENTAL
[2025-12-28 09:36:24.718833] FETCHING WGO FUNDAMENTAL
[2025-12-28 09:36:26.595847] FETCHING WM FUNDAMENTAL
[2025-12-28 09:36:29.254202] FETCHING WMB FUNDAMENTAL
[2025-12-28 09:37:03.645795] FETCHING WMK FUNDAMENTAL
[2025-12-28 09:37:05.480370] FETCHING WMT FUNDAMENTAL
[2025-12-28 09:37:08.412304] FETCHING WSO FUNDAMENTAL
[2025-12-28 09:37:10.248021] FETCHING WSTL FUNDAMENTAL
[2025-12-28 09:37:11.495054] FETCHING WTW FUNDAMENTAL
[2025-12-28 09:37:13.622345] FETCHING XEL FUNDAMENTAL
[2025-12-28 09:37:15.305799] FETCHING XIFR FUNDAMENTAL
[2025-12-28 09:37:16.709684] FETCHING XOM FUNDAMENTAL
[2025-12-28 09:37:18.526882] FETCHING XYL FUNDAMENTAL
[2025-12-28 09:37:20.072277] FETCHING YELP FUNDAMENTAL
[2025-12-28 09:37:21.624079] FETCHING YUM FUNDAMENTAL
[2025-12-28 09:37:23.295097] FETCHING ZS FUNDAMENTAL
[2025-12-28 09:37:24.861611] FETCHING ZTS FUNDAMENTAL
[2025-12-28 09:37:26.682023] SESSION COMPLETED
[2025-12-28 09:37:26.685126]   Exit code: 1
[2025-12-28 09:37:26.688136]   End time: 2025-12-28 09:37:26.682022
[2025-12-28 09:37:26.691069]   Duration: 0:32:30.305645
[2025-12-28 09:37:26.818639] METADATA: Saved to raw_data\metadata.json
