[2025-12-28 09:39:33.348076] SESSION STARTED
  Session ID: 20251228_093933_53ad

[2025-12-28 09:39:33.370571] Data Type: Insider
[2025-12-28 09:39:33.372683] CONFIGURATION:
[2025-12-28 09:39:33.374799]   tickers: ['A', 'AAPL', 'ABBV', 'ABNB', 'ABT', 'ABTC', 'ACN', 'ADBE', 'ADI', 'ADM', 'ADP', 'ADSK', 'AEE', 'AEP', 'AES', 'AFL', 'AI', 'AIG', 'AIT', 'AL', 'ALAB', 'ALL', 'ALNY', 'ALOT', 'AMAT', 'AMD', 'AME', 'AMG', 'AMGN', 'AMKR', 'AMP', 'AMPG', 'AMT', 'AMZN', 'ANET', 'AON', 'APD', 'APH', 'APO', 'APP', 'ARES', 'ARM', 'ARMK', 'ASTS', 'ATEX', 'ATO', 'ATRC', 'AU', 'AVGO', 'AXGN', 'AXON', 'AXP', 'AXS', 'AZN', 'AZO', 'AZUL', 'BA', 'BABA', 'BAC', 'BAM', 'BARC', 'BATS', 'BDX', 'BHE', 'BIIB', 'BK', 'BKNG', 'BKR', 'BLBD', 'BLK', 'BN', 'BP', 'BR', 'BRK.A', 'BRKR', 'BSX', 'BSY', 'BT.A', 'BX', 'C', 'CAH', 'CARR', 'CAT', 'CATO', 'CB', 'CBOE', 'CCEP', 'CCI', 'CCL', 'CCZ', 'CDNS', 'CEG', 'CGNX', 'CHTR', 'CI', 'CIEN', 'CINF', 'CL', 'CMC', 'CMCSA', 'CME', 'CMG', 'CNH', 'COF', 'COGT', 'COHR', 'COIN', 'COP', 'COR', 'COST', 'CPAY', 'CPG', 'CPNG', 'CPRT', 'CRBG', 'CRK', 'CRM', 'CRSP', 'CRWD', 'CSCO', 'CSGP', 'CSX', 'CTSH', 'CTVA', 'CURY', 'CVNA', 'CVS', 'CVX', 'CWEN', 'D', 'DAL', 'DASH', 'DDOG', 'DE', 'DELL', 'DG', 'DGE', 'DHI', 'DHR', 'DIS', 'DLR', 'DLTR', 'DOV', 'DUK', 'EA', 'EBAY', 'ECL', 'ED', 'EFX', 'EL', 'ELTEK', 'ELV', 'EME', 'EMR', 'EOG', 'EPD', 'EQIX', 'EQT', 'EQX', 'ESAB', 'ET', 'ETN', 'ETR', 'ETS', 'EW', 'EXC', 'EXPE', 'EXPN', 'F', 'FANG', 'FCF', 'FCX', 'FDX', 'FE', 'FERG', 'FICO', 'FIS', 'FISV', 'FITB', 'FIX', 'FLS', 'FLUT', 'FNTN', 'FOX', 'FSLR', 'FSS', 'FTNT', 'FYBR', 'GD', 'GE', 'GEV', 'GH', 'GILD', 'GLEN', 'GLW', 'GM', 'GOGO', 'GOOG', 'GPOR', 'GRMN', 'GRNT', 'GS', 'GSK', 'GTLS', 'GWW', 'HCA', 'HCC', 'HD', 'HEI', 'HIG', 'HIMS', 'HIMX', 'HON', 'HOOD', 'HPQ', 'HSBA', 'HSY', 'HTO', 'HUBB', 'HUM', 'IBKR', 'IBM', 'ICE', 'IDXX', 'IMB', 'IMTX', 'INSM', 'INTC', 'INTU', 'IQV', 'IR', 'IRDM', 'ISRG', 'IT', 'ITW', 'JCI', 'JD', 'JNJ', 'JPM', 'KEY', 'KEYS', 'KHC', 'KKR', 'KLAC', 'KMB', 'KMI', 'KO', 'KR', 'KVUE', 'KVYO', 'LASER', 'LECO', 'LEG', 'LEN', 'LGIH', 'LHX', 'LII', 'LIN', 'LINK', 'LITE', 'LKFN', 'LLOY', 'LLY', 'LMT', 'LNG', 'LOW', 'LRCX', 'LSEG', 'LVSL', 'LYV', 'M', 'MA', 'MAR', 'MBIN', 'MCD', 'MCK', 'MCPH', 'MDB', 'MDLZ', 'MDT', 'MELI', 'MET', 'META', 'METC', 'MGEE', 'MMM', 'MNST', 'MO', 'MORN', 'MPC', 'MPLX', 'MPWR', 'MRK', 'MRVL', 'MS', 'MSCI', 'MSEX', 'MSFT', 'MSI', 'MTD', 'MU', 'NDAQ', 'NEE', 'NEM', 'NET', 'NFLX', 'NKE', 'NOW', 'NRG', 'NSC', 'NTES', 'NTRAC', 'NU', 'NUE', 'NVDA', 'NVMI', 'NVTK', 'NWE', 'NWN', 'O', 'ODFL', 'OKE', 'OLVI', 'OMC', 'OPL', 'ORCL', 'ORLY', 'OTIS', 'OXY', 'PANW', 'PARR', 'PAYX', 'PCAR', 'PCTY', 'PDD', 'PDFS', 'PEG', 'PEP', 'PFE', 'PG', 'PGR', 'PH', 'PHVS', 'PL', 'PLAB', 'PLD', 'PLTR', 'PM', 'PNC', 'PODD', 'POOL', 'POR', 'PRU', 'PSA', 'PSX', 'PWR', 'PYPL', 'QBTS', 'QCOM', 'QCRH', 'QGEN', 'QSR', 'RASP', 'RBLIX', 'RBRK', 'RCI', 'RCL', 'RDDT', 'RDW', 'REGN', 'REL', 'RELL', 'RIO', 'RKLB', 'RKT', 'RMD', 'ROK', 'ROL', 'ROP', 'ROSN', 'ROST', 'RR.', 'RRC', 'RSG', 'RTX', 'RUS', 'SAT', 'SBUX', 'SCCO', 'SCHW', 'SCMN', 'SE', 'SHEL', 'SHOP', 'SHW', 'SLB', 'SNDK', 'SNDX', 'SNOW', 'SNPS', 'SNX', 'SO', 'SOC', 'SOFI', 'SPG', 'SPGI', 'SPOT', 'SRAD', 'SRE', 'SSB', 'SSE', 'STAN', 'STOK', 'STT', 'SYBT', 'SYK', 'SYM', 'SYY', 'T', 'TDG', 'TEAM', 'TEL', 'TEL1L', 'TER', 'TFC', 'TGT', 'THC', 'THO', 'TJX', 'TKA', 'TKO', 'TKR', 'TMO', 'TMUS', 'TRGP', 'TRV', 'TSC', 'TSCO', 'TSLA', 'TT', 'TTWO', 'TUYA', 'TXN', 'UAL', 'UBER', 'UHS', 'UI', 'ULVR', 'UMBF', 'UNH', 'UNP', 'UPS', 'URI', 'USB', 'UTL', 'UVV', 'V', 'VECO', 'VEEV', 'VFS', 'VICI', 'VIK', 'VLO', 'VMC', 'VOD', 'VRSK', 'VRT', 'VRTX', 'VST', 'VTR', 'VZ', 'WAB', 'WBD', 'WCP', 'WDAY', 'WDC', 'WEC', 'WELL', 'WFC', 'WGO', 'WM', 'WMB', 'WMK', 'WMT', 'WSO', 'WSTL', 'WTW', 'XEL', 'XIFR', 'XOM', 'XYL', 'YELP', 'YUM', 'ZS', 'ZTS']
[2025-12-28 09:39:33.377723]   date_range: {'type': <DateRangeType.CUSTOM_RANGE: 'custom_range'>, 'from_date': '2000-01-01', 'to_date': '2025-12-28'}
[2025-12-28 09:39:33.380123]   transaction_type: all
[2025-12-28 09:39:33.383041]   min_value: 1.0
[2025-12-28 09:39:33.397027] FETCHING A INSIDER
[2025-12-28 09:39:34.230269] FETCHING AAPL INSIDER
[2025-12-28 09:39:35.286211] FETCHING ABBV INSIDER
[2025-12-28 09:39:35.958719] FETCHING ABNB INSIDER
[2025-12-28 09:39:36.648352] FETCHING ABT INSIDER
[2025-12-28 09:39:37.735249] FETCHING ABTC INSIDER
[2025-12-28 09:39:37.917265] FETCHING ACN INSIDER
[2025-12-28 09:39:38.747203] FETCHING ADBE INSIDER
[2025-12-28 09:39:39.341140] FETCHING ADI INSIDER
[2025-12-28 09:39:39.764563] FETCHING ADM INSIDER
[2025-12-28 09:39:40.132908] FETCHING ADP INSIDER
[2025-12-28 09:39:41.044385] FETCHING ADSK INSIDER
[2025-12-28 09:39:41.978167] FETCHING AEE INSIDER
[2025-12-28 09:39:42.414128] FETCHING AEP INSIDER
[2025-12-28 09:39:43.221037] FETCHING AES INSIDER
[2025-12-28 09:39:43.958923] FETCHING AFL INSIDER
[2025-12-28 09:39:44.796803] FETCHING AI INSIDER
[2025-12-28 09:39:45.322144] FETCHING AIG INSIDER
[2025-12-28 09:39:46.154532] FETCHING AIT INSIDER
[2025-12-28 09:39:46.612941] FETCHING AL INSIDER
[2025-12-28 09:39:47.261075] FETCHING ALAB INSIDER
[2025-12-28 09:39:47.432058] FETCHING ALL INSIDER
[2025-12-28 09:39:47.961786] FETCHING ALNY INSIDER
[2025-12-28 09:39:48.807355] FETCHING ALOT INSIDER
[2025-12-28 09:39:49.479434] FETCHING AMAT INSIDER
[2025-12-28 09:39:49.817840] FETCHING AMD INSIDER
[2025-12-28 09:39:50.776630] FETCHING AME INSIDER
[2025-12-28 09:39:51.279987] FETCHING AMG INSIDER
[2025-12-28 09:39:51.963210] FETCHING AMGN INSIDER
[2025-12-28 09:39:52.817773] FETCHING AMKR INSIDER
[2025-12-28 09:39:53.495946] FETCHING AMP INSIDER
[2025-12-28 09:39:54.153712] FETCHING AMPG INSIDER
[2025-12-28 09:39:54.438349] FETCHING AMT INSIDER
[2025-12-28 09:39:55.221968] FETCHING AMZN INSIDER
[2025-12-28 09:39:55.361171] FETCHING ANET INSIDER
[2025-12-28 09:39:56.507144] FETCHING AON INSIDER
[2025-12-28 09:39:57.785474] FETCHING APD INSIDER
[2025-12-28 09:39:58.588964] FETCHING APH INSIDER
[2025-12-28 09:39:59.408150] FETCHING APO INSIDER
[2025-12-28 09:39:59.865322] FETCHING APP INSIDER
[2025-12-28 09:40:00.558801] FETCHING ARES INSIDER
[2025-12-28 09:40:01.253895] FETCHING ARM INSIDER
[2025-12-28 09:40:01.430254] FETCHING ARMK INSIDER
[2025-12-28 09:40:02.050939] FETCHING ASTS INSIDER
[2025-12-28 09:40:02.423153] FETCHING ATEX INSIDER
[2025-12-28 09:40:02.987327] FETCHING ATO INSIDER
[2025-12-28 09:40:03.542873] FETCHING ATRC INSIDER
[2025-12-28 09:40:03.972554] FETCHING AU INSIDER
[2025-12-28 09:40:04.145383] FETCHING AVGO INSIDER
[2025-12-28 09:40:04.496614] FETCHING AXGN INSIDER
[2025-12-28 09:40:05.191814] FETCHING AXON INSIDER
[2025-12-28 09:40:05.965194] FETCHING AXP INSIDER
[2025-12-28 09:40:06.823785] FETCHING AXS INSIDER
[2025-12-28 09:40:07.279032] FETCHING AZN INSIDER
[2025-12-28 09:40:07.442505] FETCHING AZO INSIDER
[2025-12-28 09:40:08.485246] FETCHING AZUL INSIDER
[2025-12-28 09:40:08.653893] FETCHING BA INSIDER
[2025-12-28 09:40:09.485293] FETCHING BABA INSIDER
[2025-12-28 09:40:09.647538] FETCHING BAC INSIDER
[2025-12-28 09:40:10.804521] FETCHING BAM INSIDER
[2025-12-28 09:40:11.106069] FETCHING BARC INSIDER
[2025-12-28 09:40:11.271781] FETCHING BATS INSIDER
[2025-12-28 09:40:11.436996] FETCHING BDX INSIDER
[2025-12-28 09:40:12.278134] FETCHING BHE INSIDER
[2025-12-28 09:40:12.822064] FETCHING BIIB INSIDER
[2025-12-28 09:40:13.837212] FETCHING BK INSIDER
[2025-12-28 09:40:14.724363] FETCHING BKNG INSIDER
[2025-12-28 09:40:15.220712] FETCHING BKR INSIDER
[2025-12-28 09:40:15.867377] FETCHING BLBD INSIDER
[2025-12-28 09:40:16.450199] FETCHING BLK INSIDER
[2025-12-28 09:40:17.679563] FETCHING BN INSIDER
[2025-12-28 09:40:17.850940] FETCHING BP INSIDER
[2025-12-28 09:40:18.035723] FETCHING BR INSIDER
[2025-12-28 09:40:18.847177] FETCHING BRK.A INSIDER
[2025-12-28 09:40:19.010495] FETCHING BRKR INSIDER
[2025-12-28 09:40:19.512234] FETCHING BSX INSIDER
[2025-12-28 09:40:20.150864] FETCHING BSY INSIDER
[2025-12-28 09:40:34.076088] FETCHING BT.A INSIDER
[2025-12-28 09:40:34.485318] FETCHING BX INSIDER
[2025-12-28 09:40:36.199908] FETCHING C INSIDER
[2025-12-28 09:40:37.043684] FETCHING CAH INSIDER
[2025-12-28 09:40:37.823589] FETCHING CARR INSIDER
[2025-12-28 09:40:38.285873] FETCHING CAT INSIDER
[2025-12-28 09:40:39.084182] FETCHING CATO INSIDER
[2025-12-28 09:40:39.635341] FETCHING CB INSIDER
[2025-12-28 09:40:40.145279] FETCHING CBOE INSIDER
[2025-12-28 09:40:40.813962] FETCHING CCEP INSIDER
[2025-12-28 09:40:40.977042] FETCHING CCI INSIDER
[2025-12-28 09:40:41.952066] FETCHING CCL INSIDER
[2025-12-28 09:40:43.160288] FETCHING CCZ INSIDER
[2025-12-28 09:40:44.131446] FETCHING CDNS INSIDER
[2025-12-28 09:40:44.759982] FETCHING CEG INSIDER
[2025-12-28 09:40:45.211947] FETCHING CGNX INSIDER
[2025-12-28 09:40:45.822432] FETCHING CHTR INSIDER
[2025-12-28 09:40:46.329053] FETCHING CI INSIDER
[2025-12-28 09:40:46.617702] FETCHING CIEN INSIDER
[2025-12-28 09:40:47.506208] FETCHING CINF INSIDER
[2025-12-28 09:40:48.369882] FETCHING CL INSIDER
[2025-12-28 09:40:49.233222] FETCHING CMC INSIDER
[2025-12-28 09:40:50.121293] FETCHING CMCSA INSIDER
[2025-12-28 09:40:51.110175] FETCHING CME INSIDER
[2025-12-28 09:40:51.978657] FETCHING CMG INSIDER
[2025-12-28 09:40:52.510886] FETCHING CNH INSIDER
[2025-12-28 09:40:52.681499] FETCHING COF INSIDER
[2025-12-28 09:40:54.377403] FETCHING COGT INSIDER
[2025-12-28 09:40:54.592186] FETCHING COHR INSIDER
[2025-12-28 09:40:55.386404] FETCHING COIN INSIDER
[2025-12-28 09:40:56.275169] FETCHING COP INSIDER
[2025-12-28 09:40:57.107914] FETCHING COR INSIDER
[2025-12-28 09:40:57.273985] FETCHING COST INSIDER
[2025-12-28 09:40:58.085471] FETCHING CPAY INSIDER
[2025-12-28 09:40:58.253599] FETCHING CPG INSIDER
[2025-12-28 09:40:58.427071] FETCHING CPNG INSIDER
[2025-12-28 09:40:59.071203] FETCHING CPRT INSIDER
[2025-12-28 09:41:00.115885] FETCHING CRBG INSIDER
[2025-12-28 09:41:00.335815] FETCHING CRK INSIDER
[2025-12-28 09:41:01.220492] FETCHING CRM INSIDER
[2025-12-28 09:41:02.735462] FETCHING CRSP INSIDER
[2025-12-28 09:41:03.040957] FETCHING CRWD INSIDER
[2025-12-28 09:41:03.874694] FETCHING CSCO INSIDER
[2025-12-28 09:41:04.729410] FETCHING CSGP INSIDER
[2025-12-28 09:41:05.387027] FETCHING CSX INSIDER
[2025-12-28 09:41:05.731130] FETCHING CTSH INSIDER
[2025-12-28 09:41:06.792902] FETCHING CTVA INSIDER
[2025-12-28 09:41:07.273460] FETCHING CURY INSIDER
[2025-12-28 09:41:07.440560] FETCHING CVNA INSIDER
[2025-12-28 09:41:08.784656] FETCHING CVS INSIDER
[2025-12-28 09:41:09.593639] FETCHING CVX INSIDER
[2025-12-28 09:41:10.434530] FETCHING CWEN INSIDER
[2025-12-28 09:41:10.835374] FETCHING D INSIDER
[2025-12-28 09:41:11.601307] FETCHING DAL INSIDER
[2025-12-28 09:41:12.419889] FETCHING DASH INSIDER
[2025-12-28 09:41:13.273885] FETCHING DDOG INSIDER
[2025-12-28 09:41:14.297065] FETCHING DE INSIDER
[2025-12-28 09:41:15.093376] FETCHING DELL INSIDER
[2025-12-28 09:41:15.922631] FETCHING DG INSIDER
[2025-12-28 09:41:16.667042] FETCHING DGE INSIDER
[2025-12-28 09:41:16.831558] FETCHING DHI INSIDER
[2025-12-28 09:41:17.522117] FETCHING DHR INSIDER
[2025-12-28 09:41:18.097018] FETCHING DIS INSIDER
[2025-12-28 09:41:18.764531] FETCHING DLR INSIDER
[2025-12-28 09:41:19.135988] FETCHING DLTR INSIDER
[2025-12-28 09:41:19.991850] FETCHING DOV INSIDER
[2025-12-28 09:41:20.786200] FETCHING DUK INSIDER
[2025-12-28 09:41:21.602268] FETCHING EA INSIDER
[2025-12-28 09:41:22.660880] FETCHING EBAY INSIDER
[2025-12-28 09:41:23.736787] FETCHING ECL INSIDER
[2025-12-28 09:41:24.594546] FETCHING ED INSIDER
[2025-12-28 09:41:25.221271] FETCHING EFX INSIDER
[2025-12-28 09:41:26.037523] FETCHING EL INSIDER
[2025-12-28 09:41:27.046026] FETCHING ELTEK INSIDER
[2025-12-28 09:41:27.207244] FETCHING ELV INSIDER
[2025-12-28 09:41:34.570022] FETCHING EME INSIDER
[2025-12-28 09:41:35.684603] FETCHING EMR INSIDER
[2025-12-28 09:41:36.428951] FETCHING EOG INSIDER
[2025-12-28 09:41:37.229645] FETCHING EPD INSIDER
[2025-12-28 09:41:37.666847] FETCHING EQIX INSIDER
[2025-12-28 09:41:39.001079] FETCHING EQT INSIDER
[2025-12-28 09:41:39.667046] FETCHING EQX INSIDER
[2025-12-28 09:41:39.833772] FETCHING ESAB INSIDER
[2025-12-28 09:41:40.391374] FETCHING ET INSIDER
[2025-12-28 09:41:40.806846] FETCHING ETN INSIDER
[2025-12-28 09:41:41.721617] FETCHING ETR INSIDER
[2025-12-28 09:41:42.641144] FETCHING ETS INSIDER
[2025-12-28 09:41:42.806951] FETCHING EW INSIDER
[2025-12-28 09:41:43.979325] FETCHING EXC INSIDER
[2025-12-28 09:41:45.207708] FETCHING EXPE INSIDER
[2025-12-28 09:41:46.018343] FETCHING EXPN INSIDER
[2025-12-28 09:41:46.182393] FETCHING F INSIDER
[2025-12-28 09:41:47.141090] FETCHING FANG INSIDER
[2025-12-28 09:41:47.800265] FETCHING FCF INSIDER
[2025-12-28 09:41:48.454421] FETCHING FCX INSIDER
[2025-12-28 09:41:49.291281] FETCHING FDX INSIDER
[2025-12-28 09:41:49.942843] FETCHING FE INSIDER
[2025-12-28 09:41:50.373100] FETCHING FERG INSIDER
[2025-12-28 09:41:50.543940] FETCHING FICO INSIDER
[2025-12-28 09:41:51.835790] FETCHING FIS INSIDER
[2025-12-28 09:41:52.895540] FETCHING FISV INSIDER
[2025-12-28 09:41:53.660042] FETCHING FITB INSIDER
[2025-12-28 09:41:54.485086] FETCHING FIX INSIDER
[2025-12-28 09:41:54.777853] FETCHING FLS INSIDER
[2025-12-28 09:41:55.612845] FETCHING FLUT INSIDER
[2025-12-28 09:41:55.781000] FETCHING FNTN INSIDER
[2025-12-28 09:41:56.532492] FETCHING FOX INSIDER
[2025-12-28 09:41:57.750577] FETCHING FSLR INSIDER
[2025-12-28 09:41:58.893904] FETCHING FSS INSIDER
[2025-12-28 09:41:59.538263] FETCHING FTNT INSIDER
[2025-12-28 09:42:00.425715] FETCHING FYBR INSIDER
[2025-12-28 09:42:01.115603] FETCHING GD INSIDER
[2025-12-28 09:42:01.568337] FETCHING GE INSIDER
[2025-12-28 09:42:02.403822] FETCHING GEV INSIDER
[2025-12-28 09:42:02.586229] FETCHING GH INSIDER
[2025-12-28 09:42:03.359436] FETCHING GILD INSIDER
[2025-12-28 09:42:04.767515] FETCHING GLEN INSIDER
[2025-12-28 09:42:04.924506] FETCHING GLW INSIDER
[2025-12-28 09:42:06.008731] FETCHING GM INSIDER
[2025-12-28 09:42:06.849519] FETCHING GOGO INSIDER
[2025-12-28 09:42:07.176052] FETCHING GOOG INSIDER
[2025-12-28 09:42:08.633672] FETCHING GPOR INSIDER
[2025-12-28 09:42:09.179214] FETCHING GRMN INSIDER
[2025-12-28 09:42:10.080906] FETCHING GRNT INSIDER
[2025-12-28 09:42:10.448991] FETCHING GS INSIDER
[2025-12-28 09:42:11.325600] FETCHING GSK INSIDER
[2025-12-28 09:42:11.708772] FETCHING GTLS INSIDER
[2025-12-28 09:42:12.399142] FETCHING GWW INSIDER
[2025-12-28 09:42:13.376478] FETCHING HCA INSIDER
[2025-12-28 09:42:14.194805] FETCHING HCC INSIDER
[2025-12-28 09:42:14.537965] FETCHING HD INSIDER
[2025-12-28 09:42:14.962724] FETCHING HEI INSIDER
[2025-12-28 09:42:15.615876] FETCHING HIG INSIDER
[2025-12-28 09:42:16.179785] FETCHING HIMS INSIDER
[2025-12-28 09:42:16.970327] FETCHING HIMX INSIDER
[2025-12-28 09:42:17.129492] FETCHING HON INSIDER
[2025-12-28 09:42:17.964789] FETCHING HOOD INSIDER
[2025-12-28 09:42:18.787583] FETCHING HPQ INSIDER
[2025-12-28 09:42:19.567415] FETCHING HSBA INSIDER
[2025-12-28 09:42:19.720138] FETCHING HSY INSIDER
[2025-12-28 09:42:20.188661] FETCHING HTO INSIDER
[2025-12-28 09:42:20.366018] FETCHING HUBB INSIDER
[2025-12-28 09:42:21.889635] FETCHING HUM INSIDER
[2025-12-28 09:42:22.742856] FETCHING IBKR INSIDER
[2025-12-28 09:42:23.593405] FETCHING IBM INSIDER
[2025-12-28 09:42:24.694234] FETCHING ICE INSIDER
[2025-12-28 09:42:25.375612] FETCHING IDXX INSIDER
[2025-12-28 09:42:26.327061] FETCHING IMB INSIDER
[2025-12-28 09:42:26.501793] FETCHING IMTX INSIDER
[2025-12-28 09:42:27.320210] FETCHING INSM INSIDER
[2025-12-28 09:42:34.098252] FETCHING INTC INSIDER
[2025-12-28 09:42:35.702038] FETCHING INTU INSIDER
[2025-12-28 09:42:36.811143] FETCHING IQV INSIDER
[2025-12-28 09:42:37.492847] FETCHING IR INSIDER
[2025-12-28 09:42:38.130260] FETCHING IRDM INSIDER
[2025-12-28 09:42:38.935597] FETCHING ISRG INSIDER
[2025-12-28 09:42:40.153055] FETCHING IT INSIDER
[2025-12-28 09:42:41.157051] FETCHING ITW INSIDER
[2025-12-28 09:42:41.966617] FETCHING JCI INSIDER
[2025-12-28 09:42:42.778685] FETCHING JD INSIDER
[2025-12-28 09:42:42.950459] FETCHING JNJ INSIDER
[2025-12-28 09:42:43.541016] FETCHING JPM INSIDER
[2025-12-28 09:42:44.031248] FETCHING KEY INSIDER
[2025-12-28 09:42:44.928143] FETCHING KEYS INSIDER
[2025-12-28 09:42:45.582265] FETCHING KHC INSIDER
[2025-12-28 09:42:46.115245] FETCHING KKR INSIDER
[2025-12-28 09:42:46.744136] FETCHING KLAC INSIDER
[2025-12-28 09:42:47.113083] FETCHING KMB INSIDER
[2025-12-28 09:42:48.066873] FETCHING KMI INSIDER
[2025-12-28 09:42:48.684241] FETCHING KO INSIDER
[2025-12-28 09:42:49.489851] FETCHING KR INSIDER
[2025-12-28 09:42:50.354136] FETCHING KVUE INSIDER
[2025-12-28 09:42:50.523155] FETCHING KVYO INSIDER
[2025-12-28 09:42:50.688997] FETCHING LASER INSIDER
[2025-12-28 09:42:51.458959] FETCHING LECO INSIDER
[2025-12-28 09:42:52.804713] FETCHING LEG INSIDER
[2025-12-28 09:42:53.870888] FETCHING LEN INSIDER
[2025-12-28 09:42:54.547979] FETCHING LGIH INSIDER
[2025-12-28 09:42:55.093340] FETCHING LHX INSIDER
[2025-12-28 09:42:56.069434] FETCHING LII INSIDER
[2025-12-28 09:42:57.186358] FETCHING LIN INSIDER
[2025-12-28 09:42:57.778109] FETCHING LINK INSIDER
[2025-12-28 09:42:58.167940] FETCHING LITE INSIDER
[2025-12-28 09:42:58.864820] FETCHING LKFN INSIDER
[2025-12-28 09:42:59.836280] FETCHING LLOY INSIDER
[2025-12-28 09:42:59.989746] FETCHING LLY INSIDER
[2025-12-28 09:43:01.795106] FETCHING LMT INSIDER
[2025-12-28 09:43:02.770092] FETCHING LNG INSIDER
[2025-12-28 09:43:03.536917] FETCHING LOW INSIDER
[2025-12-28 09:43:04.363403] FETCHING LRCX INSIDER
[2025-12-28 09:43:04.773125] FETCHING LSEG INSIDER
[2025-12-28 09:43:04.948086] FETCHING LVSL INSIDER
[2025-12-28 09:43:05.113486] FETCHING LYV INSIDER
[2025-12-28 09:43:05.768616] FETCHING M INSIDER
[2025-12-28 09:43:06.923132] FETCHING MA INSIDER
[2025-12-28 09:43:07.886712] FETCHING MAR INSIDER
[2025-12-28 09:43:08.739738] FETCHING MBIN INSIDER
[2025-12-28 09:43:09.218561] FETCHING MCD INSIDER
[2025-12-28 09:43:10.069208] FETCHING MCK INSIDER
[2025-12-28 09:43:10.998689] FETCHING MCPH INSIDER
[2025-12-28 09:43:11.162194] FETCHING MDB INSIDER
[2025-12-28 09:43:12.286350] FETCHING MDLZ INSIDER
[2025-12-28 09:43:12.996451] FETCHING MDT INSIDER
[2025-12-28 09:43:13.653703] FETCHING MELI INSIDER
[2025-12-28 09:43:14.118582] FETCHING MET INSIDER
[2025-12-28 09:43:15.118900] FETCHING META INSIDER
[2025-12-28 09:43:17.064918] FETCHING METC INSIDER
[2025-12-28 09:43:17.646085] FETCHING MGEE INSIDER
[2025-12-28 09:43:18.188364] FETCHING MMM INSIDER
[2025-12-28 09:43:19.286602] FETCHING MNST INSIDER
[2025-12-28 09:43:19.913538] FETCHING MO INSIDER
[2025-12-28 09:43:20.630341] FETCHING MORN INSIDER
[2025-12-28 09:43:21.384035] FETCHING MPC INSIDER
[2025-12-28 09:43:22.052677] FETCHING MPLX INSIDER
[2025-12-28 09:43:22.550460] FETCHING MPWR INSIDER
[2025-12-28 09:43:23.522620] FETCHING MRK INSIDER
[2025-12-28 09:43:23.917806] FETCHING MRVL INSIDER
[2025-12-28 09:43:24.596969] FETCHING MS INSIDER
[2025-12-28 09:43:25.104509] FETCHING MSCI INSIDER
[2025-12-28 09:43:25.405932] FETCHING MSEX INSIDER
[2025-12-28 09:43:25.916983] FETCHING MSFT INSIDER
[2025-12-28 09:43:26.555510] FETCHING MSI INSIDER
[2025-12-28 09:43:27.156545] FETCHING MTD INSIDER
[2025-12-28 09:43:28.024019] FETCHING MU INSIDER
[2025-12-28 09:43:28.935197] FETCHING NDAQ INSIDER
[2025-12-28 09:43:34.605786] FETCHING NEE INSIDER
[2025-12-28 09:43:35.593749] FETCHING NEM INSIDER
[2025-12-28 09:43:36.637689] FETCHING NET INSIDER
[2025-12-28 09:43:37.900890] FETCHING NFLX INSIDER
[2025-12-28 09:43:38.953838] FETCHING NKE INSIDER
[2025-12-28 09:43:40.016983] FETCHING NOW INSIDER
[2025-12-28 09:43:40.874865] FETCHING NRG INSIDER
[2025-12-28 09:43:41.653457] FETCHING NSC INSIDER
[2025-12-28 09:43:42.521338] FETCHING NTES INSIDER
[2025-12-28 09:43:42.684499] FETCHING NTRAC INSIDER
[2025-12-28 09:43:43.052157] FETCHING NU INSIDER
[2025-12-28 09:43:43.218113] FETCHING NUE INSIDER
[2025-12-28 09:43:44.330172] FETCHING NVDA INSIDER
[2025-12-28 09:43:45.374415] FETCHING NVMI INSIDER
[2025-12-28 09:43:45.549915] FETCHING NVTK INSIDER
[2025-12-28 09:43:45.886704] FETCHING NWE INSIDER
[2025-12-28 09:43:46.780950] FETCHING NWN INSIDER
[2025-12-28 09:43:47.245354] FETCHING O INSIDER
[2025-12-28 09:43:47.819854] FETCHING ODFL INSIDER
[2025-12-28 09:43:48.852388] FETCHING OKE INSIDER
[2025-12-28 09:43:49.723365] FETCHING OLVI INSIDER
[2025-12-28 09:43:49.885078] FETCHING OMC INSIDER
[2025-12-28 09:43:51.122389] FETCHING OPL INSIDER
[2025-12-28 09:43:51.292887] FETCHING ORCL INSIDER
[2025-12-28 09:43:52.017180] FETCHING ORLY INSIDER
[2025-12-28 09:43:53.093069] FETCHING OTIS INSIDER
[2025-12-28 09:43:53.653907] FETCHING OXY INSIDER
[2025-12-28 09:43:54.746093] FETCHING PANW INSIDER
[2025-12-28 09:43:55.564371] FETCHING PARR INSIDER
[2025-12-28 09:43:56.248103] FETCHING PAYX INSIDER
[2025-12-28 09:43:56.909585] FETCHING PCAR INSIDER
[2025-12-28 09:43:57.973817] FETCHING PCTY INSIDER
[2025-12-28 09:43:59.030196] FETCHING PDD INSIDER
[2025-12-28 09:43:59.209688] FETCHING PDFS INSIDER
[2025-12-28 09:44:00.131083] FETCHING PEG INSIDER
[2025-12-28 09:44:00.956283] FETCHING PEP INSIDER
[2025-12-28 09:44:02.093821] FETCHING PFE INSIDER
[2025-12-28 09:44:02.950798] FETCHING PG INSIDER
[2025-12-28 09:44:03.619166] FETCHING PGR INSIDER
[2025-12-28 09:44:04.450622] FETCHING PH INSIDER
[2025-12-28 09:44:05.382238] FETCHING PHVS INSIDER
[2025-12-28 09:44:05.549460] FETCHING PL INSIDER
[2025-12-28 09:44:05.923033] FETCHING PLAB INSIDER
[2025-12-28 09:44:06.281293] FETCHING PLD INSIDER
[2025-12-28 09:44:07.215094] FETCHING PLTR INSIDER
[2025-12-28 09:44:07.902299] FETCHING PM INSIDER
[2025-12-28 09:44:08.573239] FETCHING PNC INSIDER
[2025-12-28 09:44:09.895882] FETCHING PODD INSIDER
[2025-12-28 09:44:10.573171] FETCHING POOL INSIDER
[2025-12-28 09:44:11.307719] FETCHING POR INSIDER
[2025-12-28 09:44:11.960616] FETCHING PRU INSIDER
[2025-12-28 09:44:12.944922] FETCHING PSA INSIDER
[2025-12-28 09:44:13.635227] FETCHING PSX INSIDER
[2025-12-28 09:44:14.248752] FETCHING PWR INSIDER
[2025-12-28 09:44:15.043128] FETCHING PYPL INSIDER
[2025-12-28 09:44:15.429424] FETCHING QBTS INSIDER
[2025-12-28 09:44:15.898537] FETCHING QCOM INSIDER
[2025-12-28 09:44:18.244140] FETCHING QCRH INSIDER
[2025-12-28 09:44:18.928053] FETCHING QGEN INSIDER
[2025-12-28 09:44:19.101314] FETCHING QSR INSIDER
[2025-12-28 09:44:20.231125] FETCHING RASP INSIDER
[2025-12-28 09:44:20.401342] FETCHING RBLIX INSIDER
[2025-12-28 09:44:20.904737] FETCHING RBRK INSIDER
[2025-12-28 09:44:21.652334] FETCHING RCI INSIDER
[2025-12-28 09:44:22.323229] FETCHING RCL INSIDER
[2025-12-28 09:44:23.443157] FETCHING RDDT INSIDER
[2025-12-28 09:44:23.783284] FETCHING RDW INSIDER
[2025-12-28 09:44:24.385400] FETCHING REGN INSIDER
[2025-12-28 09:44:25.851698] FETCHING REL INSIDER
[2025-12-28 09:44:26.009874] FETCHING RELL INSIDER
[2025-12-28 09:44:26.225254] FETCHING RIO INSIDER
[2025-12-28 09:44:26.444142] FETCHING RKLB INSIDER
[2025-12-28 09:44:27.040261] FETCHING RKT INSIDER
[2025-12-28 09:44:27.834700] FETCHING RMD INSIDER
[2025-12-28 09:44:28.583295] FETCHING ROK INSIDER
[2025-12-28 09:44:34.892183] FETCHING ROL INSIDER
[2025-12-28 09:44:35.448392] FETCHING ROP INSIDER
[2025-12-28 09:44:36.676558] FETCHING ROSN INSIDER
[2025-12-28 09:44:37.174433] FETCHING ROST INSIDER
[2025-12-28 09:44:38.615037] FETCHING RR. INSIDER
[2025-12-28 09:44:39.224666] FETCHING RRC INSIDER
[2025-12-28 09:44:40.823455] FETCHING RSG INSIDER
[2025-12-28 09:44:41.840327] FETCHING RTX INSIDER
[2025-12-28 09:44:42.698344] FETCHING RUS INSIDER
[2025-12-28 09:44:42.867209] FETCHING SAT INSIDER
[2025-12-28 09:44:43.273167] FETCHING SBUX INSIDER
[2025-12-28 09:44:44.002918] FETCHING SCCO INSIDER
[2025-12-28 09:44:44.551252] FETCHING SCHW INSIDER
[2025-12-28 09:44:45.609693] FETCHING SCMN INSIDER
[2025-12-28 09:44:45.777089] FETCHING SE INSIDER
[2025-12-28 09:44:45.961500] FETCHING SHEL INSIDER
[2025-12-28 09:44:46.466945] FETCHING SHOP INSIDER
[2025-12-28 09:44:47.064780] FETCHING SHW INSIDER
[2025-12-28 09:44:48.253358] FETCHING SLB INSIDER
[2025-12-28 09:44:49.087070] FETCHING SNDK INSIDER
[2025-12-28 09:44:49.267099] FETCHING SNDX INSIDER
[2025-12-28 09:44:50.134549] FETCHING SNOW INSIDER
[2025-12-28 09:44:51.270653] FETCHING SNPS INSIDER
[2025-12-28 09:44:52.228836] FETCHING SNX INSIDER
[2025-12-28 09:44:53.507794] FETCHING SO INSIDER
[2025-12-28 09:44:54.332877] FETCHING SOC INSIDER
[2025-12-28 09:44:54.489605] FETCHING SOFI INSIDER
[2025-12-28 09:44:55.040792] FETCHING SPG INSIDER
[2025-12-28 09:44:55.500356] FETCHING SPGI INSIDER
[2025-12-28 09:44:56.403836] FETCHING SPOT INSIDER
[2025-12-28 09:44:56.578243] FETCHING SRAD INSIDER
[2025-12-28 09:44:57.573781] FETCHING SRE INSIDER
[2025-12-28 09:44:58.720407] FETCHING SSB INSIDER
[2025-12-28 09:44:59.829540] FETCHING SSE INSIDER
[2025-12-28 09:45:00.013997] FETCHING STAN INSIDER
[2025-12-28 09:45:00.419240] FETCHING STOK INSIDER
[2025-12-28 09:45:01.550545] FETCHING STT INSIDER
[2025-12-28 09:45:03.025592] FETCHING SYBT INSIDER
[2025-12-28 09:45:03.826430] FETCHING SYK INSIDER
[2025-12-28 09:45:04.706994] FETCHING SYM INSIDER
[2025-12-28 09:45:04.970779] FETCHING SYY INSIDER
[2025-12-28 09:45:06.131920] FETCHING T INSIDER
[2025-12-28 09:45:06.982274] FETCHING TDG INSIDER
[2025-12-28 09:45:08.202077] FETCHING TEAM INSIDER
[2025-12-28 09:45:09.593532] FETCHING TEL INSIDER
[2025-12-28 09:45:10.459334] FETCHING TEL1L INSIDER
[2025-12-28 09:45:10.621406] FETCHING TER INSIDER
[2025-12-28 09:45:11.444665] FETCHING TFC INSIDER
[2025-12-28 09:45:12.206314] FETCHING TGT INSIDER
[2025-12-28 09:45:12.986382] FETCHING THC INSIDER
[2025-12-28 09:45:13.767463] FETCHING THO INSIDER
[2025-12-28 09:45:14.348732] FETCHING TJX INSIDER
[2025-12-28 09:45:14.842732] FETCHING TKA INSIDER
[2025-12-28 09:45:15.012834] FETCHING TKO INSIDER
[2025-12-28 09:45:15.183575] FETCHING TKR INSIDER
[2025-12-28 09:45:15.990632] FETCHING TMO INSIDER
[2025-12-28 09:45:17.007252] FETCHING TMUS INSIDER
[2025-12-28 09:45:18.233922] FETCHING TRGP INSIDER
[2025-12-28 09:45:18.627994] FETCHING TRV INSIDER
[2025-12-28 09:45:20.149020] FETCHING TSC INSIDER
[2025-12-28 09:45:20.332167] FETCHING TSCO INSIDER
[2025-12-28 09:45:21.004180] FETCHING TSLA INSIDER
[2025-12-28 09:45:21.508403] FETCHING TT INSIDER
[2025-12-28 09:45:22.328479] FETCHING TTWO INSIDER
[2025-12-28 09:45:22.836458] FETCHING TUYA INSIDER
[2025-12-28 09:45:23.017400] FETCHING TXN INSIDER
[2025-12-28 09:45:24.694636] FETCHING UAL INSIDER
[2025-12-28 09:45:25.500018] FETCHING UBER INSIDER
[2025-12-28 09:45:26.359778] FETCHING UHS INSIDER
[2025-12-28 09:45:26.770961] FETCHING UI INSIDER
[2025-12-28 09:45:27.262016] FETCHING ULVR INSIDER
[2025-12-28 09:45:27.435496] FETCHING UMBF INSIDER
[2025-12-28 09:45:28.569844] FETCHING UNH INSIDER
[2025-12-28 09:45:29.418945] FETCHING UNP INSIDER
[2025-12-28 09:45:30.044146] FETCHING UPS INSIDER
[2025-12-28 09:45:35.075277] FETCHING URI INSIDER
[2025-12-28 09:45:35.975848] FETCHING USB INSIDER
[2025-12-28 09:45:36.968695] FETCHING UTL INSIDER
[2025-12-28 09:45:37.757437] FETCHING UVV INSIDER
[2025-12-28 09:45:38.824855] FETCHING V INSIDER
[2025-12-28 09:45:39.913195] FETCHING VECO INSIDER
[2025-12-28 09:45:40.910381] FETCHING VEEV INSIDER
[2025-12-28 09:45:42.077015] FETCHING VFS INSIDER
[2025-12-28 09:45:42.243910] FETCHING VICI INSIDER
[2025-12-28 09:45:43.256494] FETCHING VIK INSIDER
[2025-12-28 09:45:43.422575] FETCHING VLO INSIDER
[2025-12-28 09:45:44.218869] FETCHING VMC INSIDER
[2025-12-28 09:45:44.994680] FETCHING VOD INSIDER
[2025-12-28 09:45:45.159103] FETCHING VRSK INSIDER
[2025-12-28 09:45:46.503409] FETCHING VRT INSIDER
[2025-12-28 09:45:46.741077] FETCHING VRTX INSIDER
[2025-12-28 09:45:47.847138] FETCHING VST INSIDER
[2025-12-28 09:45:48.406296] FETCHING VTR INSIDER
[2025-12-28 09:45:49.440093] FETCHING VZ INSIDER
[2025-12-28 09:45:50.237648] FETCHING WAB INSIDER
[2025-12-28 09:45:51.018595] FETCHING WBD INSIDER
[2025-12-28 09:45:51.808690] FETCHING WCP INSIDER
[2025-12-28 09:45:51.979968] FETCHING WDAY INSIDER
[2025-12-28 09:45:52.771594] FETCHING WDC INSIDER
[2025-12-28 09:45:53.751243] FETCHING WEC INSIDER
[2025-12-28 09:45:54.362623] FETCHING WELL INSIDER
[2025-12-28 09:45:55.119782] FETCHING WFC INSIDER
[2025-12-28 09:45:55.679214] FETCHING WGO INSIDER
[2025-12-28 09:45:56.543620] FETCHING WM INSIDER
[2025-12-28 09:45:57.401825] FETCHING WMB INSIDER
[2025-12-28 09:45:57.987513] FETCHING WMK INSIDER
[2025-12-28 09:45:58.291827] FETCHING WMT INSIDER
[2025-12-28 09:45:59.144516] FETCHING WSO INSIDER
[2025-12-28 09:45:59.707426] FETCHING WSTL INSIDER
[2025-12-28 09:46:00.096888] FETCHING WTW INSIDER
[2025-12-28 09:46:01.353744] FETCHING XEL INSIDER
[2025-12-28 09:46:02.149470] FETCHING XIFR INSIDER
[2025-12-28 09:46:02.476212] FETCHING XOM INSIDER
[2025-12-28 09:46:03.960183] FETCHING XYL INSIDER
[2025-12-28 09:46:04.617394] FETCHING YELP INSIDER
[2025-12-28 09:46:05.642539] FETCHING YUM INSIDER
[2025-12-28 09:46:06.857853] FETCHING ZS INSIDER
[2025-12-28 09:46:07.393584] FETCHING ZTS INSIDER
[2025-12-28 09:46:07.878551] SESSION COMPLETED
[2025-12-28 09:46:07.881825]   Exit code: 1
[2025-12-28 09:46:07.884661]   End time: 2025-12-28 09:46:07.878549
[2025-12-28 09:46:07.887666]   Duration: 0:06:34.530473
[2025-12-28 09:46:07.925281] METADATA: Saved to raw_data\metadata.json
