DATA QUALITY REPORT
==================================================

[i] ABTC: No Data
    No insider transactions found

[i] ALAB: No Data
    No insider transactions found

[i] ARM: No Data
    No insider transactions found

[i] AU: No Data
    No insider transactions found

[i] AZN: No Data
    No insider transactions found

[i] AZUL: No Data
    No insider transactions found

[i] BABA: No Data
    No insider transactions found

[i] BARC: No Data
    No insider transactions found

[i] BATS: No Data
    No insider transactions found

[i] BN: No Data
    No insider transactions found

[i] BP: No Data
    No insider transactions found

[i] BRK.A: No Data
    No insider transactions found

[i] BT.A: No Data
    No insider transactions found

[i] CCEP: No Data
    No insider transactions found

[i] CNH: No Data
    No insider transactions found

[i] COR: No Data
    No insider transactions found

[i] CPAY: No Data
    No insider transactions found

[i] CPG: No Data
    No insider transactions found

[i] CURY: No Data
    No insider transactions found

[i] DGE: No Data
    No insider transactions found

[i] ELTEK: No Data
    No insider transactions found

[i] EQX: No Data
    No insider transactions found

[i] ETS: No Data
    No insider transactions found

[i] EXPN: No Data
    No insider transactions found

[i] FERG: No Data
    No insider transactions found

[i] FLUT: No Data
    No insider transactions found

[i] FNTN: No Data
    No insider transactions found

[i] GEV: No Data
    No insider transactions found

[i] GLEN: No Data
    No insider transactions found

[i] HIMX: No Data
    No insider transactions found

[i] HSBA: No Data
    No insider transactions found

[i] HTO: No Data
    No insider transactions found

[i] IMB: No Data
    No insider transactions found

[i] IMTX: No Data
    No insider transactions found

[i] JD: No Data
    No insider transactions found

[i] KVUE: No Data
    No insider transactions found

[i] KVYO: No Data
    No insider transactions found

[i] LASER: No Data
    No insider transactions found

[i] LLOY: No Data
    No insider transactions found

[i] LSEG: No Data
    No insider transactions found

[i] LVSL: No Data
    No insider transactions found

[i] MCPH: No Data
    No insider transactions found

[i] NTES: No Data
    No insider transactions found

[i] NTRAC: No Data
    No insider transactions found

[i] NU: No Data
    No insider transactions found

[i] NVMI: No Data
    No insider transactions found

[i] NVTK: No Data
    No insider transactions found

[i] OLVI: No Data
    No insider transactions found

[i] OPL: No Data
    No insider transactions found

[i] PDD: No Data
    No insider transactions found

[i] PHVS: No Data
    No insider transactions found

[i] QGEN: No Data
    No insider transactions found

[i] RASP: No Data
    No insider transactions found

[i] RBLIX: No Data
    No insider transactions found

[i] RBRK: No Data
    No insider transactions found

[i] RCI: No Data
    No insider transactions found

[i] RDDT: No Data
    No insider transactions found

[i] REL: No Data
    No insider transactions found

[i] RIO: No Data
    No insider transactions found

[i] ROSN: No Data
    No insider transactions found

[i] RR.: No Data
    No insider transactions found

[i] RUS: No Data
    No insider transactions found

[i] SCMN: No Data
    No insider transactions found

[i] SE: No Data
    No insider transactions found

[i] SHEL: No Data
    No insider transactions found

[i] SHOP: No Data
    No insider transactions found

[i] SNDK: No Data
    No insider transactions found

[i] SOC: No Data
    No insider transactions found

[i] SPOT: No Data
    No insider transactions found

[i] SRAD: No Data
    No insider transactions found

[i] SSE: No Data
    No insider transactions found

[i] STAN: No Data
    No insider transactions found

[i] TEL1L: No Data
    No insider transactions found

[i] TKA: No Data
    No insider transactions found

[i] TKO: No Data
    No insider transactions found

[i] TSC: No Data
    No insider transactions found

[i] TUYA: No Data
    No insider transactions found

[i] ULVR: No Data
    No insider transactions found

[i] VFS: No Data
    No insider transactions found

[i] VIK: No Data
    No insider transactions found

[i] VOD: No Data
    No insider transactions found

[i] WCP: No Data
    No insider transactions found

[i] WSTL: No Data
    No insider transactions found

[i] XIFR: No Data
    No insider transactions found

